<?xml version="1.0" encoding="UTF-8"?>
<coverage generated="1764254662895" clover="3.2.0">
  <project timestamp="1764254662895" name="All files">
    <metrics statements="1185" coveredstatements="715" conditionals="881" coveredconditionals="418" methods="283" coveredmethods="122" elements="2349" coveredelements="1255" complexity="0" loc="1185" ncloc="1185" packages="2" files="7" classes="7"/>
    <package name="screens">
      <metrics statements="949" coveredstatements="480" conditionals="718" coveredconditionals="262" methods="253" coveredmethods="92"/>
      <file name="CrushDetailScreen.js" path="/home/torof/crush life/src/screens/CrushDetailScreen.js">
        <metrics statements="358" coveredstatements="193" conditionals="242" coveredconditionals="128" methods="91" coveredmethods="36"/>
        <line num="26" count="1" type="stmt"/>
        <line num="27" count="1" type="stmt"/>
        <line num="28" count="1" type="stmt"/>
        <line num="29" count="1" type="stmt"/>
        <line num="32" count="160" type="stmt"/>
        <line num="35" count="160" type="stmt"/>
        <line num="40" count="160" type="stmt"/>
        <line num="41" count="160" type="stmt"/>
        <line num="42" count="160" type="stmt"/>
        <line num="43" count="160" type="stmt"/>
        <line num="44" count="160" type="stmt"/>
        <line num="45" count="160" type="stmt"/>
        <line num="46" count="160" type="stmt"/>
        <line num="47" count="160" type="stmt"/>
        <line num="48" count="160" type="stmt"/>
        <line num="49" count="160" type="stmt"/>
        <line num="50" count="160" type="stmt"/>
        <line num="51" count="160" type="stmt"/>
        <line num="52" count="160" type="stmt"/>
        <line num="53" count="160" type="stmt"/>
        <line num="54" count="160" type="stmt"/>
        <line num="55" count="160" type="stmt"/>
        <line num="56" count="160" type="stmt"/>
        <line num="59" count="160" type="stmt"/>
        <line num="60" count="160" type="stmt"/>
        <line num="61" count="160" type="stmt"/>
        <line num="64" count="160" type="stmt"/>
        <line num="67" count="160" type="stmt"/>
        <line num="70" count="160" type="stmt"/>
        <line num="71" count="160" type="stmt"/>
        <line num="74" count="160" type="stmt"/>
        <line num="75" count="160" type="stmt"/>
        <line num="76" count="160" type="stmt"/>
        <line num="79" count="160" type="stmt"/>
        <line num="82" count="160" type="cond" truecount="2" falsecount="0"/>
        <line num="83" count="160" type="stmt"/>
        <line num="86" count="160" type="stmt"/>
        <line num="87" count="160" type="stmt"/>
        <line num="88" count="160" type="stmt"/>
        <line num="89" count="160" type="stmt"/>
        <line num="90" count="160" type="stmt"/>
        <line num="92" count="160" type="stmt"/>
        <line num="93" count="67" type="stmt"/>
        <line num="94" count="67" type="stmt"/>
        <line num="98" count="160" type="stmt"/>
        <line num="100" count="0" type="stmt"/>
        <line num="104" count="160" type="stmt"/>
        <line num="106" count="67" type="cond" truecount="2" falsecount="0"/>
        <line num="107" count="66" type="stmt"/>
        <line num="108" count="66" type="stmt"/>
        <line num="110" count="67" type="stmt"/>
        <line num="111" count="67" type="stmt"/>
        <line num="112" count="67" type="stmt"/>
        <line num="113" count="67" type="stmt"/>
        <line num="114" count="67" type="stmt"/>
        <line num="115" count="67" type="stmt"/>
        <line num="116" count="67" type="stmt"/>
        <line num="117" count="67" type="stmt"/>
        <line num="118" count="67" type="stmt"/>
        <line num="119" count="67" type="stmt"/>
        <line num="123" count="160" type="stmt"/>
        <line num="124" count="135" type="cond" truecount="4" falsecount="0"/>
        <line num="126" count="1" type="stmt"/>
        <line num="142" count="134" type="stmt"/>
        <line num="147" count="160" type="stmt"/>
        <line num="148" count="136" type="stmt"/>
        <line num="149" count="136" type="cond" truecount="4" falsecount="0"/>
        <line num="150" count="64" type="stmt"/>
        <line num="152" count="0" type="stmt"/>
        <line num="153" count="0" type="stmt"/>
        <line num="174" count="0" type="stmt"/>
        <line num="176" count="0" type="stmt"/>
        <line num="181" count="0" type="stmt"/>
        <line num="188" count="72" type="cond" truecount="2" falsecount="0"/>
        <line num="189" count="5" type="stmt"/>
        <line num="191" count="0" type="stmt"/>
        <line num="213" count="160" type="stmt"/>
        <line num="214" count="67" type="stmt"/>
        <line num="215" count="67" type="stmt"/>
        <line num="216" count="67" type="cond" truecount="2" falsecount="0"/>
        <line num="217" count="66" type="stmt"/>
        <line num="221" count="160" type="cond" truecount="1" falsecount="0"/>
        <line num="222" count="4" type="stmt"/>
        <line num="223" count="4" type="stmt"/>
        <line num="224" count="4" type="cond" truecount="1" falsecount="1"/>
        <line num="226" count="4" type="stmt"/>
        <line num="227" count="3" type="stmt"/>
        <line num="230" count="3" type="cond" truecount="1" falsecount="1"/>
        <line num="231" count="0" type="stmt"/>
        <line num="232" count="0" type="stmt"/>
        <line num="239" count="0" type="stmt"/>
        <line num="246" count="0" type="cond" truecount="0" falsecount="2"/>
        <line num="248" count="0" type="stmt"/>
        <line num="249" count="0" type="stmt"/>
        <line num="250" count="0" type="stmt"/>
        <line num="253" count="0" type="stmt"/>
        <line num="254" count="0" type="stmt"/>
        <line num="259" count="160" type="stmt"/>
        <line num="260" count="3" type="stmt"/>
        <line num="261" count="3" type="stmt"/>
        <line num="263" count="3" type="cond" truecount="1" falsecount="1"/>
        <line num="264" count="0" type="stmt"/>
        <line num="265" count="0" type="stmt"/>
        <line num="268" count="3" type="stmt"/>
        <line num="269" count="3" type="stmt"/>
        <line num="276" count="3" type="stmt"/>
        <line num="278" count="3" type="cond" truecount="2" falsecount="0"/>
        <line num="279" count="2" type="stmt"/>
        <line num="280" count="2" type="stmt"/>
        <line num="282" count="1" type="stmt"/>
        <line num="283" count="1" type="stmt"/>
        <line num="284" count="1" type="stmt"/>
        <line num="287" count="1" type="stmt"/>
        <line num="288" count="1" type="cond" truecount="1" falsecount="1"/>
        <line num="289" count="0" type="stmt"/>
        <line num="293" count="1" type="stmt"/>
        <line num="295" count="1" type="stmt"/>
        <line num="298" count="2" type="stmt"/>
        <line num="299" count="2" type="stmt"/>
        <line num="300" count="2" type="stmt"/>
        <line num="302" count="1" type="stmt"/>
        <line num="306" count="160" type="stmt"/>
        <line num="307" count="2" type="stmt"/>
        <line num="316" count="1" type="stmt"/>
        <line num="318" count="1" type="cond" truecount="1" falsecount="1"/>
        <line num="319" count="0" type="stmt"/>
        <line num="321" count="1" type="stmt"/>
        <line num="323" count="1" type="stmt"/>
        <line num="326" count="1" type="stmt"/>
        <line num="333" count="160" type="stmt"/>
        <line num="334" count="8" type="cond" truecount="1" falsecount="1"/>
        <line num="335" count="0" type="stmt"/>
        <line num="336" count="0" type="stmt"/>
        <line num="338" count="8" type="stmt"/>
        <line num="339" count="8" type="stmt"/>
        <line num="342" count="160" type="stmt"/>
        <line num="343" count="3" type="stmt"/>
        <line num="344" count="3" type="stmt"/>
        <line num="345" count="3" type="stmt"/>
        <line num="346" count="3" type="stmt"/>
        <line num="349" count="160" type="stmt"/>
        <line num="350" count="0" type="cond" truecount="0" falsecount="3"/>
        <line num="351" count="0" type="cond" truecount="0" falsecount="2"/>
        <line num="352" count="0" type="stmt"/>
        <line num="355" count="160" type="stmt"/>
        <line num="356" count="0" type="stmt"/>
        <line num="357" count="0" type="stmt"/>
        <line num="359" count="0" type="cond" truecount="0" falsecount="2"/>
        <line num="360" count="0" type="stmt"/>
        <line num="361" count="0" type="stmt"/>
        <line num="364" count="0" type="stmt"/>
        <line num="365" count="0" type="stmt"/>
        <line num="367" count="0" type="cond" truecount="0" falsecount="2"/>
        <line num="368" count="0" type="stmt"/>
        <line num="369" count="0" type="cond" truecount="0" falsecount="2"/>
        <line num="373" count="0" type="cond" truecount="0" falsecount="2"/>
        <line num="374" count="0" type="stmt"/>
        <line num="375" count="0" type="cond" truecount="0" falsecount="2"/>
        <line num="381" count="0" type="stmt"/>
        <line num="382" count="0" type="stmt"/>
        <line num="387" count="0" type="stmt"/>
        <line num="389" count="0" type="stmt"/>
        <line num="393" count="160" type="stmt"/>
        <line num="394" count="0" type="stmt"/>
        <line num="395" count="0" type="stmt"/>
        <line num="396" count="0" type="stmt"/>
        <line num="399" count="160" type="stmt"/>
        <line num="400" count="6" type="cond" truecount="1" falsecount="1"/>
        <line num="401" count="6" type="stmt"/>
        <line num="404" count="160" type="stmt"/>
        <line num="405" count="0" type="stmt"/>
        <line num="406" count="0" type="stmt"/>
        <line num="407" count="0" type="stmt"/>
        <line num="411" count="0" type="stmt"/>
        <line num="412" count="0" type="stmt"/>
        <line num="414" count="0" type="stmt"/>
        <line num="418" count="160" type="stmt"/>
        <line num="420" count="0" type="cond" truecount="0" falsecount="4"/>
        <line num="421" count="0" type="stmt"/>
        <line num="429" count="0" type="stmt"/>
        <line num="430" count="0" type="stmt"/>
        <line num="434" count="0" type="stmt"/>
        <line num="435" count="0" type="stmt"/>
        <line num="436" count="0" type="stmt"/>
        <line num="438" count="0" type="stmt"/>
        <line num="444" count="0" type="stmt"/>
        <line num="447" count="0" type="stmt"/>
        <line num="448" count="0" type="stmt"/>
        <line num="452" count="0" type="stmt"/>
        <line num="453" count="0" type="stmt"/>
        <line num="456" count="0" type="stmt"/>
        <line num="461" count="0" type="stmt"/>
        <line num="465" count="0" type="cond" truecount="0" falsecount="4"/>
        <line num="466" count="0" type="stmt"/>
        <line num="472" count="0" type="stmt"/>
        <line num="477" count="160" type="stmt"/>
        <line num="478" count="0" type="cond" truecount="0" falsecount="2"/>
        <line num="479" count="0" type="stmt"/>
        <line num="480" count="0" type="stmt"/>
        <line num="482" count="0" type="stmt"/>
        <line num="483" count="0" type="stmt"/>
        <line num="486" count="160" type="stmt"/>
        <line num="487" count="0" type="stmt"/>
        <line num="489" count="0" type="cond" truecount="0" falsecount="2"/>
        <line num="490" count="0" type="stmt"/>
        <line num="491" count="0" type="stmt"/>
        <line num="494" count="0" type="stmt"/>
        <line num="495" count="0" type="stmt"/>
        <line num="501" count="0" type="stmt"/>
        <line num="503" count="0" type="cond" truecount="0" falsecount="2"/>
        <line num="504" count="0" type="cond" truecount="0" falsecount="2"/>
        <line num="505" count="0" type="cond" truecount="0" falsecount="2"/>
        <line num="506" count="0" type="cond" truecount="0" falsecount="2"/>
        <line num="509" count="0" type="stmt"/>
        <line num="510" count="0" type="stmt"/>
        <line num="511" count="0" type="stmt"/>
        <line num="513" count="0" type="stmt"/>
        <line num="517" count="160" type="stmt"/>
        <line num="518" count="2" type="stmt"/>
        <line num="527" count="0" type="stmt"/>
        <line num="529" count="0" type="cond" truecount="0" falsecount="2"/>
        <line num="530" count="0" type="cond" truecount="0" falsecount="2"/>
        <line num="531" count="0" type="cond" truecount="0" falsecount="2"/>
        <line num="532" count="0" type="cond" truecount="0" falsecount="2"/>
        <line num="535" count="0" type="stmt"/>
        <line num="542" count="160" type="stmt"/>
        <line num="543" count="0" type="stmt"/>
        <line num="544" count="0" type="stmt"/>
        <line num="546" count="0" type="cond" truecount="0" falsecount="2"/>
        <line num="547" count="0" type="cond" truecount="0" falsecount="2"/>
        <line num="548" count="0" type="cond" truecount="0" falsecount="2"/>
        <line num="550" count="0" type="cond" truecount="0" falsecount="2"/>
        <line num="551" count="0" type="cond" truecount="0" falsecount="2"/>
        <line num="552" count="0" type="cond" truecount="0" falsecount="2"/>
        <line num="556" count="0" type="stmt"/>
        <line num="558" count="0" type="stmt"/>
        <line num="562" count="160" type="stmt"/>
        <line num="563" count="0" type="stmt"/>
        <line num="564" count="0" type="stmt"/>
        <line num="566" count="0" type="cond" truecount="0" falsecount="4"/>
        <line num="568" count="0" type="stmt"/>
        <line num="569" count="0" type="stmt"/>
        <line num="572" count="0" type="stmt"/>
        <line num="576" count="160" type="stmt"/>
        <line num="577" count="0" type="stmt"/>
        <line num="578" count="0" type="stmt"/>
        <line num="582" count="0" type="stmt"/>
        <line num="584" count="0" type="stmt"/>
        <line num="588" count="160" type="stmt"/>
        <line num="589" count="0" type="stmt"/>
        <line num="591" count="0" type="stmt"/>
        <line num="592" count="0" type="cond" truecount="0" falsecount="2"/>
        <line num="593" count="0" type="stmt"/>
        <line num="594" count="0" type="stmt"/>
        <line num="598" count="0" type="stmt"/>
        <line num="605" count="0" type="cond" truecount="0" falsecount="4"/>
        <line num="606" count="0" type="stmt"/>
        <line num="610" count="0" type="stmt"/>
        <line num="611" count="0" type="stmt"/>
        <line num="614" count="0" type="stmt"/>
        <line num="615" count="0" type="stmt"/>
        <line num="619" count="160" type="stmt"/>
        <line num="620" count="0" type="stmt"/>
        <line num="629" count="0" type="stmt"/>
        <line num="630" count="0" type="stmt"/>
        <line num="634" count="0" type="stmt"/>
        <line num="635" count="0" type="stmt"/>
        <line num="637" count="0" type="stmt"/>
        <line num="645" count="160" type="stmt"/>
        <line num="646" count="1" type="stmt"/>
        <line num="647" count="1" type="stmt"/>
        <line num="648" count="1" type="stmt"/>
        <line num="649" count="1" type="stmt"/>
        <line num="650" count="1" type="stmt"/>
        <line num="651" count="1" type="stmt"/>
        <line num="652" count="1" type="stmt"/>
        <line num="653" count="1" type="stmt"/>
        <line num="656" count="160" type="stmt"/>
        <line num="658" count="1" type="stmt"/>
        <line num="659" count="1" type="stmt"/>
        <line num="660" count="1" type="stmt"/>
        <line num="662" count="1" type="stmt"/>
        <line num="663" count="1" type="stmt"/>
        <line num="664" count="1" type="stmt"/>
        <line num="665" count="1" type="stmt"/>
        <line num="666" count="1" type="stmt"/>
        <line num="670" count="1" type="stmt"/>
        <line num="671" count="1" type="stmt"/>
        <line num="672" count="1" type="stmt"/>
        <line num="675" count="1" type="stmt"/>
        <line num="676" count="1" type="stmt"/>
        <line num="677" count="1" type="stmt"/>
        <line num="680" count="1" type="stmt"/>
        <line num="687" count="1" type="stmt"/>
        <line num="691" count="1" type="stmt"/>
        <line num="709" count="1" type="stmt"/>
        <line num="711" count="0" type="stmt"/>
        <line num="712" count="0" type="stmt"/>
        <line num="727" count="160" type="cond" truecount="2" falsecount="0"/>
        <line num="728" count="67" type="stmt"/>
        <line num="735" count="93" type="stmt"/>
        <line num="736" count="93" type="cond" truecount="2" falsecount="0"/>
        <line num="738" count="93" type="stmt"/>
        <line num="739" count="0" type="cond" truecount="0" falsecount="2"/>
        <line num="740" count="0" type="cond" truecount="0" falsecount="2"/>
        <line num="741" count="0" type="cond" truecount="0" falsecount="2"/>
        <line num="742" count="0" type="cond" truecount="0" falsecount="2"/>
        <line num="743" count="0" type="stmt"/>
        <line num="747" count="93" type="stmt"/>
        <line num="755" count="93" type="stmt"/>
        <line num="761" count="93" type="cond" truecount="3" falsecount="1"/>
        <line num="762" count="0" type="stmt"/>
        <line num="765" count="93" type="stmt"/>
        <line num="805" count="440" type="stmt"/>
        <line num="806" count="440" type="cond" truecount="4" falsecount="0"/>
        <line num="807" count="440" type="cond" truecount="2" falsecount="0"/>
        <line num="809" count="440" type="stmt"/>
        <line num="813" count="0" type="cond" truecount="0" falsecount="2"/>
        <line num="814" count="0" type="stmt"/>
        <line num="899" count="3" type="stmt"/>
        <line num="914" count="7" type="stmt"/>
        <line num="917" count="1" type="stmt"/>
        <line num="918" count="1" type="stmt"/>
        <line num="938" count="5" type="stmt"/>
        <line num="953" count="10" type="stmt"/>
        <line num="956" count="2" type="stmt"/>
        <line num="957" count="1" type="stmt"/>
        <line num="984" count="0" type="stmt"/>
        <line num="998" count="4" type="stmt"/>
        <line num="1001" count="0" type="stmt"/>
        <line num="1002" count="1" type="stmt"/>
        <line num="1024" count="0" type="stmt"/>
        <line num="1038" count="3" type="stmt"/>
        <line num="1041" count="0" type="stmt"/>
        <line num="1042" count="1" type="stmt"/>
        <line num="1061" count="0" type="stmt"/>
        <line num="1101" count="1" type="stmt"/>
        <line num="1102" count="1" type="stmt"/>
        <line num="1103" count="1" type="stmt"/>
        <line num="1130" count="0" type="stmt"/>
        <line num="1218" count="0" type="stmt"/>
        <line num="1232" count="0" type="stmt"/>
        <line num="1256" count="1" type="stmt"/>
        <line num="1278" count="0" type="stmt"/>
        <line num="1302" count="0" type="stmt"/>
        <line num="1303" count="0" type="stmt"/>
        <line num="1328" count="0" type="stmt"/>
        <line num="1339" count="0" type="stmt"/>
        <line num="1347" count="0" type="stmt"/>
        <line num="1355" count="0" type="stmt"/>
        <line num="1364" count="0" type="stmt"/>
        <line num="1373" count="0" type="stmt"/>
        <line num="1377" count="0" type="stmt"/>
        <line num="1378" count="0" type="stmt"/>
        <line num="1391" count="0" type="stmt"/>
        <line num="1404" count="0" type="stmt"/>
        <line num="1449" count="0" type="stmt"/>
        <line num="1460" count="1" type="stmt"/>
      </file>
      <file name="CrushListScreen.js" path="/home/torof/crush life/src/screens/CrushListScreen.js">
        <metrics statements="446" coveredstatements="143" conditionals="392" coveredconditionals="59" methods="127" coveredmethods="22"/>
        <line num="25" count="136" type="stmt"/>
        <line num="29" count="136" type="stmt"/>
        <line num="30" count="136" type="stmt"/>
        <line num="31" count="136" type="stmt"/>
        <line num="32" count="136" type="stmt"/>
        <line num="33" count="136" type="stmt"/>
        <line num="34" count="136" type="stmt"/>
        <line num="35" count="136" type="stmt"/>
        <line num="36" count="136" type="stmt"/>
        <line num="39" count="136" type="stmt"/>
        <line num="40" count="136" type="stmt"/>
        <line num="41" count="136" type="stmt"/>
        <line num="42" count="136" type="stmt"/>
        <line num="43" count="136" type="stmt"/>
        <line num="44" count="136" type="stmt"/>
        <line num="45" count="136" type="stmt"/>
        <line num="46" count="136" type="stmt"/>
        <line num="49" count="136" type="stmt"/>
        <line num="50" count="136" type="stmt"/>
        <line num="51" count="136" type="stmt"/>
        <line num="52" count="136" type="stmt"/>
        <line num="53" count="136" type="stmt"/>
        <line num="56" count="136" type="stmt"/>
        <line num="57" count="136" type="stmt"/>
        <line num="58" count="136" type="stmt"/>
        <line num="59" count="136" type="stmt"/>
        <line num="60" count="136" type="stmt"/>
        <line num="61" count="136" type="stmt"/>
        <line num="62" count="136" type="stmt"/>
        <line num="65" count="136" type="stmt"/>
        <line num="66" count="136" type="stmt"/>
        <line num="67" count="136" type="stmt"/>
        <line num="70" count="136" type="stmt"/>
        <line num="71" count="136" type="stmt"/>
        <line num="72" count="136" type="stmt"/>
        <line num="73" count="136" type="stmt"/>
        <line num="74" count="136" type="stmt"/>
        <line num="77" count="136" type="stmt"/>
        <line num="78" count="136" type="stmt"/>
        <line num="79" count="136" type="stmt"/>
        <line num="81" count="136" type="stmt"/>
        <line num="82" count="136" type="stmt"/>
        <line num="83" count="136" type="stmt"/>
        <line num="84" count="136" type="stmt"/>
        <line num="86" count="136" type="stmt"/>
        <line num="87" count="57" type="stmt"/>
        <line num="88" count="57" type="stmt"/>
        <line num="91" count="136" type="stmt"/>
        <line num="92" count="57" type="stmt"/>
        <line num="93" count="57" type="stmt"/>
        <line num="94" count="57" type="cond" truecount="1" falsecount="1"/>
        <line num="95" count="0" type="stmt"/>
        <line num="98" count="0" type="stmt"/>
        <line num="102" count="136" type="stmt"/>
        <line num="103" count="57" type="stmt"/>
        <line num="104" count="1" type="stmt"/>
        <line num="106" count="57" type="stmt"/>
        <line num="110" count="136" type="stmt"/>
        <line num="111" count="60" type="stmt"/>
        <line num="116" count="0" type="stmt"/>
        <line num="117" count="0" type="stmt"/>
        <line num="130" count="0" type="stmt"/>
        <line num="132" count="0" type="stmt"/>
        <line num="142" count="136" type="stmt"/>
        <line num="143" count="0" type="stmt"/>
        <line num="144" count="0" type="stmt"/>
        <line num="146" count="0" type="cond" truecount="0" falsecount="2"/>
        <line num="147" count="0" type="stmt"/>
        <line num="148" count="0" type="cond" truecount="0" falsecount="2"/>
        <line num="149" count="0" type="stmt"/>
        <line num="151" count="0" type="stmt"/>
        <line num="156" count="0" type="stmt"/>
        <line num="157" count="0" type="stmt"/>
        <line num="161" count="136" type="stmt"/>
        <line num="162" count="58" type="stmt"/>
        <line num="163" count="58" type="stmt"/>
        <line num="166" count="58" type="stmt"/>
        <line num="167" count="58" type="stmt"/>
        <line num="170" count="58" type="stmt"/>
        <line num="171" count="58" type="stmt"/>
        <line num="174" count="58" type="cond" truecount="1" falsecount="1"/>
        <line num="175" count="58" type="stmt"/>
        <line num="176" count="58" type="stmt"/>
        <line num="177" count="58" type="stmt"/>
        <line num="178" count="58" type="stmt"/>
        <line num="179" count="58" type="stmt"/>
        <line num="180" count="58" type="stmt"/>
        <line num="183" count="58" type="stmt"/>
        <line num="184" count="58" type="stmt"/>
        <line num="187" count="58" type="stmt"/>
        <line num="188" count="58" type="stmt"/>
        <line num="191" count="58" type="stmt"/>
        <line num="192" count="58" type="stmt"/>
        <line num="193" count="58" type="stmt"/>
        <line num="194" count="58" type="stmt"/>
        <line num="195" count="58" type="stmt"/>
        <line num="196" count="58" type="stmt"/>
        <line num="197" count="58" type="stmt"/>
        <line num="198" count="58" type="stmt"/>
        <line num="201" count="58" type="stmt"/>
        <line num="202" count="58" type="stmt"/>
        <line num="205" count="136" type="stmt"/>
        <line num="206" count="4" type="stmt"/>
        <line num="207" count="4" type="stmt"/>
        <line num="209" count="4" type="cond" truecount="2" falsecount="0"/>
        <line num="210" count="1" type="stmt"/>
        <line num="211" count="1" type="stmt"/>
        <line num="214" count="3" type="stmt"/>
        <line num="215" count="3" type="stmt"/>
        <line num="230" count="3" type="stmt"/>
        <line num="231" count="3" type="stmt"/>
        <line num="232" count="3" type="stmt"/>
        <line num="234" count="2" type="stmt"/>
        <line num="235" count="2" type="stmt"/>
        <line num="236" count="2" type="stmt"/>
        <line num="238" count="1" type="stmt"/>
        <line num="242" count="136" type="stmt"/>
        <line num="243" count="3" type="stmt"/>
        <line num="252" count="1" type="stmt"/>
        <line num="253" count="1" type="stmt"/>
        <line num="254" count="1" type="stmt"/>
        <line num="261" count="136" type="stmt"/>
        <line num="262" count="0" type="stmt"/>
        <line num="271" count="0" type="stmt"/>
        <line num="272" count="0" type="stmt"/>
        <line num="279" count="136" type="stmt"/>
        <line num="280" count="0" type="stmt"/>
        <line num="282" count="0" type="cond" truecount="0" falsecount="2"/>
        <line num="283" count="0" type="stmt"/>
        <line num="284" count="0" type="stmt"/>
        <line num="285" count="0" type="stmt"/>
        <line num="286" count="0" type="stmt"/>
        <line num="287" count="0" type="stmt"/>
        <line num="288" count="0" type="stmt"/>
        <line num="289" count="0" type="stmt"/>
        <line num="292" count="136" type="stmt"/>
        <line num="293" count="0" type="stmt"/>
        <line num="294" count="0" type="stmt"/>
        <line num="295" count="0" type="stmt"/>
        <line num="296" count="0" type="stmt"/>
        <line num="298" count="0" type="cond" truecount="0" falsecount="2"/>
        <line num="299" count="0" type="stmt"/>
        <line num="300" count="0" type="stmt"/>
        <line num="302" count="0" type="stmt"/>
        <line num="303" count="0" type="stmt"/>
        <line num="305" count="0" type="stmt"/>
        <line num="308" count="136" type="stmt"/>
        <line num="309" count="0" type="stmt"/>
        <line num="311" count="0" type="cond" truecount="0" falsecount="2"/>
        <line num="312" count="0" type="stmt"/>
        <line num="313" count="0" type="stmt"/>
        <line num="314" count="0" type="stmt"/>
        <line num="315" count="0" type="stmt"/>
        <line num="316" count="0" type="stmt"/>
        <line num="317" count="0" type="stmt"/>
        <line num="321" count="136" type="stmt"/>
        <line num="322" count="0" type="stmt"/>
        <line num="323" count="0" type="stmt"/>
        <line num="326" count="136" type="stmt"/>
        <line num="327" count="0" type="cond" truecount="0" falsecount="2"/>
        <line num="329" count="0" type="cond" truecount="0" falsecount="2"/>
        <line num="330" count="0" type="stmt"/>
        <line num="331" count="0" type="stmt"/>
        <line num="334" count="0" type="stmt"/>
        <line num="335" count="0" type="cond" truecount="0" falsecount="2"/>
        <line num="336" count="0" type="stmt"/>
        <line num="337" count="0" type="stmt"/>
        <line num="340" count="0" type="cond" truecount="0" falsecount="2"/>
        <line num="342" count="0" type="stmt"/>
        <line num="351" count="0" type="stmt"/>
        <line num="352" count="0" type="stmt"/>
        <line num="353" count="0" type="stmt"/>
        <line num="354" count="0" type="stmt"/>
        <line num="355" count="0" type="stmt"/>
        <line num="360" count="0" type="stmt"/>
        <line num="363" count="0" type="cond" truecount="0" falsecount="2"/>
        <line num="364" count="0" type="stmt"/>
        <line num="365" count="0" type="stmt"/>
        <line num="368" count="0" type="cond" truecount="0" falsecount="2"/>
        <line num="369" count="0" type="stmt"/>
        <line num="370" count="0" type="stmt"/>
        <line num="373" count="0" type="stmt"/>
        <line num="374" count="0" type="stmt"/>
        <line num="375" count="0" type="stmt"/>
        <line num="376" count="0" type="stmt"/>
        <line num="377" count="0" type="stmt"/>
        <line num="378" count="0" type="stmt"/>
        <line num="381" count="0" type="cond" truecount="0" falsecount="2"/>
        <line num="382" count="0" type="stmt"/>
        <line num="383" count="0" type="stmt"/>
        <line num="386" count="0" type="cond" truecount="0" falsecount="2"/>
        <line num="387" count="0" type="stmt"/>
        <line num="388" count="0" type="stmt"/>
        <line num="391" count="0" type="stmt"/>
        <line num="392" count="0" type="stmt"/>
        <line num="393" count="0" type="stmt"/>
        <line num="394" count="0" type="stmt"/>
        <line num="395" count="0" type="stmt"/>
        <line num="396" count="0" type="stmt"/>
        <line num="401" count="136" type="stmt"/>
        <line num="402" count="0" type="stmt"/>
        <line num="403" count="0" type="stmt"/>
        <line num="406" count="136" type="stmt"/>
        <line num="407" count="0" type="cond" truecount="0" falsecount="2"/>
        <line num="408" count="0" type="stmt"/>
        <line num="409" count="0" type="stmt"/>
        <line num="410" count="0" type="cond" truecount="0" falsecount="2"/>
        <line num="411" count="0" type="stmt"/>
        <line num="412" count="0" type="stmt"/>
        <line num="413" count="0" type="cond" truecount="0" falsecount="2"/>
        <line num="414" count="0" type="stmt"/>
        <line num="415" count="0" type="stmt"/>
        <line num="416" count="0" type="cond" truecount="0" falsecount="2"/>
        <line num="417" count="0" type="stmt"/>
        <line num="418" count="0" type="stmt"/>
        <line num="422" count="136" type="stmt"/>
        <line num="423" count="0" type="stmt"/>
        <line num="424" count="0" type="stmt"/>
        <line num="425" count="0" type="stmt"/>
        <line num="426" count="0" type="stmt"/>
        <line num="427" count="0" type="stmt"/>
        <line num="428" count="0" type="stmt"/>
        <line num="429" count="0" type="stmt"/>
        <line num="430" count="0" type="stmt"/>
        <line num="433" count="136" type="stmt"/>
        <line num="434" count="0" type="cond" truecount="0" falsecount="2"/>
        <line num="435" count="0" type="stmt"/>
        <line num="436" count="0" type="stmt"/>
        <line num="437" count="0" type="stmt"/>
        <line num="438" count="0" type="stmt"/>
        <line num="439" count="0" type="stmt"/>
        <line num="440" count="0" type="stmt"/>
        <line num="442" count="0" type="stmt"/>
        <line num="443" count="0" type="stmt"/>
        <line num="444" count="0" type="stmt"/>
        <line num="445" count="0" type="stmt"/>
        <line num="446" count="0" type="stmt"/>
        <line num="447" count="0" type="stmt"/>
        <line num="448" count="0" type="stmt"/>
        <line num="449" count="0" type="stmt"/>
        <line num="450" count="0" type="stmt"/>
        <line num="452" count="0" type="stmt"/>
        <line num="455" count="136" type="stmt"/>
        <line num="456" count="0" type="stmt"/>
        <line num="457" count="0" type="stmt"/>
        <line num="458" count="0" type="stmt"/>
        <line num="459" count="0" type="stmt"/>
        <line num="461" count="0" type="stmt"/>
        <line num="462" count="0" type="stmt"/>
        <line num="463" count="0" type="stmt"/>
        <line num="464" count="0" type="stmt"/>
        <line num="467" count="136" type="stmt"/>
        <line num="468" count="0" type="cond" truecount="0" falsecount="2"/>
        <line num="470" count="0" type="stmt"/>
        <line num="471" count="0" type="stmt"/>
        <line num="472" count="0" type="stmt"/>
        <line num="473" count="0" type="stmt"/>
        <line num="474" count="0" type="stmt"/>
        <line num="475" count="0" type="stmt"/>
        <line num="479" count="136" type="stmt"/>
        <line num="480" count="0" type="cond" truecount="0" falsecount="2"/>
        <line num="481" count="0" type="stmt"/>
        <line num="482" count="0" type="stmt"/>
        <line num="486" count="0" type="stmt"/>
        <line num="487" count="0" type="stmt"/>
        <line num="488" count="0" type="stmt"/>
        <line num="489" count="0" type="stmt"/>
        <line num="492" count="0" type="stmt"/>
        <line num="493" count="0" type="cond" truecount="0" falsecount="2"/>
        <line num="494" count="0" type="cond" truecount="0" falsecount="2"/>
        <line num="498" count="0" type="cond" truecount="0" falsecount="2"/>
        <line num="499" count="0" type="cond" truecount="0" falsecount="2"/>
        <line num="502" count="0" type="cond" truecount="0" falsecount="2"/>
        <line num="503" count="0" type="cond" truecount="0" falsecount="2"/>
        <line num="506" count="0" type="cond" truecount="0" falsecount="2"/>
        <line num="508" count="0" type="stmt"/>
        <line num="511" count="0" type="stmt"/>
        <line num="563" count="0" type="cond" truecount="0" falsecount="6"/>
        <line num="564" count="0" type="cond" truecount="0" falsecount="6"/>
        <line num="565" count="0" type="cond" truecount="0" falsecount="6"/>
        <line num="566" count="0" type="cond" truecount="0" falsecount="6"/>
        <line num="569" count="0" type="cond" truecount="0" falsecount="4"/>
        <line num="570" count="0" type="cond" truecount="0" falsecount="4"/>
        <line num="571" count="0" type="cond" truecount="0" falsecount="4"/>
        <line num="572" count="0" type="cond" truecount="0" falsecount="4"/>
        <line num="573" count="0" type="cond" truecount="0" falsecount="4"/>
        <line num="583" count="0" type="cond" truecount="0" falsecount="4"/>
        <line num="584" count="0" type="cond" truecount="0" falsecount="2"/>
        <line num="585" count="0" type="cond" truecount="0" falsecount="4"/>
        <line num="590" count="0" type="cond" truecount="0" falsecount="2"/>
        <line num="594" count="0" type="stmt"/>
        <line num="595" count="0" type="stmt"/>
        <line num="599" count="136" type="stmt"/>
        <line num="600" count="0" type="stmt"/>
        <line num="603" count="0" type="cond" truecount="0" falsecount="2"/>
        <line num="604" count="0" type="stmt"/>
        <line num="605" count="0" type="stmt"/>
        <line num="609" count="0" type="stmt"/>
        <line num="615" count="0" type="stmt"/>
        <line num="616" count="0" type="stmt"/>
        <line num="617" count="0" type="cond" truecount="0" falsecount="2"/>
        <line num="619" count="0" type="stmt"/>
        <line num="620" count="0" type="stmt"/>
        <line num="623" count="0" type="stmt"/>
        <line num="624" count="0" type="stmt"/>
        <line num="625" count="0" type="stmt"/>
        <line num="627" count="0" type="stmt"/>
        <line num="629" count="0" type="stmt"/>
        <line num="636" count="136" type="stmt"/>
        <line num="637" count="0" type="stmt"/>
        <line num="638" count="0" type="stmt"/>
        <line num="641" count="0" type="stmt"/>
        <line num="646" count="0" type="stmt"/>
        <line num="647" count="0" type="stmt"/>
        <line num="648" count="0" type="stmt"/>
        <line num="651" count="136" type="stmt"/>
        <line num="652" count="0" type="cond" truecount="0" falsecount="2"/>
        <line num="654" count="0" type="stmt"/>
        <line num="655" count="0" type="stmt"/>
        <line num="656" count="0" type="stmt"/>
        <line num="657" count="0" type="stmt"/>
        <line num="660" count="0" type="stmt"/>
        <line num="661" count="0" type="stmt"/>
        <line num="665" count="136" type="stmt"/>
        <line num="666" count="0" type="cond" truecount="0" falsecount="2"/>
        <line num="667" count="0" type="cond" truecount="0" falsecount="2"/>
        <line num="668" count="0" type="cond" truecount="0" falsecount="2"/>
        <line num="669" count="0" type="cond" truecount="0" falsecount="2"/>
        <line num="670" count="0" type="stmt"/>
        <line num="674" count="136" type="cond" truecount="3" falsecount="0"/>
        <line num="675" count="136" type="cond" truecount="3" falsecount="0"/>
        <line num="676" count="136" type="stmt"/>
        <line num="678" count="136" type="stmt"/>
        <line num="679" count="38" type="stmt"/>
        <line num="681" count="38" type="stmt"/>
        <line num="684" count="1" type="stmt"/>
        <line num="685" count="3" type="stmt"/>
        <line num="691" count="190" type="stmt"/>
        <line num="701" count="136" type="stmt"/>
        <line num="702" count="0" type="stmt"/>
        <line num="706" count="0" type="stmt"/>
        <line num="707" count="0" type="stmt"/>
        <line num="718" count="136" type="stmt"/>
        <line num="719" count="0" type="cond" truecount="0" falsecount="2"/>
        <line num="720" count="0" type="cond" truecount="0" falsecount="2"/>
        <line num="722" count="0" type="stmt"/>
        <line num="726" count="0" type="stmt"/>
        <line num="727" count="0" type="stmt"/>
        <line num="742" count="136" type="stmt"/>
        <line num="743" count="0" type="stmt"/>
        <line num="744" count="0" type="stmt"/>
        <line num="746" count="0" type="stmt"/>
        <line num="747" count="0" type="stmt"/>
        <line num="748" count="0" type="stmt"/>
        <line num="749" count="0" type="stmt"/>
        <line num="750" count="0" type="stmt"/>
        <line num="753" count="0" type="stmt"/>
        <line num="754" count="0" type="stmt"/>
        <line num="755" count="0" type="stmt"/>
        <line num="760" count="0" type="stmt"/>
        <line num="763" count="0" type="stmt"/>
        <line num="764" count="0" type="stmt"/>
        <line num="765" count="0" type="stmt"/>
        <line num="766" count="0" type="stmt"/>
        <line num="769" count="0" type="stmt"/>
        <line num="774" count="0" type="stmt"/>
        <line num="775" count="0" type="cond" truecount="0" falsecount="5"/>
        <line num="776" count="0" type="stmt"/>
        <line num="777" count="0" type="stmt"/>
        <line num="778" count="0" type="stmt"/>
        <line num="779" count="0" type="stmt"/>
        <line num="783" count="0" type="stmt"/>
        <line num="784" count="0" type="stmt"/>
        <line num="787" count="0" type="stmt"/>
        <line num="795" count="0" type="stmt"/>
        <line num="796" count="0" type="stmt"/>
        <line num="798" count="0" type="stmt"/>
        <line num="813" count="0" type="stmt"/>
        <line num="814" count="0" type="stmt"/>
        <line num="824" count="0" type="stmt"/>
        <line num="834" count="136" type="stmt"/>
        <line num="852" count="0" type="stmt"/>
        <line num="859" count="70" type="stmt"/>
        <line num="873" count="9" type="stmt"/>
        <line num="886" count="0" type="stmt"/>
        <line num="915" count="1" type="stmt"/>
        <line num="916" count="1" type="stmt"/>
        <line num="917" count="1" type="stmt"/>
        <line num="941" count="0" type="stmt"/>
        <line num="950" count="0" type="stmt"/>
        <line num="961" count="0" type="stmt"/>
        <line num="974" count="0" type="stmt"/>
        <line num="983" count="0" type="stmt"/>
        <line num="994" count="0" type="stmt"/>
        <line num="1007" count="0" type="stmt"/>
        <line num="1015" count="0" type="stmt"/>
        <line num="1016" count="0" type="stmt"/>
        <line num="1031" count="0" type="stmt"/>
        <line num="1032" count="0" type="stmt"/>
        <line num="1077" count="0" type="stmt"/>
        <line num="1078" count="0" type="stmt"/>
        <line num="1104" count="0" type="stmt"/>
        <line num="1105" count="0" type="stmt"/>
        <line num="1119" count="0" type="stmt"/>
        <line num="1132" count="0" type="stmt"/>
        <line num="1146" count="0" type="stmt"/>
        <line num="1148" count="0" type="stmt"/>
        <line num="1157" count="0" type="stmt"/>
        <line num="1163" count="0" type="stmt"/>
        <line num="1176" count="0" type="stmt"/>
        <line num="1187" count="0" type="stmt"/>
        <line num="1200" count="0" type="stmt"/>
        <line num="1218" count="272" type="stmt"/>
        <line num="1224" count="0" type="stmt"/>
        <line num="1225" count="0" type="stmt"/>
        <line num="1245" count="0" type="stmt"/>
        <line num="1260" count="0" type="stmt"/>
        <line num="1329" count="0" type="stmt"/>
        <line num="1350" count="0" type="stmt"/>
        <line num="1399" count="0" type="stmt"/>
        <line num="1400" count="0" type="stmt"/>
        <line num="1401" count="0" type="stmt"/>
        <line num="1402" count="0" type="stmt"/>
        <line num="1426" count="0" type="stmt"/>
        <line num="1438" count="0" type="stmt"/>
        <line num="1454" count="0" type="stmt"/>
        <line num="1455" count="0" type="stmt"/>
        <line num="1466" count="0" type="stmt"/>
        <line num="1467" count="0" type="stmt"/>
        <line num="1478" count="0" type="stmt"/>
        <line num="1479" count="0" type="stmt"/>
        <line num="1490" count="0" type="stmt"/>
        <line num="1491" count="0" type="stmt"/>
        <line num="1506" count="0" type="cond" truecount="0" falsecount="8"/>
        <line num="1511" count="0" type="stmt"/>
        <line num="1518" count="0" type="stmt"/>
        <line num="1545" count="0" type="stmt"/>
        <line num="1559" count="0" type="stmt"/>
        <line num="1568" count="0" type="stmt"/>
        <line num="1569" count="0" type="stmt"/>
        <line num="1570" count="0" type="stmt"/>
        <line num="1585" count="0" type="stmt"/>
        <line num="1586" count="0" type="stmt"/>
        <line num="1587" count="0" type="stmt"/>
        <line num="1601" count="0" type="stmt"/>
        <line num="1613" count="1" type="stmt"/>
      </file>
      <file name="DiaryScreen.js" path="/home/torof/crush life/src/screens/DiaryScreen.js">
        <metrics statements="106" coveredstatements="106" conditionals="60" coveredconditionals="53" methods="28" coveredmethods="28"/>
        <line num="19" count="177" type="stmt"/>
        <line num="22" count="177" type="stmt"/>
        <line num="27" count="177" type="stmt"/>
        <line num="28" count="177" type="stmt"/>
        <line num="29" count="177" type="stmt"/>
        <line num="30" count="177" type="stmt"/>
        <line num="31" count="177" type="stmt"/>
        <line num="32" count="177" type="stmt"/>
        <line num="33" count="177" type="stmt"/>
        <line num="34" count="177" type="stmt"/>
        <line num="35" count="177" type="stmt"/>
        <line num="38" count="177" type="stmt"/>
        <line num="39" count="177" type="stmt"/>
        <line num="40" count="177" type="stmt"/>
        <line num="43" count="177" type="cond" truecount="2" falsecount="0"/>
        <line num="44" count="177" type="stmt"/>
        <line num="46" count="177" type="stmt"/>
        <line num="47" count="63" type="stmt"/>
        <line num="48" count="63" type="stmt"/>
        <line num="49" count="63" type="stmt"/>
        <line num="52" count="177" type="stmt"/>
        <line num="53" count="63" type="cond" truecount="2" falsecount="0"/>
        <line num="54" count="1" type="stmt"/>
        <line num="55" count="1" type="stmt"/>
        <line num="60" count="177" type="stmt"/>
        <line num="62" count="63" type="stmt"/>
        <line num="67" count="177" type="stmt"/>
        <line num="68" count="127" type="cond" truecount="2" falsecount="0"/>
        <line num="69" count="64" type="stmt"/>
        <line num="70" count="64" type="stmt"/>
        <line num="72" count="3" type="stmt"/>
        <line num="84" count="177" type="stmt"/>
        <line num="85" count="126" type="stmt"/>
        <line num="86" count="126" type="stmt"/>
        <line num="87" count="126" type="stmt"/>
        <line num="88" count="126" type="stmt"/>
        <line num="89" count="126" type="stmt"/>
        <line num="90" count="126" type="stmt"/>
        <line num="93" count="177" type="stmt"/>
        <line num="94" count="63" type="stmt"/>
        <line num="95" count="62" type="stmt"/>
        <line num="97" count="62" type="cond" truecount="2" falsecount="0"/>
        <line num="98" count="61" type="stmt"/>
        <line num="102" count="62" type="stmt"/>
        <line num="103" count="62" type="stmt"/>
        <line num="106" count="177" type="stmt"/>
        <line num="107" count="5" type="stmt"/>
        <line num="108" count="5" type="stmt"/>
        <line num="109" count="5" type="cond" truecount="1" falsecount="1"/>
        <line num="111" count="5" type="stmt"/>
        <line num="112" count="3" type="stmt"/>
        <line num="115" count="177" type="stmt"/>
        <line num="116" count="3" type="stmt"/>
        <line num="117" count="3" type="stmt"/>
        <line num="119" count="3" type="cond" truecount="2" falsecount="0"/>
        <line num="120" count="1" type="stmt"/>
        <line num="121" count="1" type="stmt"/>
        <line num="124" count="2" type="stmt"/>
        <line num="125" count="2" type="stmt"/>
        <line num="132" count="2" type="stmt"/>
        <line num="137" count="2" type="stmt"/>
        <line num="138" count="1" type="stmt"/>
        <line num="139" count="1" type="stmt"/>
        <line num="140" count="1" type="stmt"/>
        <line num="142" count="1" type="stmt"/>
        <line num="146" count="177" type="stmt"/>
        <line num="147" count="3" type="stmt"/>
        <line num="156" count="1" type="stmt"/>
        <line num="158" count="2" type="cond" truecount="1" falsecount="1"/>
        <line num="160" count="1" type="stmt"/>
        <line num="161" count="1" type="stmt"/>
        <line num="168" count="177" type="stmt"/>
        <line num="169" count="21" type="stmt"/>
        <line num="170" count="21" type="stmt"/>
        <line num="171" count="21" type="stmt"/>
        <line num="174" count="177" type="stmt"/>
        <line num="175" count="5" type="cond" truecount="1" falsecount="1"/>
        <line num="176" count="5" type="stmt"/>
        <line num="179" count="177" type="stmt"/>
        <line num="180" count="2" type="stmt"/>
        <line num="182" count="2" type="stmt"/>
        <line num="183" count="2" type="cond" truecount="1" falsecount="1"/>
        <line num="184" count="4" type="cond" truecount="2" falsecount="0"/>
        <line num="189" count="2" type="stmt"/>
        <line num="194" count="2" type="stmt"/>
        <line num="195" count="1" type="stmt"/>
        <line num="196" count="1" type="stmt"/>
        <line num="198" count="1" type="stmt"/>
        <line num="202" count="177" type="stmt"/>
        <line num="203" count="1" type="stmt"/>
        <line num="204" count="1" type="stmt"/>
        <line num="207" count="177" type="cond" truecount="4" falsecount="0"/>
        <line num="208" count="63" type="stmt"/>
        <line num="215" count="114" type="cond" truecount="1" falsecount="1"/>
        <line num="217" count="114" type="stmt"/>
        <line num="228" count="128" type="stmt"/>
        <line num="231" count="21" type="stmt"/>
        <line num="258" count="11" type="stmt"/>
        <line num="270" count="1" type="stmt"/>
        <line num="302" count="3" type="stmt"/>
        <line num="303" count="3" type="stmt"/>
        <line num="304" count="3" type="stmt"/>
        <line num="327" count="1" type="stmt"/>
        <line num="397" count="3" type="stmt"/>
        <line num="404" count="2" type="stmt"/>
        <line num="417" count="1" type="stmt"/>
      </file>
      <file name="LockScreen.js" path="/home/torof/crush life/src/screens/LockScreen.js">
        <metrics statements="39" coveredstatements="38" conditionals="24" coveredconditionals="22" methods="7" coveredmethods="6"/>
        <line num="17" count="37" type="stmt"/>
        <line num="18" count="37" type="stmt"/>
        <line num="19" count="37" type="stmt"/>
        <line num="20" count="37" type="stmt"/>
        <line num="21" count="37" type="stmt"/>
        <line num="22" count="37" type="stmt"/>
        <line num="24" count="37" type="stmt"/>
        <line num="25" count="14" type="stmt"/>
        <line num="26" count="14" type="stmt"/>
        <line num="29" count="37" type="stmt"/>
        <line num="30" count="14" type="stmt"/>
        <line num="31" count="14" type="stmt"/>
        <line num="34" count="37" type="stmt"/>
        <line num="35" count="14" type="stmt"/>
        <line num="36" count="14" type="stmt"/>
        <line num="39" count="37" type="stmt"/>
        <line num="40" count="9" type="cond" truecount="2" falsecount="0"/>
        <line num="42" count="5" type="cond" truecount="2" falsecount="0"/>
        <line num="43" count="2" type="stmt"/>
        <line num="44" count="2" type="stmt"/>
        <line num="47" count="3" type="cond" truecount="2" falsecount="0"/>
        <line num="48" count="1" type="stmt"/>
        <line num="49" count="1" type="stmt"/>
        <line num="52" count="2" type="stmt"/>
        <line num="53" count="2" type="stmt"/>
        <line num="54" count="1" type="stmt"/>
        <line num="58" count="1" type="stmt"/>
        <line num="59" count="1" type="stmt"/>
        <line num="60" count="1" type="stmt"/>
        <line num="65" count="1" type="stmt"/>
        <line num="69" count="4" type="stmt"/>
        <line num="71" count="4" type="cond" truecount="2" falsecount="0"/>
        <line num="72" count="1" type="stmt"/>
        <line num="73" count="1" type="stmt"/>
        <line num="75" count="3" type="stmt"/>
        <line num="76" count="3" type="stmt"/>
        <line num="81" count="37" type="stmt"/>
        <line num="114" count="0" type="stmt"/>
        <line num="158" count="1" type="stmt"/>
      </file>
    </package>
    <package name="utils">
      <metrics statements="236" coveredstatements="235" conditionals="163" coveredconditionals="156" methods="30" coveredmethods="30"/>
      <file name="sanitize.js" path="/home/torof/crush life/src/utils/sanitize.js">
        <metrics statements="6" coveredstatements="6" conditionals="2" coveredconditionals="2" methods="1" coveredmethods="1"/>
        <line num="12" count="8" type="stmt"/>
        <line num="13" count="53" type="cond" truecount="2" falsecount="0"/>
        <line num="16" count="45" type="stmt"/>
        <line num="19" count="45" type="stmt"/>
        <line num="23" count="45" type="stmt"/>
        <line num="25" count="45" type="stmt"/>
      </file>
      <file name="storage.js" path="/home/torof/crush life/src/utils/storage.js">
        <metrics statements="228" coveredstatements="227" conditionals="161" coveredconditionals="154" methods="29" coveredmethods="29"/>
        <line num="4" count="5" type="stmt"/>
        <line num="5" count="5" type="stmt"/>
        <line num="11" count="5" type="stmt"/>
        <line num="12" count="5048" type="cond" truecount="3" falsecount="1"/>
        <line num="13" count="5048" type="cond" truecount="4" falsecount="0"/>
        <line num="14" count="5047" type="cond" truecount="4" falsecount="0"/>
        <line num="15" count="5045" type="cond" truecount="5" falsecount="0"/>
        <line num="16" count="5041" type="cond" truecount="4" falsecount="0"/>
        <line num="17" count="5040" type="cond" truecount="4" falsecount="0"/>
        <line num="20" count="5039" type="cond" truecount="2" falsecount="0"/>
        <line num="21" count="5038" type="cond" truecount="4" falsecount="0"/>
        <line num="24" count="5037" type="cond" truecount="4" falsecount="0"/>
        <line num="25" count="5036" type="cond" truecount="4" falsecount="0"/>
        <line num="26" count="5035" type="cond" truecount="6" falsecount="0"/>
        <line num="27" count="5032" type="cond" truecount="4" falsecount="0"/>
        <line num="28" count="5031" type="cond" truecount="4" falsecount="0"/>
        <line num="29" count="5030" type="cond" truecount="4" falsecount="0"/>
        <line num="30" count="5029" type="cond" truecount="5" falsecount="0"/>
        <line num="33" count="5028" type="stmt"/>
        <line num="34" count="3" type="cond" truecount="5" falsecount="0"/>
        <line num="35" count="2" type="cond" truecount="4" falsecount="0"/>
        <line num="37" count="5026" type="stmt"/>
        <line num="38" count="1" type="cond" truecount="4" falsecount="1"/>
        <line num="39" count="1" type="cond" truecount="3" falsecount="1"/>
        <line num="43" count="5026" type="cond" truecount="1" falsecount="1"/>
        <line num="44" count="5026" type="stmt"/>
        <line num="45" count="3" type="cond" truecount="5" falsecount="0"/>
        <line num="50" count="5024" type="cond" truecount="1" falsecount="1"/>
        <line num="51" count="5024" type="stmt"/>
        <line num="52" count="3" type="cond" truecount="5" falsecount="0"/>
        <line num="57" count="5022" type="cond" truecount="1" falsecount="1"/>
        <line num="58" count="5022" type="stmt"/>
        <line num="59" count="5" type="cond" truecount="5" falsecount="0"/>
        <line num="60" count="3" type="cond" truecount="4" falsecount="0"/>
        <line num="61" count="2" type="cond" truecount="4" falsecount="0"/>
        <line num="65" count="5018" type="stmt"/>
        <line num="69" count="5" type="stmt"/>
        <line num="70" count="38" type="stmt"/>
        <line num="82" count="5" type="stmt"/>
        <line num="83" count="38" type="stmt"/>
        <line num="84" count="38" type="stmt"/>
        <line num="86" count="37" type="cond" truecount="2" falsecount="0"/>
        <line num="89" count="36" type="stmt"/>
        <line num="90" count="36" type="stmt"/>
        <line num="92" count="3" type="stmt"/>
        <line num="94" count="3" type="stmt"/>
        <line num="95" count="3" type="cond" truecount="2" falsecount="0"/>
        <line num="96" count="2" type="stmt"/>
        <line num="98" count="1" type="stmt"/>
        <line num="103" count="34" type="cond" truecount="2" falsecount="0"/>
        <line num="104" count="1" type="stmt"/>
        <line num="105" count="1" type="stmt"/>
        <line num="109" count="33" type="stmt"/>
        <line num="112" count="32" type="stmt"/>
        <line num="115" count="32" type="cond" truecount="4" falsecount="0"/>
        <line num="116" count="31" type="stmt"/>
        <line num="117" count="31" type="stmt"/>
        <line num="121" count="32" type="stmt"/>
        <line num="123" count="3" type="stmt"/>
        <line num="124" count="3" type="stmt"/>
        <line num="128" count="5" type="stmt"/>
        <line num="129" count="36" type="stmt"/>
        <line num="131" count="36" type="cond" truecount="2" falsecount="0"/>
        <line num="132" count="1" type="stmt"/>
        <line num="136" count="35" type="stmt"/>
        <line num="139" count="35" type="stmt"/>
        <line num="140" count="35" type="stmt"/>
        <line num="141" count="35" type="cond" truecount="2" falsecount="0"/>
        <line num="142" count="32" type="stmt"/>
        <line num="145" count="0" type="stmt"/>
        <line num="149" count="35" type="stmt"/>
        <line num="153" count="35" type="stmt"/>
        <line num="154" count="35" type="cond" truecount="2" falsecount="0"/>
        <line num="155" count="1" type="stmt"/>
        <line num="158" count="34" type="stmt"/>
        <line num="160" count="2" type="stmt"/>
        <line num="161" count="2" type="stmt"/>
        <line num="165" count="5" type="stmt"/>
        <line num="166" count="2" type="stmt"/>
        <line num="168" count="2" type="stmt"/>
        <line num="169" count="1" type="cond" truecount="1" falsecount="1"/>
        <line num="170" count="1" type="stmt"/>
        <line num="173" count="1" type="stmt"/>
        <line num="175" count="1" type="stmt"/>
        <line num="176" count="1" type="stmt"/>
        <line num="181" count="5" type="stmt"/>
        <line num="182" count="5" type="stmt"/>
        <line num="183" count="5" type="stmt"/>
        <line num="184" count="5" type="stmt"/>
        <line num="186" count="5" type="stmt"/>
        <line num="187" count="3" type="stmt"/>
        <line num="188" count="3" type="stmt"/>
        <line num="189" count="2" type="cond" truecount="2" falsecount="0"/>
        <line num="191" count="1" type="stmt"/>
        <line num="192" count="1" type="stmt"/>
        <line num="196" count="5" type="stmt"/>
        <line num="197" count="2" type="stmt"/>
        <line num="198" count="2" type="stmt"/>
        <line num="200" count="1" type="stmt"/>
        <line num="201" count="1" type="stmt"/>
        <line num="205" count="5" type="stmt"/>
        <line num="206" count="3" type="stmt"/>
        <line num="207" count="3" type="stmt"/>
        <line num="208" count="2" type="cond" truecount="2" falsecount="0"/>
        <line num="210" count="1" type="stmt"/>
        <line num="211" count="1" type="stmt"/>
        <line num="215" count="5" type="stmt"/>
        <line num="216" count="2" type="stmt"/>
        <line num="217" count="2" type="stmt"/>
        <line num="219" count="1" type="stmt"/>
        <line num="220" count="1" type="stmt"/>
        <line num="225" count="5" type="stmt"/>
        <line num="227" count="5" type="stmt"/>
        <line num="228" count="3" type="stmt"/>
        <line num="229" count="3" type="stmt"/>
        <line num="230" count="2" type="cond" truecount="2" falsecount="0"/>
        <line num="231" count="1" type="stmt"/>
        <line num="233" count="1" type="stmt"/>
        <line num="235" count="1" type="stmt"/>
        <line num="236" count="1" type="stmt"/>
        <line num="240" count="5" type="stmt"/>
        <line num="241" count="2" type="stmt"/>
        <line num="242" count="2" type="stmt"/>
        <line num="244" count="1" type="stmt"/>
        <line num="245" count="1" type="stmt"/>
        <line num="250" count="5" type="stmt"/>
        <line num="253" count="5" type="stmt"/>
        <line num="255" count="6" type="stmt"/>
        <line num="256" count="6" type="stmt"/>
        <line num="258" count="6" type="stmt"/>
        <line num="259" count="189" type="stmt"/>
        <line num="260" count="189" type="stmt"/>
        <line num="261" count="189" type="stmt"/>
        <line num="264" count="6" type="stmt"/>
        <line num="267" count="5" type="stmt"/>
        <line num="268" count="3" type="stmt"/>
        <line num="269" count="3" type="stmt"/>
        <line num="270" count="2" type="stmt"/>
        <line num="272" count="1" type="stmt"/>
        <line num="273" count="1" type="stmt"/>
        <line num="277" count="5" type="stmt"/>
        <line num="278" count="4" type="stmt"/>
        <line num="279" count="4" type="stmt"/>
        <line num="280" count="4" type="stmt"/>
        <line num="282" count="1" type="stmt"/>
        <line num="283" count="1" type="stmt"/>
        <line num="287" count="5" type="stmt"/>
        <line num="288" count="4" type="stmt"/>
        <line num="289" count="4" type="stmt"/>
        <line num="290" count="3" type="cond" truecount="2" falsecount="0"/>
        <line num="292" count="2" type="stmt"/>
        <line num="293" count="2" type="stmt"/>
        <line num="295" count="1" type="stmt"/>
        <line num="296" count="1" type="stmt"/>
        <line num="300" count="5" type="stmt"/>
        <line num="301" count="2" type="stmt"/>
        <line num="302" count="2" type="stmt"/>
        <line num="304" count="1" type="stmt"/>
        <line num="305" count="1" type="stmt"/>
        <line num="310" count="5" type="stmt"/>
        <line num="311" count="5" type="stmt"/>
        <line num="312" count="5" type="stmt"/>
        <line num="313" count="5" type="stmt"/>
        <line num="316" count="5" type="stmt"/>
        <line num="317" count="5" type="stmt"/>
        <line num="318" count="5" type="stmt"/>
        <line num="319" count="5" type="stmt"/>
        <line num="322" count="5" type="stmt"/>
        <line num="336" count="5" type="stmt"/>
        <line num="337" count="3" type="stmt"/>
        <line num="338" count="3" type="stmt"/>
        <line num="339" count="2" type="cond" truecount="2" falsecount="0"/>
        <line num="341" count="1" type="stmt"/>
        <line num="342" count="1" type="stmt"/>
        <line num="346" count="5" type="stmt"/>
        <line num="347" count="2" type="stmt"/>
        <line num="348" count="2" type="stmt"/>
        <line num="350" count="1" type="stmt"/>
        <line num="351" count="1" type="stmt"/>
        <line num="355" count="5" type="stmt"/>
        <line num="356" count="3" type="stmt"/>
        <line num="357" count="3" type="stmt"/>
        <line num="358" count="2" type="cond" truecount="2" falsecount="0"/>
        <line num="360" count="1" type="stmt"/>
        <line num="361" count="1" type="stmt"/>
        <line num="365" count="5" type="stmt"/>
        <line num="366" count="2" type="stmt"/>
        <line num="367" count="2" type="stmt"/>
        <line num="369" count="1" type="stmt"/>
        <line num="370" count="1" type="stmt"/>
        <line num="374" count="5" type="stmt"/>
        <line num="375" count="3" type="stmt"/>
        <line num="376" count="3" type="stmt"/>
        <line num="377" count="2" type="cond" truecount="2" falsecount="0"/>
        <line num="379" count="1" type="stmt"/>
        <line num="380" count="1" type="stmt"/>
        <line num="384" count="5" type="stmt"/>
        <line num="385" count="2" type="stmt"/>
        <line num="386" count="2" type="stmt"/>
        <line num="388" count="1" type="stmt"/>
        <line num="389" count="1" type="stmt"/>
        <line num="393" count="5" type="stmt"/>
        <line num="394" count="3" type="stmt"/>
        <line num="395" count="3" type="stmt"/>
        <line num="396" count="2" type="cond" truecount="2" falsecount="0"/>
        <line num="398" count="1" type="stmt"/>
        <line num="399" count="1" type="stmt"/>
        <line num="403" count="5" type="stmt"/>
        <line num="404" count="2" type="stmt"/>
        <line num="405" count="2" type="stmt"/>
        <line num="407" count="1" type="stmt"/>
        <line num="408" count="1" type="stmt"/>
        <line num="413" count="5" type="stmt"/>
        <line num="414" count="21" type="stmt"/>
        <line num="415" count="5" type="cond" truecount="2" falsecount="0"/>
        <line num="419" count="5" type="stmt"/>
        <line num="420" count="5" type="stmt"/>
        <line num="422" count="5" type="stmt"/>
        <line num="423" count="3" type="stmt"/>
        <line num="424" count="3" type="stmt"/>
        <line num="425" count="2" type="cond" truecount="2" falsecount="0"/>
        <line num="427" count="1" type="stmt"/>
        <line num="428" count="1" type="stmt"/>
        <line num="432" count="5" type="stmt"/>
        <line num="433" count="2" type="stmt"/>
        <line num="434" count="2" type="stmt"/>
        <line num="436" count="1" type="stmt"/>
        <line num="437" count="1" type="stmt"/>
      </file>
      <file name="translations.js" path="/home/torof/crush life/src/utils/translations.js">
        <metrics statements="2" coveredstatements="2" conditionals="0" coveredconditionals="0" methods="0" coveredmethods="0"/>
        <line num="2" count="4" type="stmt"/>
        <line num="417" count="4" type="stmt"/>
      </file>
    </package>
  </project>
</coverage>
