{"/home/torof/crush life/src/screens/CrushDetailScreen.js": {"path":"/home/torof/crush life/src/screens/CrushDetailScreen.js","statementMap":{"0":{"start":{"line":19,"column":18},"end":{"line":19,"column":42}},"1":{"start":{"line":20,"column":13},"end":{"line":20,"column":15}},"2":{"start":{"line":21,"column":15},"end":{"line":21,"column":23}},"3":{"start":{"line":22,"column":21},"end":{"line":22,"column":59}},"4":{"start":{"line":25,"column":22},"end":{"line":25,"column":34}},"5":{"start":{"line":26,"column":28},"end":{"line":26,"column":42}},"6":{"start":{"line":27,"column":42},"end":{"line":27,"column":57}},"7":{"start":{"line":28,"column":38},"end":{"line":28,"column":52}},"8":{"start":{"line":29,"column":40},"end":{"line":29,"column":52}},"9":{"start":{"line":30,"column":52},"end":{"line":30,"column":64}},"10":{"start":{"line":31,"column":54},"end":{"line":31,"column":69}},"11":{"start":{"line":32,"column":46},"end":{"line":32,"column":60}},"12":{"start":{"line":33,"column":72},"end":{"line":33,"column":87}},"13":{"start":{"line":34,"column":52},"end":{"line":34,"column":64}},"14":{"start":{"line":35,"column":58},"end":{"line":35,"column":73}},"15":{"start":{"line":36,"column":38},"end":{"line":36,"column":53}},"16":{"start":{"line":37,"column":50},"end":{"line":37,"column":62}},"17":{"start":{"line":38,"column":50},"end":{"line":38,"column":65}},"18":{"start":{"line":41,"column":52},"end":{"line":41,"column":67}},"19":{"start":{"line":42,"column":36},"end":{"line":42,"column":50}},"20":{"start":{"line":43,"column":36},"end":{"line":43,"column":48}},"21":{"start":{"line":46,"column":18},"end":{"line":46,"column":58}},"22":{"start":{"line":47,"column":22},"end":{"line":47,"column":59}},"23":{"start":{"line":48,"column":21},"end":{"line":48,"column":58}},"24":{"start":{"line":49,"column":24},"end":{"line":49,"column":61}},"25":{"start":{"line":51,"column":2},"end":{"line":53,"column":9}},"26":{"start":{"line":52,"column":4},"end":{"line":52,"column":16}},"27":{"start":{"line":55,"column":20},"end":{"line":62,"column":3}},"28":{"start":{"line":56,"column":20},"end":{"line":56,"column":39}},"29":{"start":{"line":57,"column":23},"end":{"line":57,"column":58}},"30":{"start":{"line":57,"column":41},"end":{"line":57,"column":57}},"31":{"start":{"line":58,"column":4},"end":{"line":61,"column":5}},"32":{"start":{"line":59,"column":6},"end":{"line":59,"column":27}},"33":{"start":{"line":60,"column":6},"end":{"line":60,"column":56}},"34":{"start":{"line":64,"column":22},"end":{"line":100,"column":3}},"35":{"start":{"line":65,"column":20},"end":{"line":65,"column":39}},"36":{"start":{"line":66,"column":27},"end":{"line":68,"column":5}},"37":{"start":{"line":67,"column":6},"end":{"line":67,"column":41}},"38":{"start":{"line":69,"column":4},"end":{"line":69,"column":38}},"39":{"start":{"line":70,"column":4},"end":{"line":70,"column":27}},"40":{"start":{"line":73,"column":4},"end":{"line":99,"column":5}},"41":{"start":{"line":74,"column":35},"end":{"line":87,"column":7}},"42":{"start":{"line":75,"column":8},"end":{"line":86,"column":10}},"43":{"start":{"line":82,"column":16},"end":{"line":82,"column":36}},"44":{"start":{"line":89,"column":6},"end":{"line":98,"column":7}},"45":{"start":{"line":91,"column":8},"end":{"line":94,"column":17}},"46":{"start":{"line":92,"column":10},"end":{"line":92,"column":41}},"47":{"start":{"line":93,"column":10},"end":{"line":93,"column":33}},"48":{"start":{"line":96,"column":8},"end":{"line":96,"column":39}},"49":{"start":{"line":97,"column":8},"end":{"line":97,"column":31}},"50":{"start":{"line":102,"column":20},"end":{"line":147,"column":3}},"51":{"start":{"line":103,"column":27},"end":{"line":103,"column":53}},"52":{"start":{"line":104,"column":33},"end":{"line":104,"column":65}},"53":{"start":{"line":106,"column":4},"end":{"line":109,"column":5}},"54":{"start":{"line":107,"column":6},"end":{"line":107,"column":63}},"55":{"start":{"line":108,"column":6},"end":{"line":108,"column":13}},"56":{"start":{"line":111,"column":4},"end":{"line":146,"column":5}},"57":{"start":{"line":112,"column":24},"end":{"line":117,"column":7}},"58":{"start":{"line":119,"column":25},"end":{"line":119,"column":37}},"59":{"start":{"line":121,"column":6},"end":{"line":139,"column":7}},"60":{"start":{"line":122,"column":8},"end":{"line":122,"column":55}},"61":{"start":{"line":123,"column":8},"end":{"line":123,"column":40}},"62":{"start":{"line":125,"column":8},"end":{"line":125,"column":55}},"63":{"start":{"line":126,"column":34},"end":{"line":126,"column":52}},"64":{"start":{"line":127,"column":8},"end":{"line":127,"column":51}},"65":{"start":{"line":130,"column":32},"end":{"line":130,"column":58}},"66":{"start":{"line":131,"column":8},"end":{"line":133,"column":9}},"67":{"start":{"line":132,"column":10},"end":{"line":132,"column":40}},"68":{"start":{"line":136,"column":8},"end":{"line":136,"column":47}},"69":{"start":{"line":138,"column":8},"end":{"line":138,"column":57}},"70":{"start":{"line":141,"column":6},"end":{"line":141,"column":25}},"71":{"start":{"line":142,"column":6},"end":{"line":142,"column":31}},"72":{"start":{"line":143,"column":6},"end":{"line":143,"column":29}},"73":{"start":{"line":145,"column":6},"end":{"line":145,"column":67}},"74":{"start":{"line":149,"column":23},"end":{"line":174,"column":3}},"75":{"start":{"line":150,"column":4},"end":{"line":173,"column":6}},"76":{"start":{"line":159,"column":31},"end":{"line":159,"column":43}},"77":{"start":{"line":161,"column":12},"end":{"line":167,"column":13}},"78":{"start":{"line":162,"column":14},"end":{"line":162,"column":70}},"79":{"start":{"line":162,"column":57},"end":{"line":162,"column":68}},"80":{"start":{"line":164,"column":14},"end":{"line":164,"column":70}},"81":{"start":{"line":164,"column":57},"end":{"line":164,"column":68}},"82":{"start":{"line":166,"column":14},"end":{"line":166,"column":70}},"83":{"start":{"line":169,"column":12},"end":{"line":169,"column":44}},"84":{"start":{"line":176,"column":20},"end":{"line":183,"column":3}},"85":{"start":{"line":177,"column":4},"end":{"line":180,"column":5}},"86":{"start":{"line":178,"column":6},"end":{"line":178,"column":87}},"87":{"start":{"line":179,"column":6},"end":{"line":179,"column":13}},"88":{"start":{"line":181,"column":4},"end":{"line":181,"column":24}},"89":{"start":{"line":182,"column":4},"end":{"line":182,"column":26}},"90":{"start":{"line":185,"column":28},"end":{"line":188,"column":3}},"91":{"start":{"line":186,"column":4},"end":{"line":186,"column":30}},"92":{"start":{"line":187,"column":4},"end":{"line":187,"column":32}},"93":{"start":{"line":190,"column":30},"end":{"line":193,"column":3}},"94":{"start":{"line":191,"column":4},"end":{"line":191,"column":50}},"95":{"start":{"line":192,"column":4},"end":{"line":192,"column":41}},"96":{"start":{"line":195,"column":26},"end":{"line":207,"column":3}},"97":{"start":{"line":196,"column":4},"end":{"line":206,"column":5}},"98":{"start":{"line":197,"column":35},"end":{"line":197,"column":67}},"99":{"start":{"line":198,"column":27},"end":{"line":201,"column":7}},"100":{"start":{"line":202,"column":6},"end":{"line":202,"column":38}},"101":{"start":{"line":203,"column":6},"end":{"line":203,"column":44}},"102":{"start":{"line":205,"column":6},"end":{"line":205,"column":72}},"103":{"start":{"line":210,"column":25},"end":{"line":217,"column":3}},"104":{"start":{"line":211,"column":4},"end":{"line":214,"column":5}},"105":{"start":{"line":212,"column":6},"end":{"line":212,"column":87}},"106":{"start":{"line":213,"column":6},"end":{"line":213,"column":13}},"107":{"start":{"line":215,"column":4},"end":{"line":215,"column":23}},"108":{"start":{"line":216,"column":4},"end":{"line":216,"column":31}},"109":{"start":{"line":219,"column":19},"end":{"line":248,"column":3}},"110":{"start":{"line":220,"column":26},"end":{"line":220,"column":50}},"111":{"start":{"line":222,"column":4},"end":{"line":225,"column":5}},"112":{"start":{"line":223,"column":6},"end":{"line":223,"column":63}},"113":{"start":{"line":224,"column":6},"end":{"line":224,"column":13}},"114":{"start":{"line":227,"column":4},"end":{"line":247,"column":5}},"115":{"start":{"line":228,"column":23},"end":{"line":232,"column":7}},"116":{"start":{"line":234,"column":25},"end":{"line":234,"column":37}},"117":{"start":{"line":236,"column":6},"end":{"line":240,"column":7}},"118":{"start":{"line":237,"column":8},"end":{"line":237,"column":72}},"119":{"start":{"line":238,"column":13},"end":{"line":240,"column":7}},"120":{"start":{"line":239,"column":8},"end":{"line":239,"column":68}},"121":{"start":{"line":242,"column":6},"end":{"line":242,"column":38}},"122":{"start":{"line":243,"column":6},"end":{"line":243,"column":23}},"123":{"start":{"line":244,"column":6},"end":{"line":244,"column":34}},"124":{"start":{"line":246,"column":6},"end":{"line":246,"column":57}},"125":{"start":{"line":250,"column":22},"end":{"line":273,"column":3}},"126":{"start":{"line":251,"column":4},"end":{"line":272,"column":6}},"127":{"start":{"line":260,"column":31},"end":{"line":260,"column":43}},"128":{"start":{"line":262,"column":12},"end":{"line":266,"column":13}},"129":{"start":{"line":263,"column":14},"end":{"line":263,"column":88}},"130":{"start":{"line":263,"column":75},"end":{"line":263,"column":86}},"131":{"start":{"line":264,"column":19},"end":{"line":266,"column":13}},"132":{"start":{"line":265,"column":14},"end":{"line":265,"column":84}},"133":{"start":{"line":265,"column":71},"end":{"line":265,"column":82}},"134":{"start":{"line":268,"column":12},"end":{"line":268,"column":44}},"135":{"start":{"line":275,"column":25},"end":{"line":285,"column":3}},"136":{"start":{"line":276,"column":4},"end":{"line":284,"column":5}},"137":{"start":{"line":277,"column":27},"end":{"line":280,"column":7}},"138":{"start":{"line":281,"column":6},"end":{"line":281,"column":38}},"139":{"start":{"line":283,"column":6},"end":{"line":283,"column":55}},"140":{"start":{"line":287,"column":21},"end":{"line":296,"column":3}},"141":{"start":{"line":288,"column":4},"end":{"line":288,"column":32}},"142":{"start":{"line":289,"column":4},"end":{"line":289,"column":27}},"143":{"start":{"line":290,"column":4},"end":{"line":290,"column":28}},"144":{"start":{"line":291,"column":4},"end":{"line":291,"column":27}},"145":{"start":{"line":292,"column":4},"end":{"line":292,"column":30}},"146":{"start":{"line":293,"column":4},"end":{"line":293,"column":25}},"147":{"start":{"line":294,"column":4},"end":{"line":294,"column":28}},"148":{"start":{"line":295,"column":4},"end":{"line":295,"column":31}},"149":{"start":{"line":298,"column":30},"end":{"line":367,"column":3}},"150":{"start":{"line":300,"column":23},"end":{"line":300,"column":44}},"151":{"start":{"line":301,"column":4},"end":{"line":301,"column":36}},"152":{"start":{"line":302,"column":4},"end":{"line":302,"column":30}},"153":{"start":{"line":304,"column":4},"end":{"line":304,"column":24}},"154":{"start":{"line":305,"column":4},"end":{"line":305,"column":27}},"155":{"start":{"line":306,"column":4},"end":{"line":306,"column":27}},"156":{"start":{"line":307,"column":4},"end":{"line":307,"column":30}},"157":{"start":{"line":308,"column":4},"end":{"line":308,"column":28}},"158":{"start":{"line":312,"column":20},"end":{"line":312,"column":29}},"159":{"start":{"line":313,"column":25},"end":{"line":313,"column":27}},"160":{"start":{"line":314,"column":19},"end":{"line":314,"column":86}},"161":{"start":{"line":317,"column":26},"end":{"line":317,"column":38}},"162":{"start":{"line":318,"column":28},"end":{"line":318,"column":40}},"163":{"start":{"line":319,"column":24},"end":{"line":319,"column":64}},"164":{"start":{"line":322,"column":4},"end":{"line":330,"column":7}},"165":{"start":{"line":329,"column":6},"end":{"line":329,"column":42}},"166":{"start":{"line":329,"column":23},"end":{"line":329,"column":35}},"167":{"start":{"line":333,"column":4},"end":{"line":348,"column":14}},"168":{"start":{"line":351,"column":4},"end":{"line":366,"column":20}},"169":{"start":{"line":353,"column":6},"end":{"line":353,"column":33}},"170":{"start":{"line":354,"column":6},"end":{"line":365,"column":17}},"171":{"start":{"line":369,"column":2},"end":{"line":375,"column":3}},"172":{"start":{"line":370,"column":4},"end":{"line":374,"column":6}},"173":{"start":{"line":377,"column":20},"end":{"line":377,"column":38}},"174":{"start":{"line":378,"column":22},"end":{"line":378,"column":66}},"175":{"start":{"line":380,"column":24},"end":{"line":386,"column":3}},"176":{"start":{"line":381,"column":4},"end":{"line":381,"column":44}},"177":{"start":{"line":381,"column":30},"end":{"line":381,"column":44}},"178":{"start":{"line":382,"column":4},"end":{"line":382,"column":46}},"179":{"start":{"line":382,"column":29},"end":{"line":382,"column":46}},"180":{"start":{"line":383,"column":4},"end":{"line":383,"column":46}},"181":{"start":{"line":383,"column":29},"end":{"line":383,"column":46}},"182":{"start":{"line":384,"column":4},"end":{"line":384,"column":46}},"183":{"start":{"line":384,"column":29},"end":{"line":384,"column":46}},"184":{"start":{"line":385,"column":4},"end":{"line":385,"column":21}},"185":{"start":{"line":389,"column":20},"end":{"line":395,"column":4}},"186":{"start":{"line":397,"column":27},"end":{"line":400,"column":4}},"187":{"start":{"line":402,"column":2},"end":{"line":839,"column":4}},"188":{"start":{"line":436,"column":35},"end":{"line":436,"column":61}},"189":{"start":{"line":439,"column":34},"end":{"line":439,"column":93}},"190":{"start":{"line":440,"column":14},"end":{"line":455,"column":16}},"191":{"start":{"line":517,"column":29},"end":{"line":517,"column":54}},"192":{"start":{"line":531,"column":16},"end":{"line":537,"column":35}},"193":{"start":{"line":534,"column":37},"end":{"line":534,"column":71}},"194":{"start":{"line":549,"column":29},"end":{"line":549,"column":53}},"195":{"start":{"line":563,"column":16},"end":{"line":569,"column":35}},"196":{"start":{"line":566,"column":37},"end":{"line":566,"column":69}},"197":{"start":{"line":581,"column":29},"end":{"line":581,"column":45}},"198":{"start":{"line":596,"column":14},"end":{"line":606,"column":33}},"199":{"start":{"line":599,"column":31},"end":{"line":599,"column":53}},"200":{"start":{"line":600,"column":35},"end":{"line":600,"column":62}},"201":{"start":{"line":617,"column":29},"end":{"line":617,"column":45}},"202":{"start":{"line":632,"column":14},"end":{"line":642,"column":33}},"203":{"start":{"line":635,"column":31},"end":{"line":635,"column":53}},"204":{"start":{"line":636,"column":35},"end":{"line":636,"column":62}},"205":{"start":{"line":652,"column":30},"end":{"line":652,"column":52}},"206":{"start":{"line":689,"column":18},"end":{"line":689,"column":37}},"207":{"start":{"line":690,"column":18},"end":{"line":690,"column":43}},"208":{"start":{"line":691,"column":18},"end":{"line":691,"column":41}},"209":{"start":{"line":718,"column":30},"end":{"line":718,"column":58}},"210":{"start":{"line":741,"column":29},"end":{"line":741,"column":57}},"211":{"start":{"line":754,"column":30},"end":{"line":754,"column":67}},"212":{"start":{"line":775,"column":18},"end":{"line":775,"column":56}},"213":{"start":{"line":797,"column":30},"end":{"line":797,"column":57}},"214":{"start":{"line":818,"column":18},"end":{"line":818,"column":35}},"215":{"start":{"line":819,"column":18},"end":{"line":819,"column":46}},"216":{"start":{"line":842,"column":15},"end":{"line":1155,"column":2}}},"fnMap":{"0":{"name":"CrushDetailScreen","decl":{"start":{"line":24,"column":24},"end":{"line":24,"column":41}},"loc":{"start":{"line":24,"column":65},"end":{"line":840,"column":1}},"line":24},"1":{"name":"(anonymous_1)","decl":{"start":{"line":51,"column":12},"end":{"line":51,"column":13}},"loc":{"start":{"line":51,"column":18},"end":{"line":53,"column":3}},"line":51},"2":{"name":"(anonymous_2)","decl":{"start":{"line":55,"column":20},"end":{"line":55,"column":21}},"loc":{"start":{"line":55,"column":32},"end":{"line":62,"column":3}},"line":55},"3":{"name":"(anonymous_3)","decl":{"start":{"line":57,"column":36},"end":{"line":57,"column":37}},"loc":{"start":{"line":57,"column":41},"end":{"line":57,"column":57}},"line":57},"4":{"name":"(anonymous_4)","decl":{"start":{"line":64,"column":22},"end":{"line":64,"column":23}},"loc":{"start":{"line":64,"column":72},"end":{"line":100,"column":3}},"line":64},"5":{"name":"(anonymous_5)","decl":{"start":{"line":66,"column":39},"end":{"line":66,"column":40}},"loc":{"start":{"line":67,"column":6},"end":{"line":67,"column":41}},"line":67},"6":{"name":"(anonymous_6)","decl":{"start":{"line":74,"column":35},"end":{"line":74,"column":36}},"loc":{"start":{"line":74,"column":41},"end":{"line":87,"column":7}},"line":74},"7":{"name":"(anonymous_7)","decl":{"start":{"line":81,"column":23},"end":{"line":81,"column":24}},"loc":{"start":{"line":81,"column":29},"end":{"line":83,"column":15}},"line":81},"8":{"name":"(anonymous_8)","decl":{"start":{"line":91,"column":19},"end":{"line":91,"column":20}},"loc":{"start":{"line":91,"column":25},"end":{"line":94,"column":9}},"line":91},"9":{"name":"(anonymous_9)","decl":{"start":{"line":102,"column":20},"end":{"line":102,"column":21}},"loc":{"start":{"line":102,"column":32},"end":{"line":147,"column":3}},"line":102},"10":{"name":"(anonymous_10)","decl":{"start":{"line":149,"column":23},"end":{"line":149,"column":24}},"loc":{"start":{"line":149,"column":43},"end":{"line":174,"column":3}},"line":149},"11":{"name":"(anonymous_11)","decl":{"start":{"line":158,"column":19},"end":{"line":158,"column":20}},"loc":{"start":{"line":158,"column":31},"end":{"line":170,"column":11}},"line":158},"12":{"name":"(anonymous_12)","decl":{"start":{"line":162,"column":52},"end":{"line":162,"column":53}},"loc":{"start":{"line":162,"column":57},"end":{"line":162,"column":68}},"line":162},"13":{"name":"(anonymous_13)","decl":{"start":{"line":164,"column":52},"end":{"line":164,"column":53}},"loc":{"start":{"line":164,"column":57},"end":{"line":164,"column":68}},"line":164},"14":{"name":"(anonymous_14)","decl":{"start":{"line":176,"column":20},"end":{"line":176,"column":21}},"loc":{"start":{"line":176,"column":30},"end":{"line":183,"column":3}},"line":176},"15":{"name":"(anonymous_15)","decl":{"start":{"line":185,"column":28},"end":{"line":185,"column":29}},"loc":{"start":{"line":185,"column":40},"end":{"line":188,"column":3}},"line":185},"16":{"name":"(anonymous_16)","decl":{"start":{"line":190,"column":30},"end":{"line":190,"column":31}},"loc":{"start":{"line":190,"column":36},"end":{"line":193,"column":3}},"line":190},"17":{"name":"(anonymous_17)","decl":{"start":{"line":195,"column":26},"end":{"line":195,"column":27}},"loc":{"start":{"line":195,"column":38},"end":{"line":207,"column":3}},"line":195},"18":{"name":"(anonymous_18)","decl":{"start":{"line":210,"column":25},"end":{"line":210,"column":26}},"loc":{"start":{"line":210,"column":35},"end":{"line":217,"column":3}},"line":210},"19":{"name":"(anonymous_19)","decl":{"start":{"line":219,"column":19},"end":{"line":219,"column":20}},"loc":{"start":{"line":219,"column":31},"end":{"line":248,"column":3}},"line":219},"20":{"name":"(anonymous_20)","decl":{"start":{"line":250,"column":22},"end":{"line":250,"column":23}},"loc":{"start":{"line":250,"column":42},"end":{"line":273,"column":3}},"line":250},"21":{"name":"(anonymous_21)","decl":{"start":{"line":259,"column":19},"end":{"line":259,"column":20}},"loc":{"start":{"line":259,"column":31},"end":{"line":269,"column":11}},"line":259},"22":{"name":"(anonymous_22)","decl":{"start":{"line":263,"column":70},"end":{"line":263,"column":71}},"loc":{"start":{"line":263,"column":75},"end":{"line":263,"column":86}},"line":263},"23":{"name":"(anonymous_23)","decl":{"start":{"line":265,"column":66},"end":{"line":265,"column":67}},"loc":{"start":{"line":265,"column":71},"end":{"line":265,"column":82}},"line":265},"24":{"name":"(anonymous_24)","decl":{"start":{"line":275,"column":25},"end":{"line":275,"column":26}},"loc":{"start":{"line":275,"column":42},"end":{"line":285,"column":3}},"line":275},"25":{"name":"(anonymous_25)","decl":{"start":{"line":287,"column":21},"end":{"line":287,"column":22}},"loc":{"start":{"line":287,"column":27},"end":{"line":296,"column":3}},"line":287},"26":{"name":"(anonymous_26)","decl":{"start":{"line":298,"column":30},"end":{"line":298,"column":31}},"loc":{"start":{"line":298,"column":53},"end":{"line":367,"column":3}},"line":298},"27":{"name":"(anonymous_27)","decl":{"start":{"line":327,"column":13},"end":{"line":327,"column":14}},"loc":{"start":{"line":327,"column":19},"end":{"line":330,"column":5}},"line":327},"28":{"name":"(anonymous_28)","decl":{"start":{"line":329,"column":17},"end":{"line":329,"column":18}},"loc":{"start":{"line":329,"column":23},"end":{"line":329,"column":35}},"line":329},"29":{"name":"(anonymous_29)","decl":{"start":{"line":351,"column":15},"end":{"line":351,"column":16}},"loc":{"start":{"line":351,"column":21},"end":{"line":366,"column":5}},"line":351},"30":{"name":"(anonymous_30)","decl":{"start":{"line":380,"column":24},"end":{"line":380,"column":25}},"loc":{"start":{"line":380,"column":44},"end":{"line":386,"column":3}},"line":380},"31":{"name":"(anonymous_31)","decl":{"start":{"line":435,"column":30},"end":{"line":435,"column":31}},"loc":{"start":{"line":435,"column":44},"end":{"line":456,"column":13}},"line":435},"32":{"name":"(anonymous_32)","decl":{"start":{"line":517,"column":23},"end":{"line":517,"column":24}},"loc":{"start":{"line":517,"column":29},"end":{"line":517,"column":54}},"line":517},"33":{"name":"(anonymous_33)","decl":{"start":{"line":530,"column":43},"end":{"line":530,"column":44}},"loc":{"start":{"line":531,"column":16},"end":{"line":537,"column":35}},"line":531},"34":{"name":"(anonymous_34)","decl":{"start":{"line":534,"column":31},"end":{"line":534,"column":32}},"loc":{"start":{"line":534,"column":37},"end":{"line":534,"column":71}},"line":534},"35":{"name":"(anonymous_35)","decl":{"start":{"line":549,"column":23},"end":{"line":549,"column":24}},"loc":{"start":{"line":549,"column":29},"end":{"line":549,"column":53}},"line":549},"36":{"name":"(anonymous_36)","decl":{"start":{"line":562,"column":41},"end":{"line":562,"column":42}},"loc":{"start":{"line":563,"column":16},"end":{"line":569,"column":35}},"line":563},"37":{"name":"(anonymous_37)","decl":{"start":{"line":566,"column":31},"end":{"line":566,"column":32}},"loc":{"start":{"line":566,"column":37},"end":{"line":566,"column":69}},"line":566},"38":{"name":"(anonymous_38)","decl":{"start":{"line":581,"column":23},"end":{"line":581,"column":24}},"loc":{"start":{"line":581,"column":29},"end":{"line":581,"column":45}},"line":581},"39":{"name":"(anonymous_39)","decl":{"start":{"line":595,"column":27},"end":{"line":595,"column":28}},"loc":{"start":{"line":596,"column":14},"end":{"line":606,"column":33}},"line":596},"40":{"name":"(anonymous_40)","decl":{"start":{"line":599,"column":25},"end":{"line":599,"column":26}},"loc":{"start":{"line":599,"column":31},"end":{"line":599,"column":53}},"line":599},"41":{"name":"(anonymous_41)","decl":{"start":{"line":600,"column":29},"end":{"line":600,"column":30}},"loc":{"start":{"line":600,"column":35},"end":{"line":600,"column":62}},"line":600},"42":{"name":"(anonymous_42)","decl":{"start":{"line":617,"column":23},"end":{"line":617,"column":24}},"loc":{"start":{"line":617,"column":29},"end":{"line":617,"column":45}},"line":617},"43":{"name":"(anonymous_43)","decl":{"start":{"line":631,"column":27},"end":{"line":631,"column":28}},"loc":{"start":{"line":632,"column":14},"end":{"line":642,"column":33}},"line":632},"44":{"name":"(anonymous_44)","decl":{"start":{"line":635,"column":25},"end":{"line":635,"column":26}},"loc":{"start":{"line":635,"column":31},"end":{"line":635,"column":53}},"line":635},"45":{"name":"(anonymous_45)","decl":{"start":{"line":636,"column":29},"end":{"line":636,"column":30}},"loc":{"start":{"line":636,"column":35},"end":{"line":636,"column":62}},"line":636},"46":{"name":"(anonymous_46)","decl":{"start":{"line":652,"column":24},"end":{"line":652,"column":25}},"loc":{"start":{"line":652,"column":30},"end":{"line":652,"column":52}},"line":652},"47":{"name":"(anonymous_47)","decl":{"start":{"line":688,"column":25},"end":{"line":688,"column":26}},"loc":{"start":{"line":688,"column":31},"end":{"line":692,"column":17}},"line":688},"48":{"name":"(anonymous_48)","decl":{"start":{"line":718,"column":24},"end":{"line":718,"column":25}},"loc":{"start":{"line":718,"column":30},"end":{"line":718,"column":58}},"line":718},"49":{"name":"(anonymous_49)","decl":{"start":{"line":741,"column":23},"end":{"line":741,"column":24}},"loc":{"start":{"line":741,"column":29},"end":{"line":741,"column":57}},"line":741},"50":{"name":"(anonymous_50)","decl":{"start":{"line":754,"column":24},"end":{"line":754,"column":25}},"loc":{"start":{"line":754,"column":30},"end":{"line":754,"column":67}},"line":754},"51":{"name":"(anonymous_51)","decl":{"start":{"line":774,"column":25},"end":{"line":774,"column":26}},"loc":{"start":{"line":774,"column":31},"end":{"line":776,"column":17}},"line":774},"52":{"name":"(anonymous_52)","decl":{"start":{"line":797,"column":24},"end":{"line":797,"column":25}},"loc":{"start":{"line":797,"column":30},"end":{"line":797,"column":57}},"line":797},"53":{"name":"(anonymous_53)","decl":{"start":{"line":817,"column":25},"end":{"line":817,"column":26}},"loc":{"start":{"line":817,"column":31},"end":{"line":820,"column":17}},"line":817}},"branchMap":{"0":{"loc":{"start":{"line":58,"column":4},"end":{"line":61,"column":5}},"type":"if","locations":[{"start":{"line":58,"column":4},"end":{"line":61,"column":5}},{"start":{},"end":{}}],"line":58},"1":{"loc":{"start":{"line":64,"column":43},"end":{"line":64,"column":67}},"type":"default-arg","locations":[{"start":{"line":64,"column":62},"end":{"line":64,"column":67}}],"line":64},"2":{"loc":{"start":{"line":67,"column":6},"end":{"line":67,"column":41}},"type":"cond-expr","locations":[{"start":{"line":67,"column":25},"end":{"line":67,"column":37}},{"start":{"line":67,"column":40},"end":{"line":67,"column":41}}],"line":67},"3":{"loc":{"start":{"line":73,"column":4},"end":{"line":99,"column":5}},"type":"if","locations":[{"start":{"line":73,"column":4},"end":{"line":99,"column":5}},{"start":{},"end":{}}],"line":73},"4":{"loc":{"start":{"line":89,"column":6},"end":{"line":98,"column":7}},"type":"if","locations":[{"start":{"line":89,"column":6},"end":{"line":98,"column":7}},{"start":{"line":95,"column":13},"end":{"line":98,"column":7}}],"line":89},"5":{"loc":{"start":{"line":106,"column":4},"end":{"line":109,"column":5}},"type":"if","locations":[{"start":{"line":106,"column":4},"end":{"line":109,"column":5}},{"start":{},"end":{}}],"line":106},"6":{"loc":{"start":{"line":121,"column":6},"end":{"line":139,"column":7}},"type":"if","locations":[{"start":{"line":121,"column":6},"end":{"line":139,"column":7}},{"start":{"line":124,"column":13},"end":{"line":139,"column":7}}],"line":121},"7":{"loc":{"start":{"line":131,"column":8},"end":{"line":133,"column":9}},"type":"if","locations":[{"start":{"line":131,"column":8},"end":{"line":133,"column":9}},{"start":{},"end":{}}],"line":131},"8":{"loc":{"start":{"line":161,"column":12},"end":{"line":167,"column":13}},"type":"if","locations":[{"start":{"line":161,"column":12},"end":{"line":167,"column":13}},{"start":{"line":163,"column":19},"end":{"line":167,"column":13}}],"line":161},"9":{"loc":{"start":{"line":177,"column":4},"end":{"line":180,"column":5}},"type":"if","locations":[{"start":{"line":177,"column":4},"end":{"line":180,"column":5}},{"start":{},"end":{}}],"line":177},"10":{"loc":{"start":{"line":191,"column":25},"end":{"line":191,"column":48}},"type":"binary-expr","locations":[{"start":{"line":191,"column":25},"end":{"line":191,"column":42}},{"start":{"line":191,"column":46},"end":{"line":191,"column":48}}],"line":191},"11":{"loc":{"start":{"line":211,"column":4},"end":{"line":214,"column":5}},"type":"if","locations":[{"start":{"line":211,"column":4},"end":{"line":214,"column":5}},{"start":{},"end":{}}],"line":211},"12":{"loc":{"start":{"line":222,"column":4},"end":{"line":225,"column":5}},"type":"if","locations":[{"start":{"line":222,"column":4},"end":{"line":225,"column":5}},{"start":{},"end":{}}],"line":222},"13":{"loc":{"start":{"line":236,"column":6},"end":{"line":240,"column":7}},"type":"if","locations":[{"start":{"line":236,"column":6},"end":{"line":240,"column":7}},{"start":{"line":238,"column":13},"end":{"line":240,"column":7}}],"line":236},"14":{"loc":{"start":{"line":237,"column":38},"end":{"line":237,"column":59}},"type":"binary-expr","locations":[{"start":{"line":237,"column":38},"end":{"line":237,"column":53}},{"start":{"line":237,"column":57},"end":{"line":237,"column":59}}],"line":237},"15":{"loc":{"start":{"line":238,"column":13},"end":{"line":240,"column":7}},"type":"if","locations":[{"start":{"line":238,"column":13},"end":{"line":240,"column":7}},{"start":{},"end":{}}],"line":238},"16":{"loc":{"start":{"line":239,"column":36},"end":{"line":239,"column":55}},"type":"binary-expr","locations":[{"start":{"line":239,"column":36},"end":{"line":239,"column":49}},{"start":{"line":239,"column":53},"end":{"line":239,"column":55}}],"line":239},"17":{"loc":{"start":{"line":262,"column":12},"end":{"line":266,"column":13}},"type":"if","locations":[{"start":{"line":262,"column":12},"end":{"line":266,"column":13}},{"start":{"line":264,"column":19},"end":{"line":266,"column":13}}],"line":262},"18":{"loc":{"start":{"line":263,"column":40},"end":{"line":263,"column":61}},"type":"binary-expr","locations":[{"start":{"line":263,"column":40},"end":{"line":263,"column":55}},{"start":{"line":263,"column":59},"end":{"line":263,"column":61}}],"line":263},"19":{"loc":{"start":{"line":264,"column":19},"end":{"line":266,"column":13}},"type":"if","locations":[{"start":{"line":264,"column":19},"end":{"line":266,"column":13}},{"start":{},"end":{}}],"line":264},"20":{"loc":{"start":{"line":265,"column":38},"end":{"line":265,"column":57}},"type":"binary-expr","locations":[{"start":{"line":265,"column":38},"end":{"line":265,"column":51}},{"start":{"line":265,"column":55},"end":{"line":265,"column":57}}],"line":265},"21":{"loc":{"start":{"line":369,"column":2},"end":{"line":375,"column":3}},"type":"if","locations":[{"start":{"line":369,"column":2},"end":{"line":375,"column":3}},{"start":{},"end":{}}],"line":369},"22":{"loc":{"start":{"line":378,"column":22},"end":{"line":378,"column":66}},"type":"binary-expr","locations":[{"start":{"line":378,"column":22},"end":{"line":378,"column":41}},{"start":{"line":378,"column":45},"end":{"line":378,"column":66}}],"line":378},"23":{"loc":{"start":{"line":381,"column":4},"end":{"line":381,"column":44}},"type":"if","locations":[{"start":{"line":381,"column":4},"end":{"line":381,"column":44}},{"start":{},"end":{}}],"line":381},"24":{"loc":{"start":{"line":382,"column":4},"end":{"line":382,"column":46}},"type":"if","locations":[{"start":{"line":382,"column":4},"end":{"line":382,"column":46}},{"start":{},"end":{}}],"line":382},"25":{"loc":{"start":{"line":383,"column":4},"end":{"line":383,"column":46}},"type":"if","locations":[{"start":{"line":383,"column":4},"end":{"line":383,"column":46}},{"start":{},"end":{}}],"line":383},"26":{"loc":{"start":{"line":384,"column":4},"end":{"line":384,"column":46}},"type":"if","locations":[{"start":{"line":384,"column":4},"end":{"line":384,"column":46}},{"start":{},"end":{}}],"line":384},"27":{"loc":{"start":{"line":405,"column":7},"end":{"line":425,"column":7}},"type":"binary-expr","locations":[{"start":{"line":405,"column":7},"end":{"line":405,"column":17}},{"start":{"line":406,"column":8},"end":{"line":424,"column":15}}],"line":405},"28":{"loc":{"start":{"line":427,"column":35},"end":{"line":427,"column":72}},"type":"binary-expr","locations":[{"start":{"line":427,"column":35},"end":{"line":427,"column":46}},{"start":{"line":427,"column":50},"end":{"line":427,"column":72}}],"line":427},"29":{"loc":{"start":{"line":429,"column":11},"end":{"line":429,"column":154}},"type":"cond-expr","locations":[{"start":{"line":429,"column":25},"end":{"line":429,"column":42}},{"start":{"line":429,"column":45},"end":{"line":429,"column":154}}],"line":429},"30":{"loc":{"start":{"line":429,"column":45},"end":{"line":429,"column":154}},"type":"cond-expr","locations":[{"start":{"line":429,"column":68},"end":{"line":429,"column":84}},{"start":{"line":429,"column":87},"end":{"line":429,"column":154}}],"line":429},"31":{"loc":{"start":{"line":429,"column":103},"end":{"line":429,"column":152}},"type":"cond-expr","locations":[{"start":{"line":429,"column":119},"end":{"line":429,"column":135}},{"start":{"line":429,"column":138},"end":{"line":429,"column":152}}],"line":429},"32":{"loc":{"start":{"line":432,"column":11},"end":{"line":457,"column":11}},"type":"cond-expr","locations":[{"start":{"line":433,"column":12},"end":{"line":433,"column":61}},{"start":{"line":435,"column":12},"end":{"line":456,"column":14}}],"line":432},"33":{"loc":{"start":{"line":439,"column":34},"end":{"line":439,"column":93}},"type":"cond-expr","locations":[{"start":{"line":439,"column":69},"end":{"line":439,"column":73}},{"start":{"line":439,"column":76},"end":{"line":439,"column":93}}],"line":439},"34":{"loc":{"start":{"line":439,"column":34},"end":{"line":439,"column":66}},"type":"binary-expr","locations":[{"start":{"line":439,"column":34},"end":{"line":439,"column":46}},{"start":{"line":439,"column":50},"end":{"line":439,"column":66}}],"line":439},"35":{"loc":{"start":{"line":445,"column":20},"end":{"line":450,"column":21}},"type":"binary-expr","locations":[{"start":{"line":445,"column":20},"end":{"line":445,"column":32}},{"start":{"line":445,"column":36},"end":{"line":445,"column":53}},{"start":{"line":445,"column":57},"end":{"line":450,"column":21}}],"line":445},"36":{"loc":{"start":{"line":453,"column":19},"end":{"line":453,"column":44}},"type":"cond-expr","locations":[{"start":{"line":453,"column":33},"end":{"line":453,"column":37}},{"start":{"line":453,"column":40},"end":{"line":453,"column":44}}],"line":453},"37":{"loc":{"start":{"line":463,"column":9},"end":{"line":488,"column":9}},"type":"cond-expr","locations":[{"start":{"line":464,"column":10},"end":{"line":474,"column":29}},{"start":{"line":476,"column":10},"end":{"line":487,"column":11}}],"line":463},"38":{"loc":{"start":{"line":471,"column":15},"end":{"line":471,"column":70}},"type":"binary-expr","locations":[{"start":{"line":471,"column":15},"end":{"line":471,"column":27}},{"start":{"line":471,"column":31},"end":{"line":471,"column":70}}],"line":471},"39":{"loc":{"start":{"line":476,"column":10},"end":{"line":487,"column":11}},"type":"binary-expr","locations":[{"start":{"line":476,"column":10},"end":{"line":476,"column":22}},{"start":{"line":477,"column":12},"end":{"line":486,"column":31}}],"line":476},"40":{"loc":{"start":{"line":499,"column":21},"end":{"line":499,"column":41}},"type":"binary-expr","locations":[{"start":{"line":499,"column":21},"end":{"line":499,"column":35}},{"start":{"line":499,"column":39},"end":{"line":499,"column":41}}],"line":499},"41":{"loc":{"start":{"line":508,"column":46},"end":{"line":508,"column":66}},"type":"binary-expr","locations":[{"start":{"line":508,"column":46},"end":{"line":508,"column":60}},{"start":{"line":508,"column":64},"end":{"line":508,"column":66}}],"line":508},"42":{"loc":{"start":{"line":514,"column":60},"end":{"line":514,"column":81}},"type":"binary-expr","locations":[{"start":{"line":514,"column":60},"end":{"line":514,"column":75}},{"start":{"line":514,"column":79},"end":{"line":514,"column":81}}],"line":514},"43":{"loc":{"start":{"line":524,"column":11},"end":{"line":540,"column":11}},"type":"cond-expr","locations":[{"start":{"line":525,"column":12},"end":{"line":527,"column":19}},{"start":{"line":529,"column":12},"end":{"line":539,"column":19}}],"line":524},"44":{"loc":{"start":{"line":524,"column":12},"end":{"line":524,"column":33}},"type":"binary-expr","locations":[{"start":{"line":524,"column":12},"end":{"line":524,"column":27}},{"start":{"line":524,"column":31},"end":{"line":524,"column":33}}],"line":524},"45":{"loc":{"start":{"line":530,"column":16},"end":{"line":530,"column":37}},"type":"binary-expr","locations":[{"start":{"line":530,"column":16},"end":{"line":530,"column":31}},{"start":{"line":530,"column":35},"end":{"line":530,"column":37}}],"line":530},"46":{"loc":{"start":{"line":546,"column":60},"end":{"line":546,"column":79}},"type":"binary-expr","locations":[{"start":{"line":546,"column":60},"end":{"line":546,"column":73}},{"start":{"line":546,"column":77},"end":{"line":546,"column":79}}],"line":546},"47":{"loc":{"start":{"line":556,"column":11},"end":{"line":572,"column":11}},"type":"cond-expr","locations":[{"start":{"line":557,"column":12},"end":{"line":559,"column":19}},{"start":{"line":561,"column":12},"end":{"line":571,"column":19}}],"line":556},"48":{"loc":{"start":{"line":556,"column":12},"end":{"line":556,"column":31}},"type":"binary-expr","locations":[{"start":{"line":556,"column":12},"end":{"line":556,"column":25}},{"start":{"line":556,"column":29},"end":{"line":556,"column":31}}],"line":556},"49":{"loc":{"start":{"line":562,"column":16},"end":{"line":562,"column":35}},"type":"binary-expr","locations":[{"start":{"line":562,"column":16},"end":{"line":562,"column":29}},{"start":{"line":562,"column":33},"end":{"line":562,"column":35}}],"line":562},"50":{"loc":{"start":{"line":590,"column":11},"end":{"line":608,"column":11}},"type":"cond-expr","locations":[{"start":{"line":591,"column":12},"end":{"line":593,"column":19}},{"start":{"line":595,"column":12},"end":{"line":607,"column":14}}],"line":590},"51":{"loc":{"start":{"line":602,"column":49},"end":{"line":602,"column":70}},"type":"binary-expr","locations":[{"start":{"line":602,"column":49},"end":{"line":602,"column":58}},{"start":{"line":602,"column":62},"end":{"line":602,"column":70}}],"line":602},"52":{"loc":{"start":{"line":626,"column":11},"end":{"line":644,"column":11}},"type":"cond-expr","locations":[{"start":{"line":627,"column":12},"end":{"line":629,"column":19}},{"start":{"line":631,"column":12},"end":{"line":643,"column":14}}],"line":626},"53":{"loc":{"start":{"line":638,"column":49},"end":{"line":638,"column":70}},"type":"binary-expr","locations":[{"start":{"line":638,"column":49},"end":{"line":638,"column":58}},{"start":{"line":638,"column":62},"end":{"line":638,"column":70}}],"line":638},"54":{"loc":{"start":{"line":657,"column":15},"end":{"line":657,"column":105}},"type":"cond-expr","locations":[{"start":{"line":657,"column":38},"end":{"line":657,"column":64}},{"start":{"line":657,"column":67},"end":{"line":657,"column":105}}],"line":657},"55":{"loc":{"start":{"line":679,"column":13},"end":{"line":683,"column":13}},"type":"binary-expr","locations":[{"start":{"line":679,"column":13},"end":{"line":679,"column":33}},{"start":{"line":680,"column":14},"end":{"line":682,"column":21}}],"line":679},"56":{"loc":{"start":{"line":681,"column":68},"end":{"line":681,"column":121}},"type":"cond-expr","locations":[{"start":{"line":681,"column":88},"end":{"line":681,"column":104}},{"start":{"line":681,"column":107},"end":{"line":681,"column":121}}],"line":681},"57":{"loc":{"start":{"line":700,"column":18},"end":{"line":700,"column":80}},"type":"cond-expr","locations":[{"start":{"line":700,"column":41},"end":{"line":700,"column":61}},{"start":{"line":700,"column":64},"end":{"line":700,"column":80}}],"line":700},"58":{"loc":{"start":{"line":723,"column":15},"end":{"line":723,"column":86}},"type":"binary-expr","locations":[{"start":{"line":723,"column":15},"end":{"line":723,"column":36}},{"start":{"line":723,"column":40},"end":{"line":723,"column":60}},{"start":{"line":723,"column":64},"end":{"line":723,"column":86}}],"line":723},"59":{"loc":{"start":{"line":726,"column":13},"end":{"line":728,"column":13}},"type":"binary-expr","locations":[{"start":{"line":726,"column":13},"end":{"line":726,"column":40}},{"start":{"line":727,"column":14},"end":{"line":727,"column":88}}],"line":726},"60":{"loc":{"start":{"line":731,"column":15},"end":{"line":736,"column":16}},"type":"binary-expr","locations":[{"start":{"line":731,"column":15},"end":{"line":731,"column":40}},{"start":{"line":731,"column":44},"end":{"line":736,"column":16}}],"line":731},"61":{"loc":{"start":{"line":802,"column":15},"end":{"line":802,"column":84}},"type":"cond-expr","locations":[{"start":{"line":802,"column":41},"end":{"line":802,"column":62}},{"start":{"line":802,"column":65},"end":{"line":802,"column":84}}],"line":802},"62":{"loc":{"start":{"line":807,"column":27},"end":{"line":807,"column":108}},"type":"cond-expr","locations":[{"start":{"line":807,"column":53},"end":{"line":807,"column":80}},{"start":{"line":807,"column":83},"end":{"line":807,"column":108}}],"line":807},"63":{"loc":{"start":{"line":828,"column":18},"end":{"line":828,"column":83}},"type":"cond-expr","locations":[{"start":{"line":828,"column":44},"end":{"line":828,"column":64}},{"start":{"line":828,"column":67},"end":{"line":828,"column":83}}],"line":828}},"s":{"0":1,"1":1,"2":1,"3":1,"4":62,"5":62,"6":62,"7":62,"8":62,"9":62,"10":62,"11":62,"12":62,"13":62,"14":62,"15":62,"16":62,"17":62,"18":62,"19":62,"20":62,"21":62,"22":62,"23":62,"24":62,"25":62,"26":22,"27":62,"28":22,"29":22,"30":21,"31":22,"32":21,"33":21,"34":62,"35":4,"36":4,"37":4,"38":4,"39":4,"40":4,"41":0,"42":0,"43":0,"44":0,"45":0,"46":0,"47":0,"48":0,"49":0,"50":62,"51":1,"52":1,"53":1,"54":0,"55":0,"56":1,"57":1,"58":1,"59":1,"60":1,"61":1,"62":0,"63":0,"64":0,"65":0,"66":0,"67":0,"68":0,"69":0,"70":1,"71":1,"72":1,"73":0,"74":62,"75":2,"76":1,"77":1,"78":0,"79":0,"80":1,"81":1,"82":1,"83":1,"84":62,"85":1,"86":0,"87":0,"88":1,"89":1,"90":62,"91":0,"92":0,"93":62,"94":4,"95":4,"96":62,"97":2,"98":2,"99":2,"100":2,"101":2,"102":0,"103":62,"104":6,"105":0,"106":0,"107":6,"108":6,"109":62,"110":0,"111":0,"112":0,"113":0,"114":0,"115":0,"116":0,"117":0,"118":0,"119":0,"120":0,"121":0,"122":0,"123":0,"124":0,"125":62,"126":0,"127":0,"128":0,"129":0,"130":0,"131":0,"132":0,"133":0,"134":0,"135":62,"136":0,"137":0,"138":0,"139":0,"140":62,"141":0,"142":0,"143":0,"144":0,"145":0,"146":0,"147":0,"148":0,"149":62,"150":0,"151":0,"152":0,"153":0,"154":0,"155":0,"156":0,"157":0,"158":0,"159":0,"160":0,"161":0,"162":0,"163":0,"164":0,"165":0,"166":0,"167":0,"168":0,"169":0,"170":0,"171":62,"172":22,"173":40,"174":40,"175":40,"176":0,"177":0,"178":0,"179":0,"180":0,"181":0,"182":0,"183":0,"184":0,"185":40,"186":40,"187":40,"188":190,"189":190,"190":190,"191":5,"192":0,"193":0,"194":1,"195":0,"196":0,"197":0,"198":1,"199":0,"200":1,"201":1,"202":2,"203":0,"204":1,"205":0,"206":0,"207":0,"208":0,"209":0,"210":0,"211":0,"212":0,"213":0,"214":0,"215":0,"216":1},"f":{"0":62,"1":22,"2":22,"3":21,"4":4,"5":4,"6":0,"7":0,"8":0,"9":1,"10":2,"11":1,"12":0,"13":1,"14":1,"15":0,"16":4,"17":2,"18":6,"19":0,"20":0,"21":0,"22":0,"23":0,"24":0,"25":0,"26":0,"27":0,"28":0,"29":0,"30":0,"31":190,"32":5,"33":0,"34":0,"35":1,"36":0,"37":0,"38":0,"39":1,"40":0,"41":1,"42":1,"43":2,"44":0,"45":1,"46":0,"47":0,"48":0,"49":0,"50":0,"51":0,"52":0,"53":0},"b":{"0":[21,1],"1":[4],"2":[4,0],"3":[0,4],"4":[0,0],"5":[0,1],"6":[1,0],"7":[0,0],"8":[0,1],"9":[0,1],"10":[4,0],"11":[0,6],"12":[0,0],"13":[0,0],"14":[0,0],"15":[0,0],"16":[0,0],"17":[0,0],"18":[0,0],"19":[0,0],"20":[0,0],"21":[22,40],"22":[40,2],"23":[0,0],"24":[0,0],"25":[0,0],"26":[0,0],"27":[40,0],"28":[40,2],"29":[2,38],"30":[0,38],"31":[36,2],"32":[2,38],"33":[0,190],"34":[190,0],"35":[190,0,0],"36":[177,13],"37":[37,3],"38":[37,35],"39":[3,3],"40":[40,40],"41":[40,40],"42":[40,40],"43":[40,0],"44":[40,40],"45":[0,0],"46":[40,40],"47":[40,0],"48":[40,40],"49":[0,0],"50":[39,1],"51":[1,0],"52":[38,2],"53":[2,1],"54":[4,36],"55":[40,0],"56":[0,0],"57":[4,36],"58":[40,40,40],"59":[40,0],"60":[40,0],"61":[5,35],"62":[5,35],"63":[5,35]},"_coverageSchema":"1a1c01bbd47fc00a2c39e90264f33305004495a9","hash":"8da5af7c02485ea9d2db8652ad327ee02962c330"}
,"/home/torof/crush life/src/screens/CrushListScreen.js": {"path":"/home/torof/crush life/src/screens/CrushListScreen.js","statementMap":{"0":{"start":{"line":21,"column":0},"end":{"line":23,"column":1}},"1":{"start":{"line":22,"column":2},"end":{"line":22,"column":56}},"2":{"start":{"line":26,"column":32},"end":{"line":26,"column":44}},"3":{"start":{"line":27,"column":42},"end":{"line":27,"column":57}},"4":{"start":{"line":28,"column":42},"end":{"line":28,"column":54}},"5":{"start":{"line":29,"column":56},"end":{"line":29,"column":68}},"6":{"start":{"line":30,"column":58},"end":{"line":30,"column":73}},"7":{"start":{"line":31,"column":58},"end":{"line":31,"column":73}},"8":{"start":{"line":32,"column":40},"end":{"line":32,"column":55}},"9":{"start":{"line":33,"column":38},"end":{"line":33,"column":52}},"10":{"start":{"line":34,"column":36},"end":{"line":34,"column":48}},"11":{"start":{"line":35,"column":38},"end":{"line":35,"column":52}},"12":{"start":{"line":37,"column":26},"end":{"line":37,"column":35}},"13":{"start":{"line":38,"column":24},"end":{"line":38,"column":35}},"14":{"start":{"line":39,"column":28},"end":{"line":39,"column":40}},"15":{"start":{"line":40,"column":24},"end":{"line":40,"column":34}},"16":{"start":{"line":42,"column":2},"end":{"line":44,"column":9}},"17":{"start":{"line":43,"column":4},"end":{"line":43,"column":15}},"18":{"start":{"line":46,"column":2},"end":{"line":51,"column":19}},"19":{"start":{"line":47,"column":24},"end":{"line":49,"column":6}},"20":{"start":{"line":48,"column":6},"end":{"line":48,"column":17}},"21":{"start":{"line":50,"column":4},"end":{"line":50,"column":23}},"22":{"start":{"line":53,"column":19},"end":{"line":56,"column":3}},"23":{"start":{"line":54,"column":17},"end":{"line":54,"column":36}},"24":{"start":{"line":55,"column":4},"end":{"line":55,"column":21}},"25":{"start":{"line":58,"column":19},"end":{"line":92,"column":3}},"26":{"start":{"line":59,"column":26},"end":{"line":59,"column":53}},"27":{"start":{"line":60,"column":33},"end":{"line":60,"column":67}},"28":{"start":{"line":62,"column":4},"end":{"line":65,"column":5}},"29":{"start":{"line":63,"column":6},"end":{"line":63,"column":61}},"30":{"start":{"line":64,"column":6},"end":{"line":64,"column":13}},"31":{"start":{"line":67,"column":4},"end":{"line":91,"column":5}},"32":{"start":{"line":68,"column":23},"end":{"line":80,"column":7}},"33":{"start":{"line":82,"column":29},"end":{"line":82,"column":51}},"34":{"start":{"line":83,"column":6},"end":{"line":83,"column":33}},"35":{"start":{"line":84,"column":6},"end":{"line":84,"column":40}},"36":{"start":{"line":86,"column":6},"end":{"line":86,"column":26}},"37":{"start":{"line":87,"column":6},"end":{"line":87,"column":33}},"38":{"start":{"line":88,"column":6},"end":{"line":88,"column":29}},"39":{"start":{"line":90,"column":6},"end":{"line":90,"column":69}},"40":{"start":{"line":94,"column":22},"end":{"line":111,"column":3}},"41":{"start":{"line":95,"column":4},"end":{"line":110,"column":6}},"42":{"start":{"line":104,"column":35},"end":{"line":104,"column":67}},"43":{"start":{"line":104,"column":55},"end":{"line":104,"column":66}},"44":{"start":{"line":105,"column":12},"end":{"line":105,"column":39}},"45":{"start":{"line":106,"column":12},"end":{"line":106,"column":46}},"46":{"start":{"line":113,"column":23},"end":{"line":129,"column":3}},"47":{"start":{"line":114,"column":4},"end":{"line":128,"column":6}},"48":{"start":{"line":123,"column":12},"end":{"line":123,"column":36}},"49":{"start":{"line":124,"column":12},"end":{"line":124,"column":27}},"50":{"start":{"line":131,"column":31},"end":{"line":144,"column":3}},"51":{"start":{"line":132,"column":26},"end":{"line":132,"column":61}},"52":{"start":{"line":132,"column":46},"end":{"line":132,"column":60}},"53":{"start":{"line":133,"column":29},"end":{"line":133,"column":65}},"54":{"start":{"line":133,"column":49},"end":{"line":133,"column":64}},"55":{"start":{"line":136,"column":28},"end":{"line":139,"column":7}},"56":{"start":{"line":136,"column":59},"end":{"line":139,"column":5}},"57":{"start":{"line":141,"column":23},"end":{"line":141,"column":64}},"58":{"start":{"line":142,"column":4},"end":{"line":142,"column":34}},"59":{"start":{"line":143,"column":4},"end":{"line":143,"column":27}},"60":{"start":{"line":146,"column":28},"end":{"line":158,"column":3}},"61":{"start":{"line":147,"column":4},"end":{"line":157,"column":5}},"62":{"start":{"line":149,"column":28},"end":{"line":149,"column":63}},"63":{"start":{"line":149,"column":48},"end":{"line":149,"column":62}},"64":{"start":{"line":150,"column":6},"end":{"line":150,"column":34}},"65":{"start":{"line":151,"column":6},"end":{"line":151,"column":27}},"66":{"start":{"line":152,"column":6},"end":{"line":152,"column":37}},"67":{"start":{"line":155,"column":6},"end":{"line":155,"column":29}},"68":{"start":{"line":156,"column":6},"end":{"line":156,"column":28}},"69":{"start":{"line":160,"column":24},"end":{"line":166,"column":3}},"70":{"start":{"line":161,"column":4},"end":{"line":161,"column":39}},"71":{"start":{"line":161,"column":25},"end":{"line":161,"column":39}},"72":{"start":{"line":162,"column":4},"end":{"line":162,"column":41}},"73":{"start":{"line":162,"column":24},"end":{"line":162,"column":41}},"74":{"start":{"line":163,"column":4},"end":{"line":163,"column":41}},"75":{"start":{"line":163,"column":24},"end":{"line":163,"column":41}},"76":{"start":{"line":164,"column":4},"end":{"line":164,"column":41}},"77":{"start":{"line":164,"column":24},"end":{"line":164,"column":41}},"78":{"start":{"line":165,"column":4},"end":{"line":165,"column":21}},"79":{"start":{"line":169,"column":24},"end":{"line":169,"column":59}},"80":{"start":{"line":169,"column":44},"end":{"line":169,"column":58}},"81":{"start":{"line":170,"column":27},"end":{"line":170,"column":63}},"82":{"start":{"line":170,"column":47},"end":{"line":170,"column":62}},"83":{"start":{"line":172,"column":22},"end":{"line":193,"column":3}},"84":{"start":{"line":173,"column":22},"end":{"line":173,"column":39}},"85":{"start":{"line":175,"column":4},"end":{"line":192,"column":6}},"86":{"start":{"line":178,"column":23},"end":{"line":178,"column":79}},"87":{"start":{"line":179,"column":27},"end":{"line":179,"column":47}},"88":{"start":{"line":185,"column":14},"end":{"line":187,"column":21}},"89":{"start":{"line":195,"column":31},"end":{"line":210,"column":3}},"90":{"start":{"line":196,"column":4},"end":{"line":209,"column":6}},"91":{"start":{"line":200,"column":10},"end":{"line":200,"column":41}},"92":{"start":{"line":201,"column":10},"end":{"line":201,"column":67}},"93":{"start":{"line":213,"column":24},"end":{"line":303,"column":4}},"94":{"start":{"line":214,"column":18},"end":{"line":214,"column":56}},"95":{"start":{"line":214,"column":33},"end":{"line":214,"column":55}},"96":{"start":{"line":215,"column":26},"end":{"line":215,"column":39}},"97":{"start":{"line":217,"column":25},"end":{"line":264,"column":5}},"98":{"start":{"line":218,"column":6},"end":{"line":263,"column":8}},"99":{"start":{"line":219,"column":44},"end":{"line":219,"column":48}},"100":{"start":{"line":220,"column":43},"end":{"line":220,"column":47}},"101":{"start":{"line":221,"column":48},"end":{"line":221,"column":53}},"102":{"start":{"line":224,"column":10},"end":{"line":224,"column":44}},"103":{"start":{"line":225,"column":10},"end":{"line":225,"column":40}},"104":{"start":{"line":226,"column":10},"end":{"line":226,"column":33}},"105":{"start":{"line":231,"column":10},"end":{"line":231,"column":53}},"106":{"start":{"line":234,"column":36},"end":{"line":234,"column":57}},"107":{"start":{"line":235,"column":25},"end":{"line":235,"column":60}},"108":{"start":{"line":236,"column":30},"end":{"line":236,"column":76}},"109":{"start":{"line":237,"column":31},"end":{"line":237,"column":87}},"110":{"start":{"line":240,"column":10},"end":{"line":240,"column":47}},"111":{"start":{"line":245,"column":34},"end":{"line":245,"column":55}},"112":{"start":{"line":246,"column":10},"end":{"line":251,"column":11}},"113":{"start":{"line":247,"column":29},"end":{"line":247,"column":43}},"114":{"start":{"line":248,"column":32},"end":{"line":248,"column":77}},"115":{"start":{"line":249,"column":12},"end":{"line":249,"column":59}},"116":{"start":{"line":250,"column":12},"end":{"line":250,"column":35}},"117":{"start":{"line":254,"column":10},"end":{"line":254,"column":30}},"118":{"start":{"line":255,"column":10},"end":{"line":255,"column":43}},"119":{"start":{"line":258,"column":10},"end":{"line":261,"column":21}},"120":{"start":{"line":266,"column":22},"end":{"line":266,"column":39}},"121":{"start":{"line":267,"column":27},"end":{"line":267,"column":49}},"122":{"start":{"line":269,"column":4},"end":{"line":302,"column":6}},"123":{"start":{"line":284,"column":25},"end":{"line":284,"column":52}},"124":{"start":{"line":285,"column":10},"end":{"line":285,"column":46}},"125":{"start":{"line":295,"column":14},"end":{"line":297,"column":21}},"126":{"start":{"line":305,"column":2},"end":{"line":522,"column":4}},"127":{"start":{"line":312,"column":25},"end":{"line":312,"column":54}},"128":{"start":{"line":334,"column":12},"end":{"line":334,"column":69}},"129":{"start":{"line":341,"column":32},"end":{"line":341,"column":39}},"130":{"start":{"line":356,"column":25},"end":{"line":356,"column":54}},"131":{"start":{"line":371,"column":25},"end":{"line":371,"column":46}},"132":{"start":{"line":392,"column":30},"end":{"line":392,"column":52}},"133":{"start":{"line":421,"column":18},"end":{"line":421,"column":38}},"134":{"start":{"line":422,"column":18},"end":{"line":422,"column":45}},"135":{"start":{"line":423,"column":18},"end":{"line":423,"column":41}},"136":{"start":{"line":447,"column":30},"end":{"line":447,"column":60}},"137":{"start":{"line":456,"column":36},"end":{"line":456,"column":43}},"138":{"start":{"line":467,"column":29},"end":{"line":467,"column":59}},"139":{"start":{"line":480,"column":30},"end":{"line":480,"column":60}},"140":{"start":{"line":500,"column":16},"end":{"line":500,"column":47}},"141":{"start":{"line":501,"column":16},"end":{"line":501,"column":31}},"142":{"start":{"line":513,"column":29},"end":{"line":513,"column":59}},"143":{"start":{"line":525,"column":15},"end":{"line":931,"column":2}}},"fnMap":{"0":{"name":"CrushListScreen","decl":{"start":{"line":25,"column":24},"end":{"line":25,"column":39}},"loc":{"start":{"line":25,"column":56},"end":{"line":523,"column":1}},"line":25},"1":{"name":"(anonymous_1)","decl":{"start":{"line":42,"column":12},"end":{"line":42,"column":13}},"loc":{"start":{"line":42,"column":18},"end":{"line":44,"column":3}},"line":42},"2":{"name":"(anonymous_2)","decl":{"start":{"line":46,"column":12},"end":{"line":46,"column":13}},"loc":{"start":{"line":46,"column":18},"end":{"line":51,"column":3}},"line":46},"3":{"name":"(anonymous_3)","decl":{"start":{"line":47,"column":56},"end":{"line":47,"column":57}},"loc":{"start":{"line":47,"column":62},"end":{"line":49,"column":5}},"line":47},"4":{"name":"(anonymous_4)","decl":{"start":{"line":53,"column":19},"end":{"line":53,"column":20}},"loc":{"start":{"line":53,"column":31},"end":{"line":56,"column":3}},"line":53},"5":{"name":"(anonymous_5)","decl":{"start":{"line":58,"column":19},"end":{"line":58,"column":20}},"loc":{"start":{"line":58,"column":31},"end":{"line":92,"column":3}},"line":58},"6":{"name":"(anonymous_6)","decl":{"start":{"line":94,"column":22},"end":{"line":94,"column":23}},"loc":{"start":{"line":94,"column":36},"end":{"line":111,"column":3}},"line":94},"7":{"name":"(anonymous_7)","decl":{"start":{"line":103,"column":19},"end":{"line":103,"column":20}},"loc":{"start":{"line":103,"column":31},"end":{"line":107,"column":11}},"line":103},"8":{"name":"(anonymous_8)","decl":{"start":{"line":104,"column":50},"end":{"line":104,"column":51}},"loc":{"start":{"line":104,"column":55},"end":{"line":104,"column":66}},"line":104},"9":{"name":"(anonymous_9)","decl":{"start":{"line":113,"column":23},"end":{"line":113,"column":24}},"loc":{"start":{"line":113,"column":29},"end":{"line":129,"column":3}},"line":113},"10":{"name":"(anonymous_10)","decl":{"start":{"line":122,"column":19},"end":{"line":122,"column":20}},"loc":{"start":{"line":122,"column":31},"end":{"line":125,"column":11}},"line":122},"11":{"name":"(anonymous_11)","decl":{"start":{"line":131,"column":31},"end":{"line":131,"column":32}},"loc":{"start":{"line":131,"column":43},"end":{"line":144,"column":3}},"line":131},"12":{"name":"(anonymous_12)","decl":{"start":{"line":132,"column":41},"end":{"line":132,"column":42}},"loc":{"start":{"line":132,"column":46},"end":{"line":132,"column":60}},"line":132},"13":{"name":"(anonymous_13)","decl":{"start":{"line":133,"column":44},"end":{"line":133,"column":45}},"loc":{"start":{"line":133,"column":49},"end":{"line":133,"column":64}},"line":133},"14":{"name":"(anonymous_14)","decl":{"start":{"line":136,"column":42},"end":{"line":136,"column":43}},"loc":{"start":{"line":136,"column":59},"end":{"line":139,"column":5}},"line":136},"15":{"name":"(anonymous_15)","decl":{"start":{"line":146,"column":28},"end":{"line":146,"column":29}},"loc":{"start":{"line":146,"column":34},"end":{"line":158,"column":3}},"line":146},"16":{"name":"(anonymous_16)","decl":{"start":{"line":149,"column":43},"end":{"line":149,"column":44}},"loc":{"start":{"line":149,"column":48},"end":{"line":149,"column":62}},"line":149},"17":{"name":"(anonymous_17)","decl":{"start":{"line":160,"column":24},"end":{"line":160,"column":25}},"loc":{"start":{"line":160,"column":39},"end":{"line":166,"column":3}},"line":160},"18":{"name":"(anonymous_18)","decl":{"start":{"line":169,"column":39},"end":{"line":169,"column":40}},"loc":{"start":{"line":169,"column":44},"end":{"line":169,"column":58}},"line":169},"19":{"name":"(anonymous_19)","decl":{"start":{"line":170,"column":42},"end":{"line":170,"column":43}},"loc":{"start":{"line":170,"column":47},"end":{"line":170,"column":62}},"line":170},"20":{"name":"(anonymous_20)","decl":{"start":{"line":172,"column":22},"end":{"line":172,"column":23}},"loc":{"start":{"line":172,"column":36},"end":{"line":193,"column":3}},"line":172},"21":{"name":"(anonymous_21)","decl":{"start":{"line":178,"column":17},"end":{"line":178,"column":18}},"loc":{"start":{"line":178,"column":23},"end":{"line":178,"column":79}},"line":178},"22":{"name":"(anonymous_22)","decl":{"start":{"line":179,"column":21},"end":{"line":179,"column":22}},"loc":{"start":{"line":179,"column":27},"end":{"line":179,"column":47}},"line":179},"23":{"name":"(anonymous_23)","decl":{"start":{"line":184,"column":31},"end":{"line":184,"column":32}},"loc":{"start":{"line":185,"column":14},"end":{"line":187,"column":21}},"line":185},"24":{"name":"(anonymous_24)","decl":{"start":{"line":195,"column":31},"end":{"line":195,"column":32}},"loc":{"start":{"line":195,"column":45},"end":{"line":210,"column":3}},"line":195},"25":{"name":"(anonymous_25)","decl":{"start":{"line":199,"column":17},"end":{"line":199,"column":18}},"loc":{"start":{"line":199,"column":23},"end":{"line":202,"column":9}},"line":199},"26":{"name":"(anonymous_26)","decl":{"start":{"line":213,"column":35},"end":{"line":213,"column":36}},"loc":{"start":{"line":213,"column":56},"end":{"line":303,"column":3}},"line":213},"27":{"name":"(anonymous_27)","decl":{"start":{"line":214,"column":27},"end":{"line":214,"column":28}},"loc":{"start":{"line":214,"column":33},"end":{"line":214,"column":55}},"line":214},"28":{"name":"(anonymous_28)","decl":{"start":{"line":217,"column":39},"end":{"line":217,"column":40}},"loc":{"start":{"line":218,"column":6},"end":{"line":263,"column":8}},"line":218},"29":{"name":"(anonymous_29)","decl":{"start":{"line":219,"column":38},"end":{"line":219,"column":39}},"loc":{"start":{"line":219,"column":44},"end":{"line":219,"column":48}},"line":219},"30":{"name":"(anonymous_30)","decl":{"start":{"line":220,"column":37},"end":{"line":220,"column":38}},"loc":{"start":{"line":220,"column":43},"end":{"line":220,"column":47}},"line":220},"31":{"name":"(anonymous_31)","decl":{"start":{"line":221,"column":42},"end":{"line":221,"column":43}},"loc":{"start":{"line":221,"column":48},"end":{"line":221,"column":53}},"line":221},"32":{"name":"(anonymous_32)","decl":{"start":{"line":223,"column":29},"end":{"line":223,"column":30}},"loc":{"start":{"line":223,"column":35},"end":{"line":227,"column":9}},"line":223},"33":{"name":"(anonymous_33)","decl":{"start":{"line":229,"column":28},"end":{"line":229,"column":29}},"loc":{"start":{"line":229,"column":51},"end":{"line":241,"column":9}},"line":229},"34":{"name":"(anonymous_34)","decl":{"start":{"line":243,"column":31},"end":{"line":243,"column":32}},"loc":{"start":{"line":243,"column":37},"end":{"line":262,"column":9}},"line":243},"35":{"name":"(anonymous_35)","decl":{"start":{"line":283,"column":18},"end":{"line":283,"column":19}},"loc":{"start":{"line":283,"column":25},"end":{"line":286,"column":9}},"line":283},"36":{"name":"(anonymous_36)","decl":{"start":{"line":294,"column":31},"end":{"line":294,"column":32}},"loc":{"start":{"line":295,"column":14},"end":{"line":297,"column":21}},"line":295},"37":{"name":"(anonymous_37)","decl":{"start":{"line":312,"column":19},"end":{"line":312,"column":20}},"loc":{"start":{"line":312,"column":25},"end":{"line":312,"column":54}},"line":312},"38":{"name":"(anonymous_38)","decl":{"start":{"line":333,"column":25},"end":{"line":333,"column":26}},"loc":{"start":{"line":334,"column":12},"end":{"line":334,"column":69}},"line":334},"39":{"name":"(anonymous_39)","decl":{"start":{"line":341,"column":24},"end":{"line":341,"column":25}},"loc":{"start":{"line":341,"column":32},"end":{"line":341,"column":39}},"line":341},"40":{"name":"(anonymous_40)","decl":{"start":{"line":356,"column":19},"end":{"line":356,"column":20}},"loc":{"start":{"line":356,"column":25},"end":{"line":356,"column":54}},"line":356},"41":{"name":"(anonymous_41)","decl":{"start":{"line":371,"column":19},"end":{"line":371,"column":20}},"loc":{"start":{"line":371,"column":25},"end":{"line":371,"column":46}},"line":371},"42":{"name":"(anonymous_42)","decl":{"start":{"line":392,"column":24},"end":{"line":392,"column":25}},"loc":{"start":{"line":392,"column":30},"end":{"line":392,"column":52}},"line":392},"43":{"name":"(anonymous_43)","decl":{"start":{"line":420,"column":25},"end":{"line":420,"column":26}},"loc":{"start":{"line":420,"column":31},"end":{"line":424,"column":17}},"line":420},"44":{"name":"(anonymous_44)","decl":{"start":{"line":447,"column":24},"end":{"line":447,"column":25}},"loc":{"start":{"line":447,"column":30},"end":{"line":447,"column":60}},"line":447},"45":{"name":"(anonymous_45)","decl":{"start":{"line":456,"column":28},"end":{"line":456,"column":29}},"loc":{"start":{"line":456,"column":36},"end":{"line":456,"column":43}},"line":456},"46":{"name":"(anonymous_46)","decl":{"start":{"line":467,"column":23},"end":{"line":467,"column":24}},"loc":{"start":{"line":467,"column":29},"end":{"line":467,"column":59}},"line":467},"47":{"name":"(anonymous_47)","decl":{"start":{"line":480,"column":24},"end":{"line":480,"column":25}},"loc":{"start":{"line":480,"column":30},"end":{"line":480,"column":60}},"line":480},"48":{"name":"(anonymous_48)","decl":{"start":{"line":499,"column":23},"end":{"line":499,"column":24}},"loc":{"start":{"line":499,"column":29},"end":{"line":502,"column":15}},"line":499},"49":{"name":"(anonymous_49)","decl":{"start":{"line":513,"column":23},"end":{"line":513,"column":24}},"loc":{"start":{"line":513,"column":29},"end":{"line":513,"column":59}},"line":513}},"branchMap":{"0":{"loc":{"start":{"line":21,"column":0},"end":{"line":23,"column":1}},"type":"if","locations":[{"start":{"line":21,"column":0},"end":{"line":23,"column":1}},{"start":{},"end":{}}],"line":21},"1":{"loc":{"start":{"line":21,"column":4},"end":{"line":21,"column":80}},"type":"binary-expr","locations":[{"start":{"line":21,"column":4},"end":{"line":21,"column":29}},{"start":{"line":21,"column":33},"end":{"line":21,"column":80}}],"line":21},"2":{"loc":{"start":{"line":62,"column":4},"end":{"line":65,"column":5}},"type":"if","locations":[{"start":{"line":62,"column":4},"end":{"line":65,"column":5}},{"start":{},"end":{}}],"line":62},"3":{"loc":{"start":{"line":147,"column":4},"end":{"line":157,"column":5}},"type":"if","locations":[{"start":{"line":147,"column":4},"end":{"line":157,"column":5}},{"start":{"line":153,"column":11},"end":{"line":157,"column":5}}],"line":147},"4":{"loc":{"start":{"line":161,"column":4},"end":{"line":161,"column":39}},"type":"if","locations":[{"start":{"line":161,"column":4},"end":{"line":161,"column":39}},{"start":{},"end":{}}],"line":161},"5":{"loc":{"start":{"line":162,"column":4},"end":{"line":162,"column":41}},"type":"if","locations":[{"start":{"line":162,"column":4},"end":{"line":162,"column":41}},{"start":{},"end":{}}],"line":162},"6":{"loc":{"start":{"line":163,"column":4},"end":{"line":163,"column":41}},"type":"if","locations":[{"start":{"line":163,"column":4},"end":{"line":163,"column":41}},{"start":{},"end":{}}],"line":163},"7":{"loc":{"start":{"line":164,"column":4},"end":{"line":164,"column":41}},"type":"if","locations":[{"start":{"line":164,"column":4},"end":{"line":164,"column":41}},{"start":{},"end":{}}],"line":164},"8":{"loc":{"start":{"line":186,"column":17},"end":{"line":186,"column":46}},"type":"cond-expr","locations":[{"start":{"line":186,"column":35},"end":{"line":186,"column":39}},{"start":{"line":186,"column":42},"end":{"line":186,"column":46}}],"line":186},"9":{"loc":{"start":{"line":246,"column":10},"end":{"line":251,"column":11}},"type":"if","locations":[{"start":{"line":246,"column":10},"end":{"line":251,"column":11}},{"start":{},"end":{}}],"line":246},"10":{"loc":{"start":{"line":246,"column":14},"end":{"line":246,"column":125}},"type":"binary-expr","locations":[{"start":{"line":246,"column":14},"end":{"line":246,"column":38}},{"start":{"line":246,"column":42},"end":{"line":246,"column":76}},{"start":{"line":246,"column":80},"end":{"line":246,"column":125}}],"line":246},"11":{"loc":{"start":{"line":276,"column":21},"end":{"line":276,"column":45}},"type":"cond-expr","locations":[{"start":{"line":276,"column":38},"end":{"line":276,"column":41}},{"start":{"line":276,"column":44},"end":{"line":276,"column":45}}],"line":276},"12":{"loc":{"start":{"line":277,"column":27},"end":{"line":277,"column":53}},"type":"cond-expr","locations":[{"start":{"line":277,"column":44},"end":{"line":277,"column":47}},{"start":{"line":277,"column":50},"end":{"line":277,"column":53}}],"line":277},"13":{"loc":{"start":{"line":278,"column":20},"end":{"line":278,"column":45}},"type":"cond-expr","locations":[{"start":{"line":278,"column":37},"end":{"line":278,"column":41}},{"start":{"line":278,"column":44},"end":{"line":278,"column":45}}],"line":278},"14":{"loc":{"start":{"line":279,"column":23},"end":{"line":279,"column":45}},"type":"cond-expr","locations":[{"start":{"line":279,"column":40},"end":{"line":279,"column":41}},{"start":{"line":279,"column":44},"end":{"line":279,"column":45}}],"line":279},"15":{"loc":{"start":{"line":296,"column":17},"end":{"line":296,"column":46}},"type":"cond-expr","locations":[{"start":{"line":296,"column":35},"end":{"line":296,"column":39}},{"start":{"line":296,"column":42},"end":{"line":296,"column":46}}],"line":296},"16":{"loc":{"start":{"line":319,"column":7},"end":{"line":326,"column":7}},"type":"binary-expr","locations":[{"start":{"line":319,"column":7},"end":{"line":319,"column":18}},{"start":{"line":320,"column":8},"end":{"line":325,"column":15}}],"line":319},"17":{"loc":{"start":{"line":328,"column":7},"end":{"line":350,"column":7}},"type":"cond-expr","locations":[{"start":{"line":329,"column":8},"end":{"line":336,"column":21}},{"start":{"line":338,"column":8},"end":{"line":349,"column":10}}],"line":328},"18":{"loc":{"start":{"line":360,"column":13},"end":{"line":364,"column":13}},"type":"binary-expr","locations":[{"start":{"line":360,"column":13},"end":{"line":360,"column":40}},{"start":{"line":361,"column":14},"end":{"line":363,"column":21}}],"line":360}},"s":{"0":1,"1":0,"2":62,"3":62,"4":62,"5":62,"6":62,"7":62,"8":62,"9":62,"10":62,"11":62,"12":62,"13":62,"14":62,"15":62,"16":62,"17":17,"18":62,"19":17,"20":0,"21":17,"22":62,"23":17,"24":17,"25":62,"26":6,"27":6,"28":6,"29":0,"30":0,"31":6,"32":6,"33":6,"34":6,"35":6,"36":5,"37":5,"38":5,"39":1,"40":62,"41":0,"42":0,"43":0,"44":0,"45":0,"46":62,"47":2,"48":1,"49":1,"50":62,"51":0,"52":0,"53":0,"54":0,"55":0,"56":0,"57":0,"58":0,"59":0,"60":62,"61":0,"62":0,"63":0,"64":0,"65":0,"66":0,"67":0,"68":0,"69":62,"70":0,"71":0,"72":0,"73":0,"74":0,"75":0,"76":0,"77":0,"78":0,"79":62,"80":18,"81":62,"82":18,"83":62,"84":16,"85":16,"86":1,"87":0,"88":80,"89":62,"90":1,"91":0,"92":0,"93":62,"94":0,"95":0,"96":0,"97":0,"98":0,"99":0,"100":0,"101":0,"102":0,"103":0,"104":0,"105":0,"106":0,"107":0,"108":0,"109":0,"110":0,"111":0,"112":0,"113":0,"114":0,"115":0,"116":0,"117":0,"118":0,"119":0,"120":0,"121":0,"122":0,"123":0,"124":0,"125":0,"126":62,"127":0,"128":0,"129":26,"130":2,"131":9,"132":0,"133":0,"134":0,"135":0,"136":0,"137":2,"138":0,"139":0,"140":0,"141":0,"142":0,"143":1},"f":{"0":62,"1":17,"2":17,"3":0,"4":17,"5":6,"6":0,"7":0,"8":0,"9":2,"10":1,"11":0,"12":0,"13":0,"14":0,"15":0,"16":0,"17":0,"18":18,"19":18,"20":16,"21":1,"22":0,"23":80,"24":1,"25":0,"26":0,"27":0,"28":0,"29":0,"30":0,"31":0,"32":0,"33":0,"34":0,"35":0,"36":0,"37":0,"38":0,"39":26,"40":2,"41":9,"42":0,"43":0,"44":0,"45":2,"46":0,"47":0,"48":0,"49":0},"b":{"0":[0,1],"1":[1,0],"2":[0,6],"3":[0,0],"4":[0,0],"5":[0,0],"6":[0,0],"7":[0,0],"8":[74,6],"9":[0,0],"10":[0,0,0],"11":[0,0],"12":[0,0],"13":[0,0],"14":[0,0],"15":[0,0],"16":[62,0],"17":[0,62],"18":[62,2]},"_coverageSchema":"1a1c01bbd47fc00a2c39e90264f33305004495a9","hash":"0418655304d28fa6fca9b61e5a9cd3372d0732ac"}
,"/home/torof/crush life/src/utils/sanitize.js": {"path":"/home/torof/crush life/src/utils/sanitize.js","statementMap":{"0":{"start":{"line":12,"column":29},"end":{"line":26,"column":1}},"1":{"start":{"line":13,"column":2},"end":{"line":13,"column":43}},"2":{"start":{"line":13,"column":33},"end":{"line":13,"column":43}},"3":{"start":{"line":16,"column":18},"end":{"line":16,"column":109}},"4":{"start":{"line":19,"column":2},"end":{"line":19,"column":31}},"5":{"start":{"line":23,"column":2},"end":{"line":23,"column":41}},"6":{"start":{"line":25,"column":2},"end":{"line":25,"column":19}}},"fnMap":{"0":{"name":"(anonymous_0)","decl":{"start":{"line":12,"column":29},"end":{"line":12,"column":30}},"loc":{"start":{"line":12,"column":40},"end":{"line":26,"column":1}},"line":12}},"branchMap":{"0":{"loc":{"start":{"line":13,"column":2},"end":{"line":13,"column":43}},"type":"if","locations":[{"start":{"line":13,"column":2},"end":{"line":13,"column":43}},{"start":{},"end":{}}],"line":13}},"s":{"0":4,"1":48,"2":8,"3":40,"4":40,"5":40,"6":40},"f":{"0":48},"b":{"0":[8,40]},"_coverageSchema":"1a1c01bbd47fc00a2c39e90264f33305004495a9","hash":"62944aecb5a2894c316136b1300e5e97f3eb73d8"}
,"/home/torof/crush life/src/utils/storage.js": {"path":"/home/torof/crush life/src/utils/storage.js","statementMap":{"0":{"start":{"line":4,"column":20},"end":{"line":4,"column":30}},"1":{"start":{"line":5,"column":19},"end":{"line":5,"column":36}},"2":{"start":{"line":11,"column":21},"end":{"line":54,"column":1}},"3":{"start":{"line":12,"column":2},"end":{"line":12,"column":56}},"4":{"start":{"line":12,"column":43},"end":{"line":12,"column":56}},"5":{"start":{"line":13,"column":2},"end":{"line":13,"column":62}},"6":{"start":{"line":13,"column":49},"end":{"line":13,"column":62}},"7":{"start":{"line":14,"column":2},"end":{"line":14,"column":66}},"8":{"start":{"line":14,"column":53},"end":{"line":14,"column":66}},"9":{"start":{"line":15,"column":2},"end":{"line":15,"column":99}},"10":{"start":{"line":15,"column":86},"end":{"line":15,"column":99}},"11":{"start":{"line":16,"column":2},"end":{"line":16,"column":77}},"12":{"start":{"line":16,"column":64},"end":{"line":16,"column":77}},"13":{"start":{"line":17,"column":2},"end":{"line":17,"column":75}},"14":{"start":{"line":17,"column":62},"end":{"line":17,"column":75}},"15":{"start":{"line":20,"column":2},"end":{"line":20,"column":43}},"16":{"start":{"line":20,"column":30},"end":{"line":20,"column":43}},"17":{"start":{"line":21,"column":2},"end":{"line":21,"column":72}},"18":{"start":{"line":21,"column":59},"end":{"line":21,"column":72}},"19":{"start":{"line":24,"column":2},"end":{"line":24,"column":71}},"20":{"start":{"line":24,"column":58},"end":{"line":24,"column":71}},"21":{"start":{"line":25,"column":2},"end":{"line":25,"column":67}},"22":{"start":{"line":25,"column":54},"end":{"line":25,"column":67}},"23":{"start":{"line":26,"column":2},"end":{"line":26,"column":135}},"24":{"start":{"line":26,"column":122},"end":{"line":26,"column":135}},"25":{"start":{"line":27,"column":2},"end":{"line":27,"column":81}},"26":{"start":{"line":27,"column":68},"end":{"line":27,"column":81}},"27":{"start":{"line":30,"column":2},"end":{"line":33,"column":3}},"28":{"start":{"line":31,"column":4},"end":{"line":31,"column":70}},"29":{"start":{"line":31,"column":57},"end":{"line":31,"column":70}},"30":{"start":{"line":32,"column":4},"end":{"line":32,"column":70}},"31":{"start":{"line":32,"column":57},"end":{"line":32,"column":70}},"32":{"start":{"line":34,"column":2},"end":{"line":37,"column":3}},"33":{"start":{"line":35,"column":4},"end":{"line":35,"column":70}},"34":{"start":{"line":35,"column":57},"end":{"line":35,"column":70}},"35":{"start":{"line":36,"column":4},"end":{"line":36,"column":70}},"36":{"start":{"line":36,"column":57},"end":{"line":36,"column":70}},"37":{"start":{"line":40,"column":2},"end":{"line":44,"column":3}},"38":{"start":{"line":41,"column":4},"end":{"line":43,"column":5}},"39":{"start":{"line":42,"column":6},"end":{"line":42,"column":81}},"40":{"start":{"line":42,"column":68},"end":{"line":42,"column":81}},"41":{"start":{"line":47,"column":2},"end":{"line":51,"column":3}},"42":{"start":{"line":48,"column":4},"end":{"line":50,"column":5}},"43":{"start":{"line":49,"column":6},"end":{"line":49,"column":78}},"44":{"start":{"line":49,"column":65},"end":{"line":49,"column":78}},"45":{"start":{"line":53,"column":2},"end":{"line":53,"column":14}},"46":{"start":{"line":57,"column":21},"end":{"line":65,"column":1}},"47":{"start":{"line":58,"column":2},"end":{"line":64,"column":4}},"48":{"start":{"line":67,"column":27},"end":{"line":111,"column":1}},"49":{"start":{"line":68,"column":2},"end":{"line":110,"column":3}},"50":{"start":{"line":69,"column":17},"end":{"line":69,"column":56}},"51":{"start":{"line":71,"column":4},"end":{"line":71,"column":25}},"52":{"start":{"line":71,"column":15},"end":{"line":71,"column":25}},"53":{"start":{"line":74,"column":4},"end":{"line":85,"column":5}},"54":{"start":{"line":75,"column":6},"end":{"line":75,"column":33}},"55":{"start":{"line":77,"column":6},"end":{"line":77,"column":78}},"56":{"start":{"line":79,"column":25},"end":{"line":79,"column":63}},"57":{"start":{"line":80,"column":6},"end":{"line":84,"column":7}},"58":{"start":{"line":81,"column":8},"end":{"line":81,"column":41}},"59":{"start":{"line":83,"column":8},"end":{"line":83,"column":18}},"60":{"start":{"line":88,"column":4},"end":{"line":91,"column":5}},"61":{"start":{"line":89,"column":6},"end":{"line":89,"column":46}},"62":{"start":{"line":90,"column":6},"end":{"line":90,"column":16}},"63":{"start":{"line":94,"column":28},"end":{"line":94,"column":53}},"64":{"start":{"line":97,"column":25},"end":{"line":97,"column":61}},"65":{"start":{"line":100,"column":4},"end":{"line":103,"column":5}},"66":{"start":{"line":101,"column":6},"end":{"line":101,"column":67}},"67":{"start":{"line":102,"column":6},"end":{"line":102,"column":38}},"68":{"start":{"line":106,"column":4},"end":{"line":106,"column":58}},"69":{"start":{"line":106,"column":39},"end":{"line":106,"column":56}},"70":{"start":{"line":108,"column":4},"end":{"line":108,"column":51}},"71":{"start":{"line":109,"column":4},"end":{"line":109,"column":14}},"72":{"start":{"line":113,"column":27},"end":{"line":148,"column":1}},"73":{"start":{"line":114,"column":2},"end":{"line":147,"column":3}},"74":{"start":{"line":116,"column":4},"end":{"line":118,"column":5}},"75":{"start":{"line":117,"column":6},"end":{"line":117,"column":64}},"76":{"start":{"line":121,"column":25},"end":{"line":121,"column":53}},"77":{"start":{"line":124,"column":4},"end":{"line":131,"column":5}},"78":{"start":{"line":125,"column":26},"end":{"line":125,"column":65}},"79":{"start":{"line":126,"column":6},"end":{"line":128,"column":7}},"80":{"start":{"line":127,"column":8},"end":{"line":127,"column":60}},"81":{"start":{"line":130,"column":6},"end":{"line":130,"column":60}},"82":{"start":{"line":134,"column":23},"end":{"line":134,"column":51}},"83":{"start":{"line":138,"column":24},"end":{"line":138,"column":67}},"84":{"start":{"line":139,"column":4},"end":{"line":141,"column":5}},"85":{"start":{"line":140,"column":6},"end":{"line":140,"column":57}},"86":{"start":{"line":143,"column":4},"end":{"line":143,"column":56}},"87":{"start":{"line":145,"column":4},"end":{"line":145,"column":50}},"88":{"start":{"line":146,"column":4},"end":{"line":146,"column":16}},"89":{"start":{"line":150,"column":31},"end":{"line":163,"column":1}},"90":{"start":{"line":151,"column":2},"end":{"line":162,"column":3}},"91":{"start":{"line":153,"column":24},"end":{"line":153,"column":63}},"92":{"start":{"line":154,"column":4},"end":{"line":156,"column":5}},"93":{"start":{"line":155,"column":6},"end":{"line":155,"column":58}},"94":{"start":{"line":158,"column":4},"end":{"line":158,"column":47}},"95":{"start":{"line":160,"column":4},"end":{"line":160,"column":52}},"96":{"start":{"line":161,"column":4},"end":{"line":161,"column":16}}},"fnMap":{"0":{"name":"(anonymous_0)","decl":{"start":{"line":11,"column":21},"end":{"line":11,"column":22}},"loc":{"start":{"line":11,"column":32},"end":{"line":54,"column":1}},"line":11},"1":{"name":"(anonymous_1)","decl":{"start":{"line":57,"column":21},"end":{"line":57,"column":22}},"loc":{"start":{"line":57,"column":39},"end":{"line":65,"column":1}},"line":57},"2":{"name":"(anonymous_2)","decl":{"start":{"line":67,"column":27},"end":{"line":67,"column":28}},"loc":{"start":{"line":67,"column":39},"end":{"line":111,"column":1}},"line":67},"3":{"name":"(anonymous_3)","decl":{"start":{"line":106,"column":29},"end":{"line":106,"column":30}},"loc":{"start":{"line":106,"column":39},"end":{"line":106,"column":56}},"line":106},"4":{"name":"(anonymous_4)","decl":{"start":{"line":113,"column":27},"end":{"line":113,"column":28}},"loc":{"start":{"line":113,"column":46},"end":{"line":148,"column":1}},"line":113},"5":{"name":"(anonymous_5)","decl":{"start":{"line":150,"column":31},"end":{"line":150,"column":32}},"loc":{"start":{"line":150,"column":43},"end":{"line":163,"column":1}},"line":150}},"branchMap":{"0":{"loc":{"start":{"line":12,"column":2},"end":{"line":12,"column":56}},"type":"if","locations":[{"start":{"line":12,"column":2},"end":{"line":12,"column":56}},{"start":{},"end":{}}],"line":12},"1":{"loc":{"start":{"line":12,"column":6},"end":{"line":12,"column":41}},"type":"binary-expr","locations":[{"start":{"line":12,"column":6},"end":{"line":12,"column":12}},{"start":{"line":12,"column":16},"end":{"line":12,"column":41}}],"line":12},"2":{"loc":{"start":{"line":13,"column":2},"end":{"line":13,"column":62}},"type":"if","locations":[{"start":{"line":13,"column":2},"end":{"line":13,"column":62}},{"start":{},"end":{}}],"line":13},"3":{"loc":{"start":{"line":13,"column":6},"end":{"line":13,"column":47}},"type":"binary-expr","locations":[{"start":{"line":13,"column":6},"end":{"line":13,"column":15}},{"start":{"line":13,"column":19},"end":{"line":13,"column":47}}],"line":13},"4":{"loc":{"start":{"line":14,"column":2},"end":{"line":14,"column":66}},"type":"if","locations":[{"start":{"line":14,"column":2},"end":{"line":14,"column":66}},{"start":{},"end":{}}],"line":14},"5":{"loc":{"start":{"line":14,"column":6},"end":{"line":14,"column":51}},"type":"binary-expr","locations":[{"start":{"line":14,"column":6},"end":{"line":14,"column":17}},{"start":{"line":14,"column":21},"end":{"line":14,"column":51}}],"line":14},"6":{"loc":{"start":{"line":15,"column":2},"end":{"line":15,"column":99}},"type":"if","locations":[{"start":{"line":15,"column":2},"end":{"line":15,"column":99}},{"start":{},"end":{}}],"line":15},"7":{"loc":{"start":{"line":15,"column":6},"end":{"line":15,"column":84}},"type":"binary-expr","locations":[{"start":{"line":15,"column":6},"end":{"line":15,"column":40}},{"start":{"line":15,"column":44},"end":{"line":15,"column":62}},{"start":{"line":15,"column":66},"end":{"line":15,"column":84}}],"line":15},"8":{"loc":{"start":{"line":16,"column":2},"end":{"line":16,"column":77}},"type":"if","locations":[{"start":{"line":16,"column":2},"end":{"line":16,"column":77}},{"start":{},"end":{}}],"line":16},"9":{"loc":{"start":{"line":16,"column":6},"end":{"line":16,"column":62}},"type":"binary-expr","locations":[{"start":{"line":16,"column":6},"end":{"line":16,"column":32}},{"start":{"line":16,"column":36},"end":{"line":16,"column":62}}],"line":16},"10":{"loc":{"start":{"line":17,"column":2},"end":{"line":17,"column":75}},"type":"if","locations":[{"start":{"line":17,"column":2},"end":{"line":17,"column":75}},{"start":{},"end":{}}],"line":17},"11":{"loc":{"start":{"line":17,"column":6},"end":{"line":17,"column":60}},"type":"binary-expr","locations":[{"start":{"line":17,"column":6},"end":{"line":17,"column":22}},{"start":{"line":17,"column":26},"end":{"line":17,"column":60}}],"line":17},"12":{"loc":{"start":{"line":20,"column":2},"end":{"line":20,"column":43}},"type":"if","locations":[{"start":{"line":20,"column":2},"end":{"line":20,"column":43}},{"start":{},"end":{}}],"line":20},"13":{"loc":{"start":{"line":21,"column":2},"end":{"line":21,"column":72}},"type":"if","locations":[{"start":{"line":21,"column":2},"end":{"line":21,"column":72}},{"start":{},"end":{}}],"line":21},"14":{"loc":{"start":{"line":21,"column":6},"end":{"line":21,"column":57}},"type":"binary-expr","locations":[{"start":{"line":21,"column":6},"end":{"line":21,"column":23}},{"start":{"line":21,"column":27},"end":{"line":21,"column":57}}],"line":21},"15":{"loc":{"start":{"line":24,"column":2},"end":{"line":24,"column":71}},"type":"if","locations":[{"start":{"line":24,"column":2},"end":{"line":24,"column":71}},{"start":{},"end":{}}],"line":24},"16":{"loc":{"start":{"line":24,"column":6},"end":{"line":24,"column":56}},"type":"binary-expr","locations":[{"start":{"line":24,"column":6},"end":{"line":24,"column":21}},{"start":{"line":24,"column":25},"end":{"line":24,"column":56}}],"line":24},"17":{"loc":{"start":{"line":25,"column":2},"end":{"line":25,"column":67}},"type":"if","locations":[{"start":{"line":25,"column":2},"end":{"line":25,"column":67}},{"start":{},"end":{}}],"line":25},"18":{"loc":{"start":{"line":25,"column":6},"end":{"line":25,"column":52}},"type":"binary-expr","locations":[{"start":{"line":25,"column":6},"end":{"line":25,"column":19}},{"start":{"line":25,"column":23},"end":{"line":25,"column":52}}],"line":25},"19":{"loc":{"start":{"line":26,"column":2},"end":{"line":26,"column":135}},"type":"if","locations":[{"start":{"line":26,"column":2},"end":{"line":26,"column":135}},{"start":{},"end":{}}],"line":26},"20":{"loc":{"start":{"line":26,"column":6},"end":{"line":26,"column":120}},"type":"binary-expr","locations":[{"start":{"line":26,"column":6},"end":{"line":26,"column":34}},{"start":{"line":26,"column":39},"end":{"line":26,"column":73}},{"start":{"line":26,"column":77},"end":{"line":26,"column":95}},{"start":{"line":26,"column":99},"end":{"line":26,"column":119}}],"line":26},"21":{"loc":{"start":{"line":27,"column":2},"end":{"line":27,"column":81}},"type":"if","locations":[{"start":{"line":27,"column":2},"end":{"line":27,"column":81}},{"start":{},"end":{}}],"line":27},"22":{"loc":{"start":{"line":27,"column":6},"end":{"line":27,"column":66}},"type":"binary-expr","locations":[{"start":{"line":27,"column":6},"end":{"line":27,"column":31}},{"start":{"line":27,"column":35},"end":{"line":27,"column":66}}],"line":27},"23":{"loc":{"start":{"line":31,"column":4},"end":{"line":31,"column":70}},"type":"if","locations":[{"start":{"line":31,"column":4},"end":{"line":31,"column":70}},{"start":{},"end":{}}],"line":31},"24":{"loc":{"start":{"line":31,"column":8},"end":{"line":31,"column":55}},"type":"binary-expr","locations":[{"start":{"line":31,"column":8},"end":{"line":31,"column":15}},{"start":{"line":31,"column":19},"end":{"line":31,"column":29}},{"start":{"line":31,"column":33},"end":{"line":31,"column":55}}],"line":31},"25":{"loc":{"start":{"line":32,"column":4},"end":{"line":32,"column":70}},"type":"if","locations":[{"start":{"line":32,"column":4},"end":{"line":32,"column":70}},{"start":{},"end":{}}],"line":32},"26":{"loc":{"start":{"line":32,"column":8},"end":{"line":32,"column":55}},"type":"binary-expr","locations":[{"start":{"line":32,"column":8},"end":{"line":32,"column":23}},{"start":{"line":32,"column":27},"end":{"line":32,"column":55}}],"line":32},"27":{"loc":{"start":{"line":35,"column":4},"end":{"line":35,"column":70}},"type":"if","locations":[{"start":{"line":35,"column":4},"end":{"line":35,"column":70}},{"start":{},"end":{}}],"line":35},"28":{"loc":{"start":{"line":35,"column":8},"end":{"line":35,"column":55}},"type":"binary-expr","locations":[{"start":{"line":35,"column":8},"end":{"line":35,"column":15}},{"start":{"line":35,"column":19},"end":{"line":35,"column":29}},{"start":{"line":35,"column":33},"end":{"line":35,"column":55}}],"line":35},"29":{"loc":{"start":{"line":36,"column":4},"end":{"line":36,"column":70}},"type":"if","locations":[{"start":{"line":36,"column":4},"end":{"line":36,"column":70}},{"start":{},"end":{}}],"line":36},"30":{"loc":{"start":{"line":36,"column":8},"end":{"line":36,"column":55}},"type":"binary-expr","locations":[{"start":{"line":36,"column":8},"end":{"line":36,"column":23}},{"start":{"line":36,"column":27},"end":{"line":36,"column":55}}],"line":36},"31":{"loc":{"start":{"line":40,"column":2},"end":{"line":44,"column":3}},"type":"if","locations":[{"start":{"line":40,"column":2},"end":{"line":44,"column":3}},{"start":{},"end":{}}],"line":40},"32":{"loc":{"start":{"line":42,"column":6},"end":{"line":42,"column":81}},"type":"if","locations":[{"start":{"line":42,"column":6},"end":{"line":42,"column":81}},{"start":{},"end":{}}],"line":42},"33":{"loc":{"start":{"line":42,"column":10},"end":{"line":42,"column":66}},"type":"binary-expr","locations":[{"start":{"line":42,"column":10},"end":{"line":42,"column":21}},{"start":{"line":42,"column":25},"end":{"line":42,"column":38}},{"start":{"line":42,"column":42},"end":{"line":42,"column":66}}],"line":42},"34":{"loc":{"start":{"line":47,"column":2},"end":{"line":51,"column":3}},"type":"if","locations":[{"start":{"line":47,"column":2},"end":{"line":51,"column":3}},{"start":{},"end":{}}],"line":47},"35":{"loc":{"start":{"line":49,"column":6},"end":{"line":49,"column":78}},"type":"if","locations":[{"start":{"line":49,"column":6},"end":{"line":49,"column":78}},{"start":{},"end":{}}],"line":49},"36":{"loc":{"start":{"line":49,"column":10},"end":{"line":49,"column":63}},"type":"binary-expr","locations":[{"start":{"line":49,"column":10},"end":{"line":49,"column":20}},{"start":{"line":49,"column":24},"end":{"line":49,"column":36}},{"start":{"line":49,"column":40},"end":{"line":49,"column":63}}],"line":49},"37":{"loc":{"start":{"line":60,"column":15},"end":{"line":60,"column":36}},"type":"binary-expr","locations":[{"start":{"line":60,"column":15},"end":{"line":60,"column":30}},{"start":{"line":60,"column":34},"end":{"line":60,"column":36}}],"line":60},"38":{"loc":{"start":{"line":61,"column":13},"end":{"line":61,"column":32}},"type":"binary-expr","locations":[{"start":{"line":61,"column":13},"end":{"line":61,"column":26}},{"start":{"line":61,"column":30},"end":{"line":61,"column":32}}],"line":61},"39":{"loc":{"start":{"line":62,"column":14},"end":{"line":62,"column":64}},"type":"cond-expr","locations":[{"start":{"line":62,"column":45},"end":{"line":62,"column":59}},{"start":{"line":62,"column":62},"end":{"line":62,"column":64}}],"line":62},"40":{"loc":{"start":{"line":63,"column":11},"end":{"line":63,"column":58}},"type":"cond-expr","locations":[{"start":{"line":63,"column":39},"end":{"line":63,"column":50}},{"start":{"line":63,"column":53},"end":{"line":63,"column":58}}],"line":63},"41":{"loc":{"start":{"line":71,"column":4},"end":{"line":71,"column":25}},"type":"if","locations":[{"start":{"line":71,"column":4},"end":{"line":71,"column":25}},{"start":{},"end":{}}],"line":71},"42":{"loc":{"start":{"line":80,"column":6},"end":{"line":84,"column":7}},"type":"if","locations":[{"start":{"line":80,"column":6},"end":{"line":84,"column":7}},{"start":{"line":82,"column":13},"end":{"line":84,"column":7}}],"line":80},"43":{"loc":{"start":{"line":88,"column":4},"end":{"line":91,"column":5}},"type":"if","locations":[{"start":{"line":88,"column":4},"end":{"line":91,"column":5}},{"start":{},"end":{}}],"line":88},"44":{"loc":{"start":{"line":100,"column":4},"end":{"line":103,"column":5}},"type":"if","locations":[{"start":{"line":100,"column":4},"end":{"line":103,"column":5}},{"start":{},"end":{}}],"line":100},"45":{"loc":{"start":{"line":100,"column":8},"end":{"line":100,"column":106}},"type":"binary-expr","locations":[{"start":{"line":100,"column":8},"end":{"line":100,"column":46}},{"start":{"line":100,"column":50},"end":{"line":100,"column":106}}],"line":100},"46":{"loc":{"start":{"line":116,"column":4},"end":{"line":118,"column":5}},"type":"if","locations":[{"start":{"line":116,"column":4},"end":{"line":118,"column":5}},{"start":{},"end":{}}],"line":116},"47":{"loc":{"start":{"line":126,"column":6},"end":{"line":128,"column":7}},"type":"if","locations":[{"start":{"line":126,"column":6},"end":{"line":128,"column":7}},{"start":{},"end":{}}],"line":126},"48":{"loc":{"start":{"line":139,"column":4},"end":{"line":141,"column":5}},"type":"if","locations":[{"start":{"line":139,"column":4},"end":{"line":141,"column":5}},{"start":{},"end":{}}],"line":139},"49":{"loc":{"start":{"line":154,"column":4},"end":{"line":156,"column":5}},"type":"if","locations":[{"start":{"line":154,"column":4},"end":{"line":156,"column":5}},{"start":{},"end":{}}],"line":154}},"s":{"0":3,"1":3,"2":3,"3":5019,"4":0,"5":5019,"6":0,"7":5019,"8":1,"9":5018,"10":4,"11":5014,"12":1,"13":5013,"14":1,"15":5012,"16":1,"17":5011,"18":1,"19":5010,"20":0,"21":5010,"22":0,"23":5010,"24":0,"25":5010,"26":0,"27":5010,"28":1,"29":1,"30":0,"31":0,"32":5009,"33":0,"34":0,"35":0,"36":0,"37":5009,"38":6,"39":0,"40":0,"41":5009,"42":6,"43":0,"44":0,"45":5009,"46":3,"47":12,"48":3,"49":11,"50":11,"51":11,"52":1,"53":10,"54":10,"55":2,"56":2,"57":2,"58":2,"59":0,"60":9,"61":0,"62":0,"63":9,"64":9,"65":9,"66":9,"67":9,"68":9,"69":0,"70":1,"71":1,"72":3,"73":14,"74":14,"75":1,"76":13,"77":13,"78":13,"79":13,"80":10,"81":0,"82":13,"83":13,"84":13,"85":1,"86":12,"87":2,"88":2,"89":3,"90":2,"91":2,"92":1,"93":1,"94":1,"95":1,"96":1},"f":{"0":5019,"1":12,"2":11,"3":0,"4":14,"5":2},"b":{"0":[0,5019],"1":[5019,5019],"2":[0,5019],"3":[5019,5019],"4":[1,5018],"5":[5019,5018],"6":[4,5014],"7":[5018,5016,5015],"8":[1,5013],"9":[5014,5013],"10":[1,5012],"11":[5013,5013],"12":[1,5011],"13":[1,5010],"14":[5011,5003],"15":[0,5010],"16":[5010,7],"17":[0,5010],"18":[5010,7],"19":[0,5010],"20":[5010,7,7,7],"21":[0,5010],"22":[5010,7],"23":[1,0],"24":[1,1,1],"25":[0,0],"26":[0,0],"27":[0,0],"28":[0,0,0],"29":[0,0],"30":[0,0],"31":[6,5003],"32":[0,0],"33":[0,0,0],"34":[6,5003],"35":[0,0],"36":[0,0,0],"37":[12,12],"38":[12,12],"39":[0,12],"40":[0,12],"41":[1,10],"42":[2,0],"43":[0,9],"44":[9,0],"45":[9,2],"46":[1,13],"47":[10,3],"48":[1,12],"49":[1,0]},"_coverageSchema":"1a1c01bbd47fc00a2c39e90264f33305004495a9","hash":"98ab6bc6d99cbc8732e076bc6573d3a6f0fe9947"}
}
