{"/home/torof/crush life/src/screens/CrushDetailScreen.js": {"path":"/home/torof/crush life/src/screens/CrushDetailScreen.js","statementMap":{"0":{"start":{"line":18,"column":18},"end":{"line":18,"column":42}},"1":{"start":{"line":19,"column":13},"end":{"line":19,"column":15}},"2":{"start":{"line":20,"column":15},"end":{"line":20,"column":23}},"3":{"start":{"line":21,"column":21},"end":{"line":21,"column":59}},"4":{"start":{"line":24,"column":22},"end":{"line":24,"column":34}},"5":{"start":{"line":25,"column":28},"end":{"line":25,"column":42}},"6":{"start":{"line":26,"column":42},"end":{"line":26,"column":57}},"7":{"start":{"line":27,"column":38},"end":{"line":27,"column":52}},"8":{"start":{"line":28,"column":40},"end":{"line":28,"column":52}},"9":{"start":{"line":29,"column":52},"end":{"line":29,"column":64}},"10":{"start":{"line":30,"column":54},"end":{"line":30,"column":69}},"11":{"start":{"line":31,"column":46},"end":{"line":31,"column":60}},"12":{"start":{"line":32,"column":72},"end":{"line":32,"column":87}},"13":{"start":{"line":33,"column":52},"end":{"line":33,"column":64}},"14":{"start":{"line":34,"column":58},"end":{"line":34,"column":73}},"15":{"start":{"line":35,"column":38},"end":{"line":35,"column":53}},"16":{"start":{"line":36,"column":50},"end":{"line":36,"column":62}},"17":{"start":{"line":37,"column":50},"end":{"line":37,"column":65}},"18":{"start":{"line":40,"column":18},"end":{"line":40,"column":58}},"19":{"start":{"line":41,"column":22},"end":{"line":41,"column":59}},"20":{"start":{"line":42,"column":21},"end":{"line":42,"column":58}},"21":{"start":{"line":43,"column":24},"end":{"line":43,"column":61}},"22":{"start":{"line":45,"column":2},"end":{"line":47,"column":9}},"23":{"start":{"line":46,"column":4},"end":{"line":46,"column":16}},"24":{"start":{"line":49,"column":20},"end":{"line":56,"column":3}},"25":{"start":{"line":50,"column":20},"end":{"line":50,"column":39}},"26":{"start":{"line":51,"column":23},"end":{"line":51,"column":58}},"27":{"start":{"line":51,"column":41},"end":{"line":51,"column":57}},"28":{"start":{"line":52,"column":4},"end":{"line":55,"column":5}},"29":{"start":{"line":53,"column":6},"end":{"line":53,"column":27}},"30":{"start":{"line":54,"column":6},"end":{"line":54,"column":56}},"31":{"start":{"line":58,"column":22},"end":{"line":94,"column":3}},"32":{"start":{"line":59,"column":20},"end":{"line":59,"column":39}},"33":{"start":{"line":60,"column":27},"end":{"line":62,"column":5}},"34":{"start":{"line":61,"column":6},"end":{"line":61,"column":41}},"35":{"start":{"line":63,"column":4},"end":{"line":63,"column":38}},"36":{"start":{"line":64,"column":4},"end":{"line":64,"column":27}},"37":{"start":{"line":67,"column":4},"end":{"line":93,"column":5}},"38":{"start":{"line":68,"column":35},"end":{"line":81,"column":7}},"39":{"start":{"line":69,"column":8},"end":{"line":80,"column":10}},"40":{"start":{"line":76,"column":16},"end":{"line":76,"column":36}},"41":{"start":{"line":83,"column":6},"end":{"line":92,"column":7}},"42":{"start":{"line":85,"column":8},"end":{"line":88,"column":17}},"43":{"start":{"line":86,"column":10},"end":{"line":86,"column":41}},"44":{"start":{"line":87,"column":10},"end":{"line":87,"column":33}},"45":{"start":{"line":90,"column":8},"end":{"line":90,"column":39}},"46":{"start":{"line":91,"column":8},"end":{"line":91,"column":31}},"47":{"start":{"line":96,"column":20},"end":{"line":141,"column":3}},"48":{"start":{"line":97,"column":27},"end":{"line":97,"column":53}},"49":{"start":{"line":98,"column":33},"end":{"line":98,"column":65}},"50":{"start":{"line":100,"column":4},"end":{"line":103,"column":5}},"51":{"start":{"line":101,"column":6},"end":{"line":101,"column":63}},"52":{"start":{"line":102,"column":6},"end":{"line":102,"column":13}},"53":{"start":{"line":105,"column":4},"end":{"line":140,"column":5}},"54":{"start":{"line":106,"column":24},"end":{"line":111,"column":7}},"55":{"start":{"line":113,"column":25},"end":{"line":113,"column":37}},"56":{"start":{"line":115,"column":6},"end":{"line":133,"column":7}},"57":{"start":{"line":116,"column":8},"end":{"line":116,"column":55}},"58":{"start":{"line":117,"column":8},"end":{"line":117,"column":40}},"59":{"start":{"line":119,"column":8},"end":{"line":119,"column":55}},"60":{"start":{"line":120,"column":34},"end":{"line":120,"column":52}},"61":{"start":{"line":121,"column":8},"end":{"line":121,"column":51}},"62":{"start":{"line":124,"column":32},"end":{"line":124,"column":58}},"63":{"start":{"line":125,"column":8},"end":{"line":127,"column":9}},"64":{"start":{"line":126,"column":10},"end":{"line":126,"column":40}},"65":{"start":{"line":130,"column":8},"end":{"line":130,"column":47}},"66":{"start":{"line":132,"column":8},"end":{"line":132,"column":57}},"67":{"start":{"line":135,"column":6},"end":{"line":135,"column":25}},"68":{"start":{"line":136,"column":6},"end":{"line":136,"column":31}},"69":{"start":{"line":137,"column":6},"end":{"line":137,"column":29}},"70":{"start":{"line":139,"column":6},"end":{"line":139,"column":67}},"71":{"start":{"line":143,"column":23},"end":{"line":168,"column":3}},"72":{"start":{"line":144,"column":4},"end":{"line":167,"column":6}},"73":{"start":{"line":153,"column":31},"end":{"line":153,"column":43}},"74":{"start":{"line":155,"column":12},"end":{"line":161,"column":13}},"75":{"start":{"line":156,"column":14},"end":{"line":156,"column":70}},"76":{"start":{"line":156,"column":57},"end":{"line":156,"column":68}},"77":{"start":{"line":158,"column":14},"end":{"line":158,"column":70}},"78":{"start":{"line":158,"column":57},"end":{"line":158,"column":68}},"79":{"start":{"line":160,"column":14},"end":{"line":160,"column":70}},"80":{"start":{"line":163,"column":12},"end":{"line":163,"column":44}},"81":{"start":{"line":170,"column":20},"end":{"line":177,"column":3}},"82":{"start":{"line":171,"column":4},"end":{"line":174,"column":5}},"83":{"start":{"line":172,"column":6},"end":{"line":172,"column":87}},"84":{"start":{"line":173,"column":6},"end":{"line":173,"column":13}},"85":{"start":{"line":175,"column":4},"end":{"line":175,"column":24}},"86":{"start":{"line":176,"column":4},"end":{"line":176,"column":26}},"87":{"start":{"line":179,"column":28},"end":{"line":182,"column":3}},"88":{"start":{"line":180,"column":4},"end":{"line":180,"column":30}},"89":{"start":{"line":181,"column":4},"end":{"line":181,"column":32}},"90":{"start":{"line":184,"column":30},"end":{"line":187,"column":3}},"91":{"start":{"line":185,"column":4},"end":{"line":185,"column":50}},"92":{"start":{"line":186,"column":4},"end":{"line":186,"column":41}},"93":{"start":{"line":189,"column":26},"end":{"line":201,"column":3}},"94":{"start":{"line":190,"column":4},"end":{"line":200,"column":5}},"95":{"start":{"line":191,"column":35},"end":{"line":191,"column":67}},"96":{"start":{"line":192,"column":27},"end":{"line":195,"column":7}},"97":{"start":{"line":196,"column":6},"end":{"line":196,"column":38}},"98":{"start":{"line":197,"column":6},"end":{"line":197,"column":44}},"99":{"start":{"line":199,"column":6},"end":{"line":199,"column":72}},"100":{"start":{"line":203,"column":21},"end":{"line":212,"column":3}},"101":{"start":{"line":204,"column":4},"end":{"line":204,"column":32}},"102":{"start":{"line":205,"column":4},"end":{"line":205,"column":27}},"103":{"start":{"line":206,"column":4},"end":{"line":206,"column":28}},"104":{"start":{"line":207,"column":4},"end":{"line":207,"column":27}},"105":{"start":{"line":208,"column":4},"end":{"line":208,"column":30}},"106":{"start":{"line":209,"column":4},"end":{"line":209,"column":25}},"107":{"start":{"line":210,"column":4},"end":{"line":210,"column":28}},"108":{"start":{"line":211,"column":4},"end":{"line":211,"column":31}},"109":{"start":{"line":214,"column":30},"end":{"line":283,"column":3}},"110":{"start":{"line":216,"column":23},"end":{"line":216,"column":44}},"111":{"start":{"line":217,"column":4},"end":{"line":217,"column":36}},"112":{"start":{"line":218,"column":4},"end":{"line":218,"column":30}},"113":{"start":{"line":220,"column":4},"end":{"line":220,"column":24}},"114":{"start":{"line":221,"column":4},"end":{"line":221,"column":27}},"115":{"start":{"line":222,"column":4},"end":{"line":222,"column":27}},"116":{"start":{"line":223,"column":4},"end":{"line":223,"column":30}},"117":{"start":{"line":224,"column":4},"end":{"line":224,"column":28}},"118":{"start":{"line":228,"column":20},"end":{"line":228,"column":29}},"119":{"start":{"line":229,"column":25},"end":{"line":229,"column":27}},"120":{"start":{"line":230,"column":19},"end":{"line":230,"column":86}},"121":{"start":{"line":233,"column":26},"end":{"line":233,"column":38}},"122":{"start":{"line":234,"column":28},"end":{"line":234,"column":40}},"123":{"start":{"line":235,"column":24},"end":{"line":235,"column":64}},"124":{"start":{"line":238,"column":4},"end":{"line":246,"column":7}},"125":{"start":{"line":245,"column":6},"end":{"line":245,"column":42}},"126":{"start":{"line":245,"column":23},"end":{"line":245,"column":35}},"127":{"start":{"line":249,"column":4},"end":{"line":264,"column":14}},"128":{"start":{"line":267,"column":4},"end":{"line":282,"column":20}},"129":{"start":{"line":269,"column":6},"end":{"line":269,"column":33}},"130":{"start":{"line":270,"column":6},"end":{"line":281,"column":17}},"131":{"start":{"line":285,"column":2},"end":{"line":291,"column":3}},"132":{"start":{"line":286,"column":4},"end":{"line":290,"column":6}},"133":{"start":{"line":293,"column":20},"end":{"line":293,"column":38}},"134":{"start":{"line":294,"column":22},"end":{"line":294,"column":66}},"135":{"start":{"line":296,"column":24},"end":{"line":302,"column":3}},"136":{"start":{"line":297,"column":4},"end":{"line":297,"column":44}},"137":{"start":{"line":297,"column":30},"end":{"line":297,"column":44}},"138":{"start":{"line":298,"column":4},"end":{"line":298,"column":46}},"139":{"start":{"line":298,"column":29},"end":{"line":298,"column":46}},"140":{"start":{"line":299,"column":4},"end":{"line":299,"column":46}},"141":{"start":{"line":299,"column":29},"end":{"line":299,"column":46}},"142":{"start":{"line":300,"column":4},"end":{"line":300,"column":46}},"143":{"start":{"line":300,"column":29},"end":{"line":300,"column":46}},"144":{"start":{"line":301,"column":4},"end":{"line":301,"column":21}},"145":{"start":{"line":305,"column":20},"end":{"line":311,"column":4}},"146":{"start":{"line":313,"column":27},"end":{"line":316,"column":4}},"147":{"start":{"line":318,"column":2},"end":{"line":617,"column":4}},"148":{"start":{"line":352,"column":35},"end":{"line":352,"column":61}},"149":{"start":{"line":355,"column":34},"end":{"line":355,"column":93}},"150":{"start":{"line":356,"column":14},"end":{"line":371,"column":16}},"151":{"start":{"line":412,"column":29},"end":{"line":412,"column":45}},"152":{"start":{"line":425,"column":14},"end":{"line":435,"column":33}},"153":{"start":{"line":428,"column":31},"end":{"line":428,"column":53}},"154":{"start":{"line":429,"column":35},"end":{"line":429,"column":62}},"155":{"start":{"line":446,"column":29},"end":{"line":446,"column":45}},"156":{"start":{"line":459,"column":14},"end":{"line":469,"column":33}},"157":{"start":{"line":462,"column":31},"end":{"line":462,"column":53}},"158":{"start":{"line":463,"column":35},"end":{"line":463,"column":62}},"159":{"start":{"line":479,"column":30},"end":{"line":479,"column":52}},"160":{"start":{"line":516,"column":18},"end":{"line":516,"column":37}},"161":{"start":{"line":517,"column":18},"end":{"line":517,"column":43}},"162":{"start":{"line":518,"column":18},"end":{"line":518,"column":41}},"163":{"start":{"line":543,"column":30},"end":{"line":543,"column":58}},"164":{"start":{"line":566,"column":29},"end":{"line":566,"column":57}},"165":{"start":{"line":579,"column":30},"end":{"line":579,"column":67}},"166":{"start":{"line":600,"column":18},"end":{"line":600,"column":56}},"167":{"start":{"line":620,"column":15},"end":{"line":861,"column":2}}},"fnMap":{"0":{"name":"CrushDetailScreen","decl":{"start":{"line":23,"column":24},"end":{"line":23,"column":41}},"loc":{"start":{"line":23,"column":65},"end":{"line":618,"column":1}},"line":23},"1":{"name":"(anonymous_1)","decl":{"start":{"line":45,"column":12},"end":{"line":45,"column":13}},"loc":{"start":{"line":45,"column":18},"end":{"line":47,"column":3}},"line":45},"2":{"name":"(anonymous_2)","decl":{"start":{"line":49,"column":20},"end":{"line":49,"column":21}},"loc":{"start":{"line":49,"column":32},"end":{"line":56,"column":3}},"line":49},"3":{"name":"(anonymous_3)","decl":{"start":{"line":51,"column":36},"end":{"line":51,"column":37}},"loc":{"start":{"line":51,"column":41},"end":{"line":51,"column":57}},"line":51},"4":{"name":"(anonymous_4)","decl":{"start":{"line":58,"column":22},"end":{"line":58,"column":23}},"loc":{"start":{"line":58,"column":72},"end":{"line":94,"column":3}},"line":58},"5":{"name":"(anonymous_5)","decl":{"start":{"line":60,"column":39},"end":{"line":60,"column":40}},"loc":{"start":{"line":61,"column":6},"end":{"line":61,"column":41}},"line":61},"6":{"name":"(anonymous_6)","decl":{"start":{"line":68,"column":35},"end":{"line":68,"column":36}},"loc":{"start":{"line":68,"column":41},"end":{"line":81,"column":7}},"line":68},"7":{"name":"(anonymous_7)","decl":{"start":{"line":75,"column":23},"end":{"line":75,"column":24}},"loc":{"start":{"line":75,"column":29},"end":{"line":77,"column":15}},"line":75},"8":{"name":"(anonymous_8)","decl":{"start":{"line":85,"column":19},"end":{"line":85,"column":20}},"loc":{"start":{"line":85,"column":25},"end":{"line":88,"column":9}},"line":85},"9":{"name":"(anonymous_9)","decl":{"start":{"line":96,"column":20},"end":{"line":96,"column":21}},"loc":{"start":{"line":96,"column":32},"end":{"line":141,"column":3}},"line":96},"10":{"name":"(anonymous_10)","decl":{"start":{"line":143,"column":23},"end":{"line":143,"column":24}},"loc":{"start":{"line":143,"column":43},"end":{"line":168,"column":3}},"line":143},"11":{"name":"(anonymous_11)","decl":{"start":{"line":152,"column":19},"end":{"line":152,"column":20}},"loc":{"start":{"line":152,"column":31},"end":{"line":164,"column":11}},"line":152},"12":{"name":"(anonymous_12)","decl":{"start":{"line":156,"column":52},"end":{"line":156,"column":53}},"loc":{"start":{"line":156,"column":57},"end":{"line":156,"column":68}},"line":156},"13":{"name":"(anonymous_13)","decl":{"start":{"line":158,"column":52},"end":{"line":158,"column":53}},"loc":{"start":{"line":158,"column":57},"end":{"line":158,"column":68}},"line":158},"14":{"name":"(anonymous_14)","decl":{"start":{"line":170,"column":20},"end":{"line":170,"column":21}},"loc":{"start":{"line":170,"column":30},"end":{"line":177,"column":3}},"line":170},"15":{"name":"(anonymous_15)","decl":{"start":{"line":179,"column":28},"end":{"line":179,"column":29}},"loc":{"start":{"line":179,"column":40},"end":{"line":182,"column":3}},"line":179},"16":{"name":"(anonymous_16)","decl":{"start":{"line":184,"column":30},"end":{"line":184,"column":31}},"loc":{"start":{"line":184,"column":36},"end":{"line":187,"column":3}},"line":184},"17":{"name":"(anonymous_17)","decl":{"start":{"line":189,"column":26},"end":{"line":189,"column":27}},"loc":{"start":{"line":189,"column":38},"end":{"line":201,"column":3}},"line":189},"18":{"name":"(anonymous_18)","decl":{"start":{"line":203,"column":21},"end":{"line":203,"column":22}},"loc":{"start":{"line":203,"column":27},"end":{"line":212,"column":3}},"line":203},"19":{"name":"(anonymous_19)","decl":{"start":{"line":214,"column":30},"end":{"line":214,"column":31}},"loc":{"start":{"line":214,"column":53},"end":{"line":283,"column":3}},"line":214},"20":{"name":"(anonymous_20)","decl":{"start":{"line":243,"column":13},"end":{"line":243,"column":14}},"loc":{"start":{"line":243,"column":19},"end":{"line":246,"column":5}},"line":243},"21":{"name":"(anonymous_21)","decl":{"start":{"line":245,"column":17},"end":{"line":245,"column":18}},"loc":{"start":{"line":245,"column":23},"end":{"line":245,"column":35}},"line":245},"22":{"name":"(anonymous_22)","decl":{"start":{"line":267,"column":15},"end":{"line":267,"column":16}},"loc":{"start":{"line":267,"column":21},"end":{"line":282,"column":5}},"line":267},"23":{"name":"(anonymous_23)","decl":{"start":{"line":296,"column":24},"end":{"line":296,"column":25}},"loc":{"start":{"line":296,"column":44},"end":{"line":302,"column":3}},"line":296},"24":{"name":"(anonymous_24)","decl":{"start":{"line":351,"column":30},"end":{"line":351,"column":31}},"loc":{"start":{"line":351,"column":44},"end":{"line":372,"column":13}},"line":351},"25":{"name":"(anonymous_25)","decl":{"start":{"line":412,"column":23},"end":{"line":412,"column":24}},"loc":{"start":{"line":412,"column":29},"end":{"line":412,"column":45}},"line":412},"26":{"name":"(anonymous_26)","decl":{"start":{"line":424,"column":27},"end":{"line":424,"column":28}},"loc":{"start":{"line":425,"column":14},"end":{"line":435,"column":33}},"line":425},"27":{"name":"(anonymous_27)","decl":{"start":{"line":428,"column":25},"end":{"line":428,"column":26}},"loc":{"start":{"line":428,"column":31},"end":{"line":428,"column":53}},"line":428},"28":{"name":"(anonymous_28)","decl":{"start":{"line":429,"column":29},"end":{"line":429,"column":30}},"loc":{"start":{"line":429,"column":35},"end":{"line":429,"column":62}},"line":429},"29":{"name":"(anonymous_29)","decl":{"start":{"line":446,"column":23},"end":{"line":446,"column":24}},"loc":{"start":{"line":446,"column":29},"end":{"line":446,"column":45}},"line":446},"30":{"name":"(anonymous_30)","decl":{"start":{"line":458,"column":27},"end":{"line":458,"column":28}},"loc":{"start":{"line":459,"column":14},"end":{"line":469,"column":33}},"line":459},"31":{"name":"(anonymous_31)","decl":{"start":{"line":462,"column":25},"end":{"line":462,"column":26}},"loc":{"start":{"line":462,"column":31},"end":{"line":462,"column":53}},"line":462},"32":{"name":"(anonymous_32)","decl":{"start":{"line":463,"column":29},"end":{"line":463,"column":30}},"loc":{"start":{"line":463,"column":35},"end":{"line":463,"column":62}},"line":463},"33":{"name":"(anonymous_33)","decl":{"start":{"line":479,"column":24},"end":{"line":479,"column":25}},"loc":{"start":{"line":479,"column":30},"end":{"line":479,"column":52}},"line":479},"34":{"name":"(anonymous_34)","decl":{"start":{"line":515,"column":25},"end":{"line":515,"column":26}},"loc":{"start":{"line":515,"column":31},"end":{"line":519,"column":17}},"line":515},"35":{"name":"(anonymous_35)","decl":{"start":{"line":543,"column":24},"end":{"line":543,"column":25}},"loc":{"start":{"line":543,"column":30},"end":{"line":543,"column":58}},"line":543},"36":{"name":"(anonymous_36)","decl":{"start":{"line":566,"column":23},"end":{"line":566,"column":24}},"loc":{"start":{"line":566,"column":29},"end":{"line":566,"column":57}},"line":566},"37":{"name":"(anonymous_37)","decl":{"start":{"line":579,"column":24},"end":{"line":579,"column":25}},"loc":{"start":{"line":579,"column":30},"end":{"line":579,"column":67}},"line":579},"38":{"name":"(anonymous_38)","decl":{"start":{"line":599,"column":25},"end":{"line":599,"column":26}},"loc":{"start":{"line":599,"column":31},"end":{"line":601,"column":17}},"line":599}},"branchMap":{"0":{"loc":{"start":{"line":52,"column":4},"end":{"line":55,"column":5}},"type":"if","locations":[{"start":{"line":52,"column":4},"end":{"line":55,"column":5}},{"start":{},"end":{}}],"line":52},"1":{"loc":{"start":{"line":58,"column":43},"end":{"line":58,"column":67}},"type":"default-arg","locations":[{"start":{"line":58,"column":62},"end":{"line":58,"column":67}}],"line":58},"2":{"loc":{"start":{"line":61,"column":6},"end":{"line":61,"column":41}},"type":"cond-expr","locations":[{"start":{"line":61,"column":25},"end":{"line":61,"column":37}},{"start":{"line":61,"column":40},"end":{"line":61,"column":41}}],"line":61},"3":{"loc":{"start":{"line":67,"column":4},"end":{"line":93,"column":5}},"type":"if","locations":[{"start":{"line":67,"column":4},"end":{"line":93,"column":5}},{"start":{},"end":{}}],"line":67},"4":{"loc":{"start":{"line":83,"column":6},"end":{"line":92,"column":7}},"type":"if","locations":[{"start":{"line":83,"column":6},"end":{"line":92,"column":7}},{"start":{"line":89,"column":13},"end":{"line":92,"column":7}}],"line":83},"5":{"loc":{"start":{"line":100,"column":4},"end":{"line":103,"column":5}},"type":"if","locations":[{"start":{"line":100,"column":4},"end":{"line":103,"column":5}},{"start":{},"end":{}}],"line":100},"6":{"loc":{"start":{"line":115,"column":6},"end":{"line":133,"column":7}},"type":"if","locations":[{"start":{"line":115,"column":6},"end":{"line":133,"column":7}},{"start":{"line":118,"column":13},"end":{"line":133,"column":7}}],"line":115},"7":{"loc":{"start":{"line":125,"column":8},"end":{"line":127,"column":9}},"type":"if","locations":[{"start":{"line":125,"column":8},"end":{"line":127,"column":9}},{"start":{},"end":{}}],"line":125},"8":{"loc":{"start":{"line":155,"column":12},"end":{"line":161,"column":13}},"type":"if","locations":[{"start":{"line":155,"column":12},"end":{"line":161,"column":13}},{"start":{"line":157,"column":19},"end":{"line":161,"column":13}}],"line":155},"9":{"loc":{"start":{"line":171,"column":4},"end":{"line":174,"column":5}},"type":"if","locations":[{"start":{"line":171,"column":4},"end":{"line":174,"column":5}},{"start":{},"end":{}}],"line":171},"10":{"loc":{"start":{"line":185,"column":25},"end":{"line":185,"column":48}},"type":"binary-expr","locations":[{"start":{"line":185,"column":25},"end":{"line":185,"column":42}},{"start":{"line":185,"column":46},"end":{"line":185,"column":48}}],"line":185},"11":{"loc":{"start":{"line":285,"column":2},"end":{"line":291,"column":3}},"type":"if","locations":[{"start":{"line":285,"column":2},"end":{"line":291,"column":3}},{"start":{},"end":{}}],"line":285},"12":{"loc":{"start":{"line":294,"column":22},"end":{"line":294,"column":66}},"type":"binary-expr","locations":[{"start":{"line":294,"column":22},"end":{"line":294,"column":41}},{"start":{"line":294,"column":45},"end":{"line":294,"column":66}}],"line":294},"13":{"loc":{"start":{"line":297,"column":4},"end":{"line":297,"column":44}},"type":"if","locations":[{"start":{"line":297,"column":4},"end":{"line":297,"column":44}},{"start":{},"end":{}}],"line":297},"14":{"loc":{"start":{"line":298,"column":4},"end":{"line":298,"column":46}},"type":"if","locations":[{"start":{"line":298,"column":4},"end":{"line":298,"column":46}},{"start":{},"end":{}}],"line":298},"15":{"loc":{"start":{"line":299,"column":4},"end":{"line":299,"column":46}},"type":"if","locations":[{"start":{"line":299,"column":4},"end":{"line":299,"column":46}},{"start":{},"end":{}}],"line":299},"16":{"loc":{"start":{"line":300,"column":4},"end":{"line":300,"column":46}},"type":"if","locations":[{"start":{"line":300,"column":4},"end":{"line":300,"column":46}},{"start":{},"end":{}}],"line":300},"17":{"loc":{"start":{"line":321,"column":7},"end":{"line":341,"column":7}},"type":"binary-expr","locations":[{"start":{"line":321,"column":7},"end":{"line":321,"column":17}},{"start":{"line":322,"column":8},"end":{"line":340,"column":15}}],"line":321},"18":{"loc":{"start":{"line":343,"column":35},"end":{"line":343,"column":72}},"type":"binary-expr","locations":[{"start":{"line":343,"column":35},"end":{"line":343,"column":46}},{"start":{"line":343,"column":50},"end":{"line":343,"column":72}}],"line":343},"19":{"loc":{"start":{"line":345,"column":11},"end":{"line":345,"column":154}},"type":"cond-expr","locations":[{"start":{"line":345,"column":25},"end":{"line":345,"column":42}},{"start":{"line":345,"column":45},"end":{"line":345,"column":154}}],"line":345},"20":{"loc":{"start":{"line":345,"column":45},"end":{"line":345,"column":154}},"type":"cond-expr","locations":[{"start":{"line":345,"column":68},"end":{"line":345,"column":84}},{"start":{"line":345,"column":87},"end":{"line":345,"column":154}}],"line":345},"21":{"loc":{"start":{"line":345,"column":103},"end":{"line":345,"column":152}},"type":"cond-expr","locations":[{"start":{"line":345,"column":119},"end":{"line":345,"column":135}},{"start":{"line":345,"column":138},"end":{"line":345,"column":152}}],"line":345},"22":{"loc":{"start":{"line":348,"column":11},"end":{"line":373,"column":11}},"type":"cond-expr","locations":[{"start":{"line":349,"column":12},"end":{"line":349,"column":61}},{"start":{"line":351,"column":12},"end":{"line":372,"column":14}}],"line":348},"23":{"loc":{"start":{"line":355,"column":34},"end":{"line":355,"column":93}},"type":"cond-expr","locations":[{"start":{"line":355,"column":69},"end":{"line":355,"column":73}},{"start":{"line":355,"column":76},"end":{"line":355,"column":93}}],"line":355},"24":{"loc":{"start":{"line":355,"column":34},"end":{"line":355,"column":66}},"type":"binary-expr","locations":[{"start":{"line":355,"column":34},"end":{"line":355,"column":46}},{"start":{"line":355,"column":50},"end":{"line":355,"column":66}}],"line":355},"25":{"loc":{"start":{"line":361,"column":20},"end":{"line":366,"column":21}},"type":"binary-expr","locations":[{"start":{"line":361,"column":20},"end":{"line":361,"column":32}},{"start":{"line":361,"column":36},"end":{"line":361,"column":53}},{"start":{"line":361,"column":57},"end":{"line":366,"column":21}}],"line":361},"26":{"loc":{"start":{"line":369,"column":19},"end":{"line":369,"column":44}},"type":"cond-expr","locations":[{"start":{"line":369,"column":33},"end":{"line":369,"column":37}},{"start":{"line":369,"column":40},"end":{"line":369,"column":44}}],"line":369},"27":{"loc":{"start":{"line":379,"column":9},"end":{"line":404,"column":9}},"type":"cond-expr","locations":[{"start":{"line":380,"column":10},"end":{"line":390,"column":29}},{"start":{"line":392,"column":10},"end":{"line":403,"column":11}}],"line":379},"28":{"loc":{"start":{"line":387,"column":15},"end":{"line":387,"column":70}},"type":"binary-expr","locations":[{"start":{"line":387,"column":15},"end":{"line":387,"column":27}},{"start":{"line":387,"column":31},"end":{"line":387,"column":70}}],"line":387},"29":{"loc":{"start":{"line":392,"column":10},"end":{"line":403,"column":11}},"type":"binary-expr","locations":[{"start":{"line":392,"column":10},"end":{"line":392,"column":22}},{"start":{"line":393,"column":12},"end":{"line":402,"column":31}}],"line":392},"30":{"loc":{"start":{"line":419,"column":11},"end":{"line":437,"column":11}},"type":"cond-expr","locations":[{"start":{"line":420,"column":12},"end":{"line":422,"column":19}},{"start":{"line":424,"column":12},"end":{"line":436,"column":14}}],"line":419},"31":{"loc":{"start":{"line":431,"column":49},"end":{"line":431,"column":70}},"type":"binary-expr","locations":[{"start":{"line":431,"column":49},"end":{"line":431,"column":58}},{"start":{"line":431,"column":62},"end":{"line":431,"column":70}}],"line":431},"32":{"loc":{"start":{"line":453,"column":11},"end":{"line":471,"column":11}},"type":"cond-expr","locations":[{"start":{"line":454,"column":12},"end":{"line":456,"column":19}},{"start":{"line":458,"column":12},"end":{"line":470,"column":14}}],"line":453},"33":{"loc":{"start":{"line":465,"column":49},"end":{"line":465,"column":70}},"type":"binary-expr","locations":[{"start":{"line":465,"column":49},"end":{"line":465,"column":58}},{"start":{"line":465,"column":62},"end":{"line":465,"column":70}}],"line":465},"34":{"loc":{"start":{"line":484,"column":15},"end":{"line":484,"column":105}},"type":"cond-expr","locations":[{"start":{"line":484,"column":38},"end":{"line":484,"column":64}},{"start":{"line":484,"column":67},"end":{"line":484,"column":105}}],"line":484},"35":{"loc":{"start":{"line":506,"column":13},"end":{"line":510,"column":13}},"type":"binary-expr","locations":[{"start":{"line":506,"column":13},"end":{"line":506,"column":33}},{"start":{"line":507,"column":14},"end":{"line":509,"column":21}}],"line":506},"36":{"loc":{"start":{"line":508,"column":68},"end":{"line":508,"column":121}},"type":"cond-expr","locations":[{"start":{"line":508,"column":88},"end":{"line":508,"column":104}},{"start":{"line":508,"column":107},"end":{"line":508,"column":121}}],"line":508},"37":{"loc":{"start":{"line":527,"column":18},"end":{"line":527,"column":80}},"type":"cond-expr","locations":[{"start":{"line":527,"column":41},"end":{"line":527,"column":61}},{"start":{"line":527,"column":64},"end":{"line":527,"column":80}}],"line":527},"38":{"loc":{"start":{"line":548,"column":15},"end":{"line":548,"column":86}},"type":"binary-expr","locations":[{"start":{"line":548,"column":15},"end":{"line":548,"column":36}},{"start":{"line":548,"column":40},"end":{"line":548,"column":60}},{"start":{"line":548,"column":64},"end":{"line":548,"column":86}}],"line":548},"39":{"loc":{"start":{"line":551,"column":13},"end":{"line":553,"column":13}},"type":"binary-expr","locations":[{"start":{"line":551,"column":13},"end":{"line":551,"column":40}},{"start":{"line":552,"column":14},"end":{"line":552,"column":88}}],"line":551},"40":{"loc":{"start":{"line":556,"column":15},"end":{"line":561,"column":16}},"type":"binary-expr","locations":[{"start":{"line":556,"column":15},"end":{"line":556,"column":40}},{"start":{"line":556,"column":44},"end":{"line":561,"column":16}}],"line":556}},"s":{"0":0,"1":0,"2":0,"3":0,"4":0,"5":0,"6":0,"7":0,"8":0,"9":0,"10":0,"11":0,"12":0,"13":0,"14":0,"15":0,"16":0,"17":0,"18":0,"19":0,"20":0,"21":0,"22":0,"23":0,"24":0,"25":0,"26":0,"27":0,"28":0,"29":0,"30":0,"31":0,"32":0,"33":0,"34":0,"35":0,"36":0,"37":0,"38":0,"39":0,"40":0,"41":0,"42":0,"43":0,"44":0,"45":0,"46":0,"47":0,"48":0,"49":0,"50":0,"51":0,"52":0,"53":0,"54":0,"55":0,"56":0,"57":0,"58":0,"59":0,"60":0,"61":0,"62":0,"63":0,"64":0,"65":0,"66":0,"67":0,"68":0,"69":0,"70":0,"71":0,"72":0,"73":0,"74":0,"75":0,"76":0,"77":0,"78":0,"79":0,"80":0,"81":0,"82":0,"83":0,"84":0,"85":0,"86":0,"87":0,"88":0,"89":0,"90":0,"91":0,"92":0,"93":0,"94":0,"95":0,"96":0,"97":0,"98":0,"99":0,"100":0,"101":0,"102":0,"103":0,"104":0,"105":0,"106":0,"107":0,"108":0,"109":0,"110":0,"111":0,"112":0,"113":0,"114":0,"115":0,"116":0,"117":0,"118":0,"119":0,"120":0,"121":0,"122":0,"123":0,"124":0,"125":0,"126":0,"127":0,"128":0,"129":0,"130":0,"131":0,"132":0,"133":0,"134":0,"135":0,"136":0,"137":0,"138":0,"139":0,"140":0,"141":0,"142":0,"143":0,"144":0,"145":0,"146":0,"147":0,"148":0,"149":0,"150":0,"151":0,"152":0,"153":0,"154":0,"155":0,"156":0,"157":0,"158":0,"159":0,"160":0,"161":0,"162":0,"163":0,"164":0,"165":0,"166":0,"167":0},"f":{"0":0,"1":0,"2":0,"3":0,"4":0,"5":0,"6":0,"7":0,"8":0,"9":0,"10":0,"11":0,"12":0,"13":0,"14":0,"15":0,"16":0,"17":0,"18":0,"19":0,"20":0,"21":0,"22":0,"23":0,"24":0,"25":0,"26":0,"27":0,"28":0,"29":0,"30":0,"31":0,"32":0,"33":0,"34":0,"35":0,"36":0,"37":0,"38":0},"b":{"0":[0,0],"1":[0],"2":[0,0],"3":[0,0],"4":[0,0],"5":[0,0],"6":[0,0],"7":[0,0],"8":[0,0],"9":[0,0],"10":[0,0],"11":[0,0],"12":[0,0],"13":[0,0],"14":[0,0],"15":[0,0],"16":[0,0],"17":[0,0],"18":[0,0],"19":[0,0],"20":[0,0],"21":[0,0],"22":[0,0],"23":[0,0],"24":[0,0],"25":[0,0,0],"26":[0,0],"27":[0,0],"28":[0,0],"29":[0,0],"30":[0,0],"31":[0,0],"32":[0,0],"33":[0,0],"34":[0,0],"35":[0,0],"36":[0,0],"37":[0,0],"38":[0,0,0],"39":[0,0],"40":[0,0]}}
,"/home/torof/crush life/src/screens/CrushListScreen.js": {"path":"/home/torof/crush life/src/screens/CrushListScreen.js","statementMap":{"0":{"start":{"line":15,"column":32},"end":{"line":15,"column":44}},"1":{"start":{"line":16,"column":42},"end":{"line":16,"column":57}},"2":{"start":{"line":17,"column":42},"end":{"line":17,"column":54}},"3":{"start":{"line":18,"column":56},"end":{"line":18,"column":68}},"4":{"start":{"line":19,"column":58},"end":{"line":19,"column":73}},"5":{"start":{"line":21,"column":2},"end":{"line":23,"column":9}},"6":{"start":{"line":22,"column":4},"end":{"line":22,"column":15}},"7":{"start":{"line":25,"column":2},"end":{"line":30,"column":19}},"8":{"start":{"line":26,"column":24},"end":{"line":28,"column":6}},"9":{"start":{"line":27,"column":6},"end":{"line":27,"column":17}},"10":{"start":{"line":29,"column":4},"end":{"line":29,"column":23}},"11":{"start":{"line":32,"column":19},"end":{"line":35,"column":3}},"12":{"start":{"line":33,"column":17},"end":{"line":33,"column":36}},"13":{"start":{"line":34,"column":4},"end":{"line":34,"column":21}},"14":{"start":{"line":37,"column":19},"end":{"line":67,"column":3}},"15":{"start":{"line":38,"column":26},"end":{"line":38,"column":53}},"16":{"start":{"line":39,"column":33},"end":{"line":39,"column":67}},"17":{"start":{"line":41,"column":4},"end":{"line":44,"column":5}},"18":{"start":{"line":42,"column":6},"end":{"line":42,"column":61}},"19":{"start":{"line":43,"column":6},"end":{"line":43,"column":13}},"20":{"start":{"line":46,"column":4},"end":{"line":66,"column":5}},"21":{"start":{"line":47,"column":23},"end":{"line":55,"column":7}},"22":{"start":{"line":57,"column":29},"end":{"line":57,"column":51}},"23":{"start":{"line":58,"column":6},"end":{"line":58,"column":33}},"24":{"start":{"line":59,"column":6},"end":{"line":59,"column":40}},"25":{"start":{"line":61,"column":6},"end":{"line":61,"column":26}},"26":{"start":{"line":62,"column":6},"end":{"line":62,"column":33}},"27":{"start":{"line":63,"column":6},"end":{"line":63,"column":29}},"28":{"start":{"line":65,"column":6},"end":{"line":65,"column":69}},"29":{"start":{"line":69,"column":22},"end":{"line":86,"column":3}},"30":{"start":{"line":70,"column":4},"end":{"line":85,"column":6}},"31":{"start":{"line":79,"column":35},"end":{"line":79,"column":67}},"32":{"start":{"line":79,"column":55},"end":{"line":79,"column":66}},"33":{"start":{"line":80,"column":12},"end":{"line":80,"column":39}},"34":{"start":{"line":81,"column":12},"end":{"line":81,"column":46}},"35":{"start":{"line":88,"column":23},"end":{"line":104,"column":3}},"36":{"start":{"line":89,"column":4},"end":{"line":103,"column":6}},"37":{"start":{"line":98,"column":12},"end":{"line":98,"column":36}},"38":{"start":{"line":99,"column":12},"end":{"line":99,"column":27}},"39":{"start":{"line":106,"column":24},"end":{"line":112,"column":3}},"40":{"start":{"line":107,"column":4},"end":{"line":107,"column":39}},"41":{"start":{"line":107,"column":25},"end":{"line":107,"column":39}},"42":{"start":{"line":108,"column":4},"end":{"line":108,"column":41}},"43":{"start":{"line":108,"column":24},"end":{"line":108,"column":41}},"44":{"start":{"line":109,"column":4},"end":{"line":109,"column":41}},"45":{"start":{"line":109,"column":24},"end":{"line":109,"column":41}},"46":{"start":{"line":110,"column":4},"end":{"line":110,"column":41}},"47":{"start":{"line":110,"column":24},"end":{"line":110,"column":41}},"48":{"start":{"line":111,"column":4},"end":{"line":111,"column":21}},"49":{"start":{"line":115,"column":24},"end":{"line":115,"column":59}},"50":{"start":{"line":115,"column":44},"end":{"line":115,"column":58}},"51":{"start":{"line":116,"column":27},"end":{"line":116,"column":63}},"52":{"start":{"line":116,"column":47},"end":{"line":116,"column":62}},"53":{"start":{"line":118,"column":22},"end":{"line":144,"column":3}},"54":{"start":{"line":119,"column":22},"end":{"line":119,"column":39}},"55":{"start":{"line":121,"column":4},"end":{"line":143,"column":6}},"56":{"start":{"line":124,"column":23},"end":{"line":124,"column":79}},"57":{"start":{"line":125,"column":27},"end":{"line":125,"column":47}},"58":{"start":{"line":133,"column":14},"end":{"line":138,"column":21}},"59":{"start":{"line":146,"column":31},"end":{"line":161,"column":3}},"60":{"start":{"line":147,"column":4},"end":{"line":160,"column":6}},"61":{"start":{"line":151,"column":10},"end":{"line":151,"column":41}},"62":{"start":{"line":152,"column":10},"end":{"line":152,"column":67}},"63":{"start":{"line":163,"column":2},"end":{"line":297,"column":4}},"64":{"start":{"line":168,"column":30},"end":{"line":168,"column":37}},"65":{"start":{"line":182,"column":25},"end":{"line":182,"column":54}},"66":{"start":{"line":197,"column":25},"end":{"line":197,"column":46}},"67":{"start":{"line":216,"column":30},"end":{"line":216,"column":52}},"68":{"start":{"line":245,"column":18},"end":{"line":245,"column":38}},"69":{"start":{"line":246,"column":18},"end":{"line":246,"column":45}},"70":{"start":{"line":247,"column":18},"end":{"line":247,"column":41}},"71":{"start":{"line":269,"column":30},"end":{"line":269,"column":60}},"72":{"start":{"line":278,"column":36},"end":{"line":278,"column":43}},"73":{"start":{"line":289,"column":29},"end":{"line":289,"column":59}},"74":{"start":{"line":300,"column":15},"end":{"line":520,"column":2}}},"fnMap":{"0":{"name":"CrushListScreen","decl":{"start":{"line":14,"column":24},"end":{"line":14,"column":39}},"loc":{"start":{"line":14,"column":56},"end":{"line":298,"column":1}},"line":14},"1":{"name":"(anonymous_1)","decl":{"start":{"line":21,"column":12},"end":{"line":21,"column":13}},"loc":{"start":{"line":21,"column":18},"end":{"line":23,"column":3}},"line":21},"2":{"name":"(anonymous_2)","decl":{"start":{"line":25,"column":12},"end":{"line":25,"column":13}},"loc":{"start":{"line":25,"column":18},"end":{"line":30,"column":3}},"line":25},"3":{"name":"(anonymous_3)","decl":{"start":{"line":26,"column":56},"end":{"line":26,"column":57}},"loc":{"start":{"line":26,"column":62},"end":{"line":28,"column":5}},"line":26},"4":{"name":"(anonymous_4)","decl":{"start":{"line":32,"column":19},"end":{"line":32,"column":20}},"loc":{"start":{"line":32,"column":31},"end":{"line":35,"column":3}},"line":32},"5":{"name":"(anonymous_5)","decl":{"start":{"line":37,"column":19},"end":{"line":37,"column":20}},"loc":{"start":{"line":37,"column":31},"end":{"line":67,"column":3}},"line":37},"6":{"name":"(anonymous_6)","decl":{"start":{"line":69,"column":22},"end":{"line":69,"column":23}},"loc":{"start":{"line":69,"column":36},"end":{"line":86,"column":3}},"line":69},"7":{"name":"(anonymous_7)","decl":{"start":{"line":78,"column":19},"end":{"line":78,"column":20}},"loc":{"start":{"line":78,"column":31},"end":{"line":82,"column":11}},"line":78},"8":{"name":"(anonymous_8)","decl":{"start":{"line":79,"column":50},"end":{"line":79,"column":51}},"loc":{"start":{"line":79,"column":55},"end":{"line":79,"column":66}},"line":79},"9":{"name":"(anonymous_9)","decl":{"start":{"line":88,"column":23},"end":{"line":88,"column":24}},"loc":{"start":{"line":88,"column":29},"end":{"line":104,"column":3}},"line":88},"10":{"name":"(anonymous_10)","decl":{"start":{"line":97,"column":19},"end":{"line":97,"column":20}},"loc":{"start":{"line":97,"column":31},"end":{"line":100,"column":11}},"line":97},"11":{"name":"(anonymous_11)","decl":{"start":{"line":106,"column":24},"end":{"line":106,"column":25}},"loc":{"start":{"line":106,"column":39},"end":{"line":112,"column":3}},"line":106},"12":{"name":"(anonymous_12)","decl":{"start":{"line":115,"column":39},"end":{"line":115,"column":40}},"loc":{"start":{"line":115,"column":44},"end":{"line":115,"column":58}},"line":115},"13":{"name":"(anonymous_13)","decl":{"start":{"line":116,"column":42},"end":{"line":116,"column":43}},"loc":{"start":{"line":116,"column":47},"end":{"line":116,"column":62}},"line":116},"14":{"name":"(anonymous_14)","decl":{"start":{"line":118,"column":22},"end":{"line":118,"column":23}},"loc":{"start":{"line":118,"column":36},"end":{"line":144,"column":3}},"line":118},"15":{"name":"(anonymous_15)","decl":{"start":{"line":124,"column":17},"end":{"line":124,"column":18}},"loc":{"start":{"line":124,"column":23},"end":{"line":124,"column":79}},"line":124},"16":{"name":"(anonymous_16)","decl":{"start":{"line":125,"column":21},"end":{"line":125,"column":22}},"loc":{"start":{"line":125,"column":27},"end":{"line":125,"column":47}},"line":125},"17":{"name":"(anonymous_17)","decl":{"start":{"line":132,"column":31},"end":{"line":132,"column":32}},"loc":{"start":{"line":133,"column":14},"end":{"line":138,"column":21}},"line":133},"18":{"name":"(anonymous_18)","decl":{"start":{"line":146,"column":31},"end":{"line":146,"column":32}},"loc":{"start":{"line":146,"column":45},"end":{"line":161,"column":3}},"line":146},"19":{"name":"(anonymous_19)","decl":{"start":{"line":150,"column":17},"end":{"line":150,"column":18}},"loc":{"start":{"line":150,"column":23},"end":{"line":153,"column":9}},"line":150},"20":{"name":"(anonymous_20)","decl":{"start":{"line":168,"column":22},"end":{"line":168,"column":23}},"loc":{"start":{"line":168,"column":30},"end":{"line":168,"column":37}},"line":168},"21":{"name":"(anonymous_21)","decl":{"start":{"line":182,"column":19},"end":{"line":182,"column":20}},"loc":{"start":{"line":182,"column":25},"end":{"line":182,"column":54}},"line":182},"22":{"name":"(anonymous_22)","decl":{"start":{"line":197,"column":19},"end":{"line":197,"column":20}},"loc":{"start":{"line":197,"column":25},"end":{"line":197,"column":46}},"line":197},"23":{"name":"(anonymous_23)","decl":{"start":{"line":216,"column":24},"end":{"line":216,"column":25}},"loc":{"start":{"line":216,"column":30},"end":{"line":216,"column":52}},"line":216},"24":{"name":"(anonymous_24)","decl":{"start":{"line":244,"column":25},"end":{"line":244,"column":26}},"loc":{"start":{"line":244,"column":31},"end":{"line":248,"column":17}},"line":244},"25":{"name":"(anonymous_25)","decl":{"start":{"line":269,"column":24},"end":{"line":269,"column":25}},"loc":{"start":{"line":269,"column":30},"end":{"line":269,"column":60}},"line":269},"26":{"name":"(anonymous_26)","decl":{"start":{"line":278,"column":28},"end":{"line":278,"column":29}},"loc":{"start":{"line":278,"column":36},"end":{"line":278,"column":43}},"line":278},"27":{"name":"(anonymous_27)","decl":{"start":{"line":289,"column":23},"end":{"line":289,"column":24}},"loc":{"start":{"line":289,"column":29},"end":{"line":289,"column":59}},"line":289}},"branchMap":{"0":{"loc":{"start":{"line":41,"column":4},"end":{"line":44,"column":5}},"type":"if","locations":[{"start":{"line":41,"column":4},"end":{"line":44,"column":5}},{"start":{},"end":{}}],"line":41},"1":{"loc":{"start":{"line":107,"column":4},"end":{"line":107,"column":39}},"type":"if","locations":[{"start":{"line":107,"column":4},"end":{"line":107,"column":39}},{"start":{},"end":{}}],"line":107},"2":{"loc":{"start":{"line":108,"column":4},"end":{"line":108,"column":41}},"type":"if","locations":[{"start":{"line":108,"column":4},"end":{"line":108,"column":41}},{"start":{},"end":{}}],"line":108},"3":{"loc":{"start":{"line":109,"column":4},"end":{"line":109,"column":41}},"type":"if","locations":[{"start":{"line":109,"column":4},"end":{"line":109,"column":41}},{"start":{},"end":{}}],"line":109},"4":{"loc":{"start":{"line":110,"column":4},"end":{"line":110,"column":41}},"type":"if","locations":[{"start":{"line":110,"column":4},"end":{"line":110,"column":41}},{"start":{},"end":{}}],"line":110},"5":{"loc":{"start":{"line":137,"column":17},"end":{"line":137,"column":48}},"type":"cond-expr","locations":[{"start":{"line":137,"column":37},"end":{"line":137,"column":41}},{"start":{"line":137,"column":44},"end":{"line":137,"column":48}}],"line":137},"6":{"loc":{"start":{"line":186,"column":13},"end":{"line":190,"column":13}},"type":"binary-expr","locations":[{"start":{"line":186,"column":13},"end":{"line":186,"column":40}},{"start":{"line":187,"column":14},"end":{"line":189,"column":21}}],"line":186}},"s":{"0":58,"1":58,"2":58,"3":58,"4":58,"5":58,"6":17,"7":58,"8":17,"9":0,"10":17,"11":58,"12":17,"13":17,"14":58,"15":4,"16":4,"17":4,"18":0,"19":0,"20":4,"21":4,"22":4,"23":4,"24":4,"25":3,"26":3,"27":3,"28":1,"29":58,"30":0,"31":0,"32":0,"33":0,"34":0,"35":58,"36":2,"37":1,"38":1,"39":58,"40":0,"41":0,"42":0,"43":0,"44":0,"45":0,"46":0,"47":0,"48":0,"49":58,"50":14,"51":58,"52":14,"53":58,"54":12,"55":12,"56":1,"57":0,"58":60,"59":58,"60":1,"61":0,"62":0,"63":58,"64":20,"65":2,"66":9,"67":0,"68":0,"69":0,"70":0,"71":0,"72":2,"73":0,"74":1},"f":{"0":58,"1":17,"2":17,"3":0,"4":17,"5":4,"6":0,"7":0,"8":0,"9":2,"10":1,"11":0,"12":14,"13":14,"14":12,"15":1,"16":0,"17":60,"18":1,"19":0,"20":20,"21":2,"22":9,"23":0,"24":0,"25":0,"26":2,"27":0},"b":{"0":[0,4],"1":[0,0],"2":[0,0],"3":[0,0],"4":[0,0],"5":[54,6],"6":[58,2]},"_coverageSchema":"1a1c01bbd47fc00a2c39e90264f33305004495a9","hash":"419f960fa8cd0439b00a4e6ff029d4fc2562b950"}
,"/home/torof/crush life/src/utils/sanitize.js": {"path":"/home/torof/crush life/src/utils/sanitize.js","statementMap":{"0":{"start":{"line":12,"column":29},"end":{"line":26,"column":1}},"1":{"start":{"line":13,"column":2},"end":{"line":13,"column":43}},"2":{"start":{"line":13,"column":33},"end":{"line":13,"column":43}},"3":{"start":{"line":16,"column":18},"end":{"line":16,"column":109}},"4":{"start":{"line":19,"column":2},"end":{"line":19,"column":31}},"5":{"start":{"line":23,"column":2},"end":{"line":23,"column":41}},"6":{"start":{"line":25,"column":2},"end":{"line":25,"column":19}}},"fnMap":{"0":{"name":"(anonymous_0)","decl":{"start":{"line":12,"column":29},"end":{"line":12,"column":30}},"loc":{"start":{"line":12,"column":40},"end":{"line":26,"column":1}},"line":12}},"branchMap":{"0":{"loc":{"start":{"line":13,"column":2},"end":{"line":13,"column":43}},"type":"if","locations":[{"start":{"line":13,"column":2},"end":{"line":13,"column":43}},{"start":{},"end":{}}],"line":13}},"s":{"0":3,"1":48,"2":8,"3":40,"4":40,"5":40,"6":40},"f":{"0":48},"b":{"0":[8,40]},"_coverageSchema":"1a1c01bbd47fc00a2c39e90264f33305004495a9","hash":"62944aecb5a2894c316136b1300e5e97f3eb73d8"}
,"/home/torof/crush life/src/utils/storage.js": {"path":"/home/torof/crush life/src/utils/storage.js","statementMap":{"0":{"start":{"line":4,"column":20},"end":{"line":4,"column":30}},"1":{"start":{"line":5,"column":19},"end":{"line":5,"column":36}},"2":{"start":{"line":11,"column":21},"end":{"line":34,"column":1}},"3":{"start":{"line":12,"column":2},"end":{"line":12,"column":56}},"4":{"start":{"line":12,"column":43},"end":{"line":12,"column":56}},"5":{"start":{"line":13,"column":2},"end":{"line":13,"column":62}},"6":{"start":{"line":13,"column":49},"end":{"line":13,"column":62}},"7":{"start":{"line":14,"column":2},"end":{"line":14,"column":66}},"8":{"start":{"line":14,"column":53},"end":{"line":14,"column":66}},"9":{"start":{"line":15,"column":2},"end":{"line":15,"column":99}},"10":{"start":{"line":15,"column":86},"end":{"line":15,"column":99}},"11":{"start":{"line":16,"column":2},"end":{"line":16,"column":77}},"12":{"start":{"line":16,"column":64},"end":{"line":16,"column":77}},"13":{"start":{"line":17,"column":2},"end":{"line":17,"column":75}},"14":{"start":{"line":17,"column":62},"end":{"line":17,"column":75}},"15":{"start":{"line":20,"column":2},"end":{"line":20,"column":43}},"16":{"start":{"line":20,"column":30},"end":{"line":20,"column":43}},"17":{"start":{"line":21,"column":2},"end":{"line":21,"column":72}},"18":{"start":{"line":21,"column":59},"end":{"line":21,"column":72}},"19":{"start":{"line":24,"column":2},"end":{"line":27,"column":3}},"20":{"start":{"line":25,"column":4},"end":{"line":25,"column":70}},"21":{"start":{"line":25,"column":57},"end":{"line":25,"column":70}},"22":{"start":{"line":26,"column":4},"end":{"line":26,"column":70}},"23":{"start":{"line":26,"column":57},"end":{"line":26,"column":70}},"24":{"start":{"line":28,"column":2},"end":{"line":31,"column":3}},"25":{"start":{"line":29,"column":4},"end":{"line":29,"column":70}},"26":{"start":{"line":29,"column":57},"end":{"line":29,"column":70}},"27":{"start":{"line":30,"column":4},"end":{"line":30,"column":70}},"28":{"start":{"line":30,"column":57},"end":{"line":30,"column":70}},"29":{"start":{"line":33,"column":2},"end":{"line":33,"column":14}},"30":{"start":{"line":36,"column":27},"end":{"line":76,"column":1}},"31":{"start":{"line":37,"column":2},"end":{"line":75,"column":3}},"32":{"start":{"line":38,"column":17},"end":{"line":38,"column":56}},"33":{"start":{"line":40,"column":4},"end":{"line":40,"column":25}},"34":{"start":{"line":40,"column":15},"end":{"line":40,"column":25}},"35":{"start":{"line":43,"column":4},"end":{"line":54,"column":5}},"36":{"start":{"line":44,"column":6},"end":{"line":44,"column":33}},"37":{"start":{"line":46,"column":6},"end":{"line":46,"column":78}},"38":{"start":{"line":48,"column":25},"end":{"line":48,"column":63}},"39":{"start":{"line":49,"column":6},"end":{"line":53,"column":7}},"40":{"start":{"line":50,"column":8},"end":{"line":50,"column":41}},"41":{"start":{"line":52,"column":8},"end":{"line":52,"column":18}},"42":{"start":{"line":57,"column":4},"end":{"line":60,"column":5}},"43":{"start":{"line":58,"column":6},"end":{"line":58,"column":46}},"44":{"start":{"line":59,"column":6},"end":{"line":59,"column":16}},"45":{"start":{"line":63,"column":25},"end":{"line":63,"column":53}},"46":{"start":{"line":66,"column":4},"end":{"line":69,"column":5}},"47":{"start":{"line":67,"column":6},"end":{"line":67,"column":88}},"48":{"start":{"line":68,"column":6},"end":{"line":68,"column":38}},"49":{"start":{"line":71,"column":4},"end":{"line":71,"column":24}},"50":{"start":{"line":73,"column":4},"end":{"line":73,"column":51}},"51":{"start":{"line":74,"column":4},"end":{"line":74,"column":14}},"52":{"start":{"line":78,"column":27},"end":{"line":112,"column":1}},"53":{"start":{"line":79,"column":2},"end":{"line":111,"column":3}},"54":{"start":{"line":81,"column":4},"end":{"line":83,"column":5}},"55":{"start":{"line":82,"column":6},"end":{"line":82,"column":64}},"56":{"start":{"line":86,"column":25},"end":{"line":86,"column":53}},"57":{"start":{"line":89,"column":4},"end":{"line":96,"column":5}},"58":{"start":{"line":90,"column":26},"end":{"line":90,"column":65}},"59":{"start":{"line":91,"column":6},"end":{"line":93,"column":7}},"60":{"start":{"line":92,"column":8},"end":{"line":92,"column":60}},"61":{"start":{"line":95,"column":6},"end":{"line":95,"column":60}},"62":{"start":{"line":99,"column":23},"end":{"line":99,"column":51}},"63":{"start":{"line":102,"column":24},"end":{"line":102,"column":51}},"64":{"start":{"line":103,"column":4},"end":{"line":105,"column":5}},"65":{"start":{"line":104,"column":6},"end":{"line":104,"column":57}},"66":{"start":{"line":107,"column":4},"end":{"line":107,"column":56}},"67":{"start":{"line":109,"column":4},"end":{"line":109,"column":50}},"68":{"start":{"line":110,"column":4},"end":{"line":110,"column":16}},"69":{"start":{"line":114,"column":31},"end":{"line":127,"column":1}},"70":{"start":{"line":115,"column":2},"end":{"line":126,"column":3}},"71":{"start":{"line":117,"column":24},"end":{"line":117,"column":63}},"72":{"start":{"line":118,"column":4},"end":{"line":120,"column":5}},"73":{"start":{"line":119,"column":6},"end":{"line":119,"column":58}},"74":{"start":{"line":122,"column":4},"end":{"line":122,"column":47}},"75":{"start":{"line":124,"column":4},"end":{"line":124,"column":52}},"76":{"start":{"line":125,"column":4},"end":{"line":125,"column":16}}},"fnMap":{"0":{"name":"(anonymous_0)","decl":{"start":{"line":11,"column":21},"end":{"line":11,"column":22}},"loc":{"start":{"line":11,"column":32},"end":{"line":34,"column":1}},"line":11},"1":{"name":"(anonymous_1)","decl":{"start":{"line":36,"column":27},"end":{"line":36,"column":28}},"loc":{"start":{"line":36,"column":39},"end":{"line":76,"column":1}},"line":36},"2":{"name":"(anonymous_2)","decl":{"start":{"line":78,"column":27},"end":{"line":78,"column":28}},"loc":{"start":{"line":78,"column":46},"end":{"line":112,"column":1}},"line":78},"3":{"name":"(anonymous_3)","decl":{"start":{"line":114,"column":31},"end":{"line":114,"column":32}},"loc":{"start":{"line":114,"column":43},"end":{"line":127,"column":1}},"line":114}},"branchMap":{"0":{"loc":{"start":{"line":12,"column":2},"end":{"line":12,"column":56}},"type":"if","locations":[{"start":{"line":12,"column":2},"end":{"line":12,"column":56}},{"start":{},"end":{}}],"line":12},"1":{"loc":{"start":{"line":12,"column":6},"end":{"line":12,"column":41}},"type":"binary-expr","locations":[{"start":{"line":12,"column":6},"end":{"line":12,"column":12}},{"start":{"line":12,"column":16},"end":{"line":12,"column":41}}],"line":12},"2":{"loc":{"start":{"line":13,"column":2},"end":{"line":13,"column":62}},"type":"if","locations":[{"start":{"line":13,"column":2},"end":{"line":13,"column":62}},{"start":{},"end":{}}],"line":13},"3":{"loc":{"start":{"line":13,"column":6},"end":{"line":13,"column":47}},"type":"binary-expr","locations":[{"start":{"line":13,"column":6},"end":{"line":13,"column":15}},{"start":{"line":13,"column":19},"end":{"line":13,"column":47}}],"line":13},"4":{"loc":{"start":{"line":14,"column":2},"end":{"line":14,"column":66}},"type":"if","locations":[{"start":{"line":14,"column":2},"end":{"line":14,"column":66}},{"start":{},"end":{}}],"line":14},"5":{"loc":{"start":{"line":14,"column":6},"end":{"line":14,"column":51}},"type":"binary-expr","locations":[{"start":{"line":14,"column":6},"end":{"line":14,"column":17}},{"start":{"line":14,"column":21},"end":{"line":14,"column":51}}],"line":14},"6":{"loc":{"start":{"line":15,"column":2},"end":{"line":15,"column":99}},"type":"if","locations":[{"start":{"line":15,"column":2},"end":{"line":15,"column":99}},{"start":{},"end":{}}],"line":15},"7":{"loc":{"start":{"line":15,"column":6},"end":{"line":15,"column":84}},"type":"binary-expr","locations":[{"start":{"line":15,"column":6},"end":{"line":15,"column":40}},{"start":{"line":15,"column":44},"end":{"line":15,"column":62}},{"start":{"line":15,"column":66},"end":{"line":15,"column":84}}],"line":15},"8":{"loc":{"start":{"line":16,"column":2},"end":{"line":16,"column":77}},"type":"if","locations":[{"start":{"line":16,"column":2},"end":{"line":16,"column":77}},{"start":{},"end":{}}],"line":16},"9":{"loc":{"start":{"line":16,"column":6},"end":{"line":16,"column":62}},"type":"binary-expr","locations":[{"start":{"line":16,"column":6},"end":{"line":16,"column":32}},{"start":{"line":16,"column":36},"end":{"line":16,"column":62}}],"line":16},"10":{"loc":{"start":{"line":17,"column":2},"end":{"line":17,"column":75}},"type":"if","locations":[{"start":{"line":17,"column":2},"end":{"line":17,"column":75}},{"start":{},"end":{}}],"line":17},"11":{"loc":{"start":{"line":17,"column":6},"end":{"line":17,"column":60}},"type":"binary-expr","locations":[{"start":{"line":17,"column":6},"end":{"line":17,"column":22}},{"start":{"line":17,"column":26},"end":{"line":17,"column":60}}],"line":17},"12":{"loc":{"start":{"line":20,"column":2},"end":{"line":20,"column":43}},"type":"if","locations":[{"start":{"line":20,"column":2},"end":{"line":20,"column":43}},{"start":{},"end":{}}],"line":20},"13":{"loc":{"start":{"line":21,"column":2},"end":{"line":21,"column":72}},"type":"if","locations":[{"start":{"line":21,"column":2},"end":{"line":21,"column":72}},{"start":{},"end":{}}],"line":21},"14":{"loc":{"start":{"line":21,"column":6},"end":{"line":21,"column":57}},"type":"binary-expr","locations":[{"start":{"line":21,"column":6},"end":{"line":21,"column":23}},{"start":{"line":21,"column":27},"end":{"line":21,"column":57}}],"line":21},"15":{"loc":{"start":{"line":25,"column":4},"end":{"line":25,"column":70}},"type":"if","locations":[{"start":{"line":25,"column":4},"end":{"line":25,"column":70}},{"start":{},"end":{}}],"line":25},"16":{"loc":{"start":{"line":25,"column":8},"end":{"line":25,"column":55}},"type":"binary-expr","locations":[{"start":{"line":25,"column":8},"end":{"line":25,"column":15}},{"start":{"line":25,"column":19},"end":{"line":25,"column":29}},{"start":{"line":25,"column":33},"end":{"line":25,"column":55}}],"line":25},"17":{"loc":{"start":{"line":26,"column":4},"end":{"line":26,"column":70}},"type":"if","locations":[{"start":{"line":26,"column":4},"end":{"line":26,"column":70}},{"start":{},"end":{}}],"line":26},"18":{"loc":{"start":{"line":26,"column":8},"end":{"line":26,"column":55}},"type":"binary-expr","locations":[{"start":{"line":26,"column":8},"end":{"line":26,"column":23}},{"start":{"line":26,"column":27},"end":{"line":26,"column":55}}],"line":26},"19":{"loc":{"start":{"line":29,"column":4},"end":{"line":29,"column":70}},"type":"if","locations":[{"start":{"line":29,"column":4},"end":{"line":29,"column":70}},{"start":{},"end":{}}],"line":29},"20":{"loc":{"start":{"line":29,"column":8},"end":{"line":29,"column":55}},"type":"binary-expr","locations":[{"start":{"line":29,"column":8},"end":{"line":29,"column":15}},{"start":{"line":29,"column":19},"end":{"line":29,"column":29}},{"start":{"line":29,"column":33},"end":{"line":29,"column":55}}],"line":29},"21":{"loc":{"start":{"line":30,"column":4},"end":{"line":30,"column":70}},"type":"if","locations":[{"start":{"line":30,"column":4},"end":{"line":30,"column":70}},{"start":{},"end":{}}],"line":30},"22":{"loc":{"start":{"line":30,"column":8},"end":{"line":30,"column":55}},"type":"binary-expr","locations":[{"start":{"line":30,"column":8},"end":{"line":30,"column":23}},{"start":{"line":30,"column":27},"end":{"line":30,"column":55}}],"line":30},"23":{"loc":{"start":{"line":40,"column":4},"end":{"line":40,"column":25}},"type":"if","locations":[{"start":{"line":40,"column":4},"end":{"line":40,"column":25}},{"start":{},"end":{}}],"line":40},"24":{"loc":{"start":{"line":49,"column":6},"end":{"line":53,"column":7}},"type":"if","locations":[{"start":{"line":49,"column":6},"end":{"line":53,"column":7}},{"start":{"line":51,"column":13},"end":{"line":53,"column":7}}],"line":49},"25":{"loc":{"start":{"line":57,"column":4},"end":{"line":60,"column":5}},"type":"if","locations":[{"start":{"line":57,"column":4},"end":{"line":60,"column":5}},{"start":{},"end":{}}],"line":57},"26":{"loc":{"start":{"line":66,"column":4},"end":{"line":69,"column":5}},"type":"if","locations":[{"start":{"line":66,"column":4},"end":{"line":69,"column":5}},{"start":{},"end":{}}],"line":66},"27":{"loc":{"start":{"line":81,"column":4},"end":{"line":83,"column":5}},"type":"if","locations":[{"start":{"line":81,"column":4},"end":{"line":83,"column":5}},{"start":{},"end":{}}],"line":81},"28":{"loc":{"start":{"line":91,"column":6},"end":{"line":93,"column":7}},"type":"if","locations":[{"start":{"line":91,"column":6},"end":{"line":93,"column":7}},{"start":{},"end":{}}],"line":91},"29":{"loc":{"start":{"line":103,"column":4},"end":{"line":105,"column":5}},"type":"if","locations":[{"start":{"line":103,"column":4},"end":{"line":105,"column":5}},{"start":{},"end":{}}],"line":103},"30":{"loc":{"start":{"line":118,"column":4},"end":{"line":120,"column":5}},"type":"if","locations":[{"start":{"line":118,"column":4},"end":{"line":120,"column":5}},{"start":{},"end":{}}],"line":118}},"s":{"0":2,"1":2,"2":2,"3":1017,"4":0,"5":1017,"6":0,"7":1017,"8":1,"9":1016,"10":4,"11":1012,"12":1,"13":1011,"14":1,"15":1010,"16":1,"17":1009,"18":1,"19":1008,"20":1,"21":1,"22":0,"23":0,"24":1007,"25":0,"26":0,"27":0,"28":0,"29":1007,"30":2,"31":11,"32":11,"33":11,"34":1,"35":10,"36":10,"37":2,"38":2,"39":2,"40":2,"41":0,"42":9,"43":0,"44":0,"45":9,"46":9,"47":7,"48":7,"49":9,"50":1,"51":1,"52":2,"53":12,"54":12,"55":1,"56":11,"57":11,"58":11,"59":11,"60":8,"61":0,"62":11,"63":11,"64":11,"65":0,"66":11,"67":1,"68":1,"69":2,"70":2,"71":2,"72":1,"73":1,"74":1,"75":1,"76":1},"f":{"0":1017,"1":11,"2":12,"3":2},"b":{"0":[0,1017],"1":[1017,1017],"2":[0,1017],"3":[1017,1017],"4":[1,1016],"5":[1017,1016],"6":[4,1012],"7":[1016,1014,1013],"8":[1,1011],"9":[1012,1011],"10":[1,1010],"11":[1011,1011],"12":[1,1009],"13":[1,1008],"14":[1009,1002],"15":[1,0],"16":[1,1,1],"17":[0,0],"18":[0,0],"19":[0,0],"20":[0,0,0],"21":[0,0],"22":[0,0],"23":[1,10],"24":[2,0],"25":[0,9],"26":[7,2],"27":[1,11],"28":[8,3],"29":[0,11],"30":[1,0]},"_coverageSchema":"1a1c01bbd47fc00a2c39e90264f33305004495a9","hash":"98d44a9bdd80058709c484cb705a94116968a1be"}
}
