TN:
SF:src/screens/CrushDetailScreen.js
FN:23,CrushDetailScreen
FN:45,(anonymous_1)
FN:49,(anonymous_2)
FN:51,(anonymous_3)
FN:58,(anonymous_4)
FN:60,(anonymous_5)
FN:68,(anonymous_6)
FN:75,(anonymous_7)
FN:85,(anonymous_8)
FN:96,(anonymous_9)
FN:143,(anonymous_10)
FN:152,(anonymous_11)
FN:156,(anonymous_12)
FN:158,(anonymous_13)
FN:170,(anonymous_14)
FN:179,(anonymous_15)
FN:184,(anonymous_16)
FN:189,(anonymous_17)
FN:203,(anonymous_18)
FN:214,(anonymous_19)
FN:243,(anonymous_20)
FN:245,(anonymous_21)
FN:267,(anonymous_22)
FN:296,(anonymous_23)
FN:351,(anonymous_24)
FN:412,(anonymous_25)
FN:426,(anonymous_26)
FN:430,(anonymous_27)
FN:431,(anonymous_28)
FN:448,(anonymous_29)
FN:462,(anonymous_30)
FN:466,(anonymous_31)
FN:467,(anonymous_32)
FN:483,(anonymous_33)
FN:519,(anonymous_34)
FN:549,(anonymous_35)
FN:572,(anonymous_36)
FN:585,(anonymous_37)
FN:605,(anonymous_38)
FNF:39
FNH:28
FNDA:87,CrushDetailScreen
FNDA:22,(anonymous_1)
FNDA:22,(anonymous_2)
FNDA:21,(anonymous_3)
FNDA:10,(anonymous_4)
FNDA:10,(anonymous_5)
FNDA:1,(anonymous_6)
FNDA:1,(anonymous_7)
FNDA:1,(anonymous_8)
FNDA:7,(anonymous_9)
FNDA:2,(anonymous_10)
FNDA:1,(anonymous_11)
FNDA:0,(anonymous_12)
FNDA:1,(anonymous_13)
FNDA:9,(anonymous_14)
FNDA:0,(anonymous_15)
FNDA:4,(anonymous_16)
FNDA:2,(anonymous_17)
FNDA:4,(anonymous_18)
FNDA:4,(anonymous_19)
FNDA:4,(anonymous_20)
FNDA:4,(anonymous_21)
FNDA:4,(anonymous_22)
FNDA:0,(anonymous_23)
FNDA:310,(anonymous_24)
FNDA:6,(anonymous_25)
FNDA:10,(anonymous_26)
FNDA:0,(anonymous_27)
FNDA:1,(anonymous_28)
FNDA:3,(anonymous_29)
FNDA:5,(anonymous_30)
FNDA:0,(anonymous_31)
FNDA:1,(anonymous_32)
FNDA:0,(anonymous_33)
FNDA:0,(anonymous_34)
FNDA:0,(anonymous_35)
FNDA:0,(anonymous_36)
FNDA:0,(anonymous_37)
FNDA:0,(anonymous_38)
DA:18,1
DA:19,1
DA:20,1
DA:21,1
DA:24,87
DA:25,87
DA:26,87
DA:27,87
DA:28,87
DA:29,87
DA:30,87
DA:31,87
DA:32,87
DA:33,87
DA:34,87
DA:35,87
DA:36,87
DA:37,87
DA:40,87
DA:41,87
DA:42,87
DA:43,87
DA:45,87
DA:46,22
DA:49,87
DA:50,22
DA:51,22
DA:52,22
DA:53,21
DA:54,21
DA:58,87
DA:59,10
DA:60,10
DA:61,10
DA:63,10
DA:64,9
DA:67,9
DA:68,1
DA:69,1
DA:76,1
DA:83,1
DA:85,1
DA:86,1
DA:87,1
DA:90,0
DA:91,0
DA:96,87
DA:97,7
DA:98,7
DA:100,7
DA:101,0
DA:102,0
DA:105,7
DA:106,7
DA:113,7
DA:115,7
DA:116,3
DA:117,3
DA:119,4
DA:120,4
DA:121,4
DA:124,4
DA:125,4
DA:126,1
DA:130,4
DA:132,4
DA:135,6
DA:136,6
DA:137,6
DA:139,1
DA:143,87
DA:144,2
DA:153,1
DA:155,1
DA:156,0
DA:158,1
DA:160,1
DA:163,1
DA:170,87
DA:171,9
DA:172,0
DA:173,0
DA:175,9
DA:176,9
DA:179,87
DA:180,0
DA:181,0
DA:184,87
DA:185,4
DA:186,4
DA:189,87
DA:190,2
DA:191,2
DA:192,2
DA:196,2
DA:197,2
DA:199,0
DA:203,87
DA:204,4
DA:205,4
DA:206,4
DA:207,4
DA:208,4
DA:209,4
DA:210,4
DA:211,4
DA:214,87
DA:216,4
DA:217,4
DA:218,4
DA:220,4
DA:221,4
DA:222,4
DA:223,4
DA:224,4
DA:228,4
DA:229,4
DA:230,4
DA:233,4
DA:234,4
DA:235,4
DA:238,4
DA:245,4
DA:249,4
DA:267,4
DA:269,4
DA:270,4
DA:285,87
DA:286,22
DA:293,65
DA:294,65
DA:296,65
DA:297,0
DA:298,0
DA:299,0
DA:300,0
DA:301,0
DA:305,65
DA:313,65
DA:318,65
DA:352,310
DA:355,310
DA:356,310
DA:412,6
DA:427,10
DA:430,0
DA:431,1
DA:448,3
DA:463,5
DA:466,0
DA:467,1
DA:483,0
DA:520,0
DA:521,0
DA:522,0
DA:549,0
DA:572,0
DA:585,0
DA:606,0
DA:626,1
LF:160
LH:135
BRDA:52,0,0,21
BRDA:52,0,1,1
BRDA:58,1,0,6
BRDA:61,2,0,10
BRDA:61,2,1,0
BRDA:67,3,0,1
BRDA:67,3,1,8
BRDA:83,4,0,1
BRDA:83,4,1,0
BRDA:100,5,0,0
BRDA:100,5,1,7
BRDA:115,6,0,3
BRDA:115,6,1,4
BRDA:125,7,0,1
BRDA:125,7,1,3
BRDA:155,8,0,0
BRDA:155,8,1,1
BRDA:171,9,0,0
BRDA:171,9,1,9
BRDA:185,10,0,4
BRDA:185,10,1,0
BRDA:285,11,0,22
BRDA:285,11,1,65
BRDA:294,12,0,65
BRDA:294,12,1,5
BRDA:297,13,0,0
BRDA:297,13,1,0
BRDA:298,14,0,0
BRDA:298,14,1,0
BRDA:299,15,0,0
BRDA:299,15,1,0
BRDA:300,16,0,0
BRDA:300,16,1,0
BRDA:321,17,0,65
BRDA:321,17,1,7
BRDA:343,18,0,65
BRDA:343,18,1,3
BRDA:345,19,0,3
BRDA:345,19,1,62
BRDA:345,20,0,3
BRDA:345,20,1,59
BRDA:345,21,0,56
BRDA:345,21,1,3
BRDA:348,22,0,3
BRDA:348,22,1,62
BRDA:355,23,0,7
BRDA:355,23,1,303
BRDA:355,24,0,310
BRDA:355,24,1,7
BRDA:361,25,0,310
BRDA:361,25,1,7
BRDA:361,25,2,0
BRDA:369,26,0,276
BRDA:369,26,1,34
BRDA:379,27,0,60
BRDA:379,27,1,5
BRDA:387,28,0,60
BRDA:387,28,1,57
BRDA:392,29,0,5
BRDA:392,29,1,5
BRDA:421,30,0,55
BRDA:421,30,1,10
BRDA:433,31,0,10
BRDA:433,31,1,9
BRDA:457,32,0,60
BRDA:457,32,1,5
BRDA:469,33,0,5
BRDA:469,33,1,4
BRDA:488,34,0,11
BRDA:488,34,1,54
BRDA:510,35,0,65
BRDA:510,35,1,22
BRDA:512,36,0,16
BRDA:512,36,1,6
BRDA:531,37,0,11
BRDA:531,37,1,54
BRDA:554,38,0,65
BRDA:554,38,1,65
BRDA:554,38,2,65
BRDA:557,39,0,65
BRDA:557,39,1,0
BRDA:562,40,0,65
BRDA:562,40,1,0
BRF:83
BRH:66
end_of_record
TN:
SF:src/screens/CrushListScreen.js
FN:14,CrushListScreen
FN:21,(anonymous_1)
FN:25,(anonymous_2)
FN:26,(anonymous_3)
FN:32,(anonymous_4)
FN:37,(anonymous_5)
FN:69,(anonymous_6)
FN:78,(anonymous_7)
FN:79,(anonymous_8)
FN:88,(anonymous_9)
FN:97,(anonymous_10)
FN:106,(anonymous_11)
FN:115,(anonymous_12)
FN:116,(anonymous_13)
FN:118,(anonymous_14)
FN:124,(anonymous_15)
FN:125,(anonymous_16)
FN:132,(anonymous_17)
FN:146,(anonymous_18)
FN:150,(anonymous_19)
FN:168,(anonymous_20)
FN:182,(anonymous_21)
FN:197,(anonymous_22)
FN:218,(anonymous_23)
FN:246,(anonymous_24)
FN:273,(anonymous_25)
FN:282,(anonymous_26)
FN:293,(anonymous_27)
FNF:28
FNH:17
FNDA:62,CrushListScreen
FNDA:17,(anonymous_1)
FNDA:17,(anonymous_2)
FNDA:0,(anonymous_3)
FNDA:17,(anonymous_4)
FNDA:6,(anonymous_5)
FNDA:0,(anonymous_6)
FNDA:0,(anonymous_7)
FNDA:0,(anonymous_8)
FNDA:2,(anonymous_9)
FNDA:1,(anonymous_10)
FNDA:0,(anonymous_11)
FNDA:18,(anonymous_12)
FNDA:18,(anonymous_13)
FNDA:16,(anonymous_14)
FNDA:1,(anonymous_15)
FNDA:0,(anonymous_16)
FNDA:80,(anonymous_17)
FNDA:1,(anonymous_18)
FNDA:0,(anonymous_19)
FNDA:26,(anonymous_20)
FNDA:2,(anonymous_21)
FNDA:9,(anonymous_22)
FNDA:0,(anonymous_23)
FNDA:0,(anonymous_24)
FNDA:0,(anonymous_25)
FNDA:2,(anonymous_26)
FNDA:0,(anonymous_27)
DA:15,62
DA:16,62
DA:17,62
DA:18,62
DA:19,62
DA:21,62
DA:22,17
DA:25,62
DA:26,17
DA:27,0
DA:29,17
DA:32,62
DA:33,17
DA:34,17
DA:37,62
DA:38,6
DA:39,6
DA:41,6
DA:42,0
DA:43,0
DA:46,6
DA:47,6
DA:57,6
DA:58,6
DA:59,6
DA:61,5
DA:62,5
DA:63,5
DA:65,1
DA:69,62
DA:70,0
DA:79,0
DA:80,0
DA:81,0
DA:88,62
DA:89,2
DA:98,1
DA:99,1
DA:106,62
DA:107,0
DA:108,0
DA:109,0
DA:110,0
DA:111,0
DA:115,62
DA:116,62
DA:118,62
DA:119,16
DA:121,16
DA:124,1
DA:125,0
DA:133,80
DA:146,62
DA:147,1
DA:151,0
DA:152,0
DA:163,62
DA:168,26
DA:182,2
DA:197,9
DA:218,0
DA:247,0
DA:248,0
DA:249,0
DA:273,0
DA:282,2
DA:293,0
DA:304,1
LF:68
LH:47
BRDA:41,0,0,0
BRDA:41,0,1,6
BRDA:107,1,0,0
BRDA:107,1,1,0
BRDA:108,2,0,0
BRDA:108,2,1,0
BRDA:109,3,0,0
BRDA:109,3,1,0
BRDA:110,4,0,0
BRDA:110,4,1,0
BRDA:137,5,0,74
BRDA:137,5,1,6
BRDA:186,6,0,62
BRDA:186,6,1,2
BRF:14
BRH:5
end_of_record
TN:
SF:src/utils/sanitize.js
FN:12,(anonymous_0)
FNF:1
FNH:1
FNDA:48,(anonymous_0)
DA:12,4
DA:13,48
DA:16,40
DA:19,40
DA:23,40
DA:25,40
LF:6
LH:6
BRDA:13,0,0,8
BRDA:13,0,1,40
BRF:2
BRH:2
end_of_record
TN:
SF:src/utils/storage.js
FN:11,(anonymous_0)
FN:36,(anonymous_1)
FN:78,(anonymous_2)
FN:115,(anonymous_3)
FNF:4
FNH:4
FNDA:5017,(anonymous_0)
FNDA:11,(anonymous_1)
FNDA:12,(anonymous_2)
FNDA:2,(anonymous_3)
DA:4,3
DA:5,3
DA:11,3
DA:12,5017
DA:13,5017
DA:14,5017
DA:15,5016
DA:16,5012
DA:17,5011
DA:20,5010
DA:21,5009
DA:24,5008
DA:25,1
DA:26,0
DA:28,5007
DA:29,0
DA:30,0
DA:33,5007
DA:36,3
DA:37,11
DA:38,11
DA:40,11
DA:43,10
DA:44,10
DA:46,2
DA:48,2
DA:49,2
DA:50,2
DA:52,0
DA:57,9
DA:58,0
DA:59,0
DA:63,9
DA:66,9
DA:67,7
DA:68,7
DA:71,9
DA:73,1
DA:74,1
DA:78,3
DA:79,12
DA:81,12
DA:82,1
DA:86,11
DA:89,11
DA:90,11
DA:91,11
DA:92,8
DA:95,0
DA:99,11
DA:103,11
DA:104,11
DA:105,1
DA:108,10
DA:110,2
DA:111,2
DA:115,3
DA:116,2
DA:118,2
DA:119,1
DA:120,1
DA:123,1
DA:125,1
DA:126,1
LF:64
LH:57
BRDA:12,0,0,0
BRDA:12,0,1,5017
BRDA:12,1,0,5017
BRDA:12,1,1,5017
BRDA:13,2,0,0
BRDA:13,2,1,5017
BRDA:13,3,0,5017
BRDA:13,3,1,5017
BRDA:14,4,0,1
BRDA:14,4,1,5016
BRDA:14,5,0,5017
BRDA:14,5,1,5016
BRDA:15,6,0,4
BRDA:15,6,1,5012
BRDA:15,7,0,5016
BRDA:15,7,1,5014
BRDA:15,7,2,5013
BRDA:16,8,0,1
BRDA:16,8,1,5011
BRDA:16,9,0,5012
BRDA:16,9,1,5011
BRDA:17,10,0,1
BRDA:17,10,1,5010
BRDA:17,11,0,5011
BRDA:17,11,1,5011
BRDA:20,12,0,1
BRDA:20,12,1,5009
BRDA:21,13,0,1
BRDA:21,13,1,5008
BRDA:21,14,0,5009
BRDA:21,14,1,5002
BRDA:25,15,0,1
BRDA:25,15,1,0
BRDA:25,16,0,1
BRDA:25,16,1,1
BRDA:25,16,2,1
BRDA:26,17,0,0
BRDA:26,17,1,0
BRDA:26,18,0,0
BRDA:26,18,1,0
BRDA:29,19,0,0
BRDA:29,19,1,0
BRDA:29,20,0,0
BRDA:29,20,1,0
BRDA:29,20,2,0
BRDA:30,21,0,0
BRDA:30,21,1,0
BRDA:30,22,0,0
BRDA:30,22,1,0
BRDA:40,23,0,1
BRDA:40,23,1,10
BRDA:49,24,0,2
BRDA:49,24,1,0
BRDA:57,25,0,0
BRDA:57,25,1,9
BRDA:66,26,0,7
BRDA:66,26,1,2
BRDA:81,27,0,1
BRDA:81,27,1,11
BRDA:91,28,0,8
BRDA:91,28,1,3
BRDA:104,29,0,1
BRDA:104,29,1,10
BRDA:119,30,0,1
BRDA:119,30,1,0
BRF:65
BRH:46
end_of_record
