TN:
SF:src/screens/CrushDetailScreen.js
FN:23,CrushDetailScreen
FN:45,(anonymous_1)
FN:49,(anonymous_2)
FN:51,(anonymous_3)
FN:58,(anonymous_4)
FN:60,(anonymous_5)
FN:68,(anonymous_6)
FN:75,(anonymous_7)
FN:85,(anonymous_8)
FN:96,(anonymous_9)
FN:143,(anonymous_10)
FN:152,(anonymous_11)
FN:156,(anonymous_12)
FN:158,(anonymous_13)
FN:170,(anonymous_14)
FN:179,(anonymous_15)
FN:184,(anonymous_16)
FN:189,(anonymous_17)
FN:203,(anonymous_18)
FN:214,(anonymous_19)
FN:243,(anonymous_20)
FN:245,(anonymous_21)
FN:267,(anonymous_22)
FN:296,(anonymous_23)
FN:351,(anonymous_24)
FN:412,(anonymous_25)
FN:424,(anonymous_26)
FN:428,(anonymous_27)
FN:429,(anonymous_28)
FN:446,(anonymous_29)
FN:458,(anonymous_30)
FN:462,(anonymous_31)
FN:463,(anonymous_32)
FN:479,(anonymous_33)
FN:515,(anonymous_34)
FN:543,(anonymous_35)
FN:566,(anonymous_36)
FN:579,(anonymous_37)
FN:599,(anonymous_38)
FNF:39
FNH:0
FNDA:0,CrushDetailScreen
FNDA:0,(anonymous_1)
FNDA:0,(anonymous_2)
FNDA:0,(anonymous_3)
FNDA:0,(anonymous_4)
FNDA:0,(anonymous_5)
FNDA:0,(anonymous_6)
FNDA:0,(anonymous_7)
FNDA:0,(anonymous_8)
FNDA:0,(anonymous_9)
FNDA:0,(anonymous_10)
FNDA:0,(anonymous_11)
FNDA:0,(anonymous_12)
FNDA:0,(anonymous_13)
FNDA:0,(anonymous_14)
FNDA:0,(anonymous_15)
FNDA:0,(anonymous_16)
FNDA:0,(anonymous_17)
FNDA:0,(anonymous_18)
FNDA:0,(anonymous_19)
FNDA:0,(anonymous_20)
FNDA:0,(anonymous_21)
FNDA:0,(anonymous_22)
FNDA:0,(anonymous_23)
FNDA:0,(anonymous_24)
FNDA:0,(anonymous_25)
FNDA:0,(anonymous_26)
FNDA:0,(anonymous_27)
FNDA:0,(anonymous_28)
FNDA:0,(anonymous_29)
FNDA:0,(anonymous_30)
FNDA:0,(anonymous_31)
FNDA:0,(anonymous_32)
FNDA:0,(anonymous_33)
FNDA:0,(anonymous_34)
FNDA:0,(anonymous_35)
FNDA:0,(anonymous_36)
FNDA:0,(anonymous_37)
FNDA:0,(anonymous_38)
DA:18,0
DA:19,0
DA:20,0
DA:21,0
DA:24,0
DA:25,0
DA:26,0
DA:27,0
DA:28,0
DA:29,0
DA:30,0
DA:31,0
DA:32,0
DA:33,0
DA:34,0
DA:35,0
DA:36,0
DA:37,0
DA:40,0
DA:41,0
DA:42,0
DA:43,0
DA:45,0
DA:46,0
DA:49,0
DA:50,0
DA:51,0
DA:52,0
DA:53,0
DA:54,0
DA:58,0
DA:59,0
DA:60,0
DA:61,0
DA:63,0
DA:64,0
DA:67,0
DA:68,0
DA:69,0
DA:76,0
DA:83,0
DA:85,0
DA:86,0
DA:87,0
DA:90,0
DA:91,0
DA:96,0
DA:97,0
DA:98,0
DA:100,0
DA:101,0
DA:102,0
DA:105,0
DA:106,0
DA:113,0
DA:115,0
DA:116,0
DA:117,0
DA:119,0
DA:120,0
DA:121,0
DA:124,0
DA:125,0
DA:126,0
DA:130,0
DA:132,0
DA:135,0
DA:136,0
DA:137,0
DA:139,0
DA:143,0
DA:144,0
DA:153,0
DA:155,0
DA:156,0
DA:158,0
DA:160,0
DA:163,0
DA:170,0
DA:171,0
DA:172,0
DA:173,0
DA:175,0
DA:176,0
DA:179,0
DA:180,0
DA:181,0
DA:184,0
DA:185,0
DA:186,0
DA:189,0
DA:190,0
DA:191,0
DA:192,0
DA:196,0
DA:197,0
DA:199,0
DA:203,0
DA:204,0
DA:205,0
DA:206,0
DA:207,0
DA:208,0
DA:209,0
DA:210,0
DA:211,0
DA:214,0
DA:216,0
DA:217,0
DA:218,0
DA:220,0
DA:221,0
DA:222,0
DA:223,0
DA:224,0
DA:228,0
DA:229,0
DA:230,0
DA:233,0
DA:234,0
DA:235,0
DA:238,0
DA:245,0
DA:249,0
DA:267,0
DA:269,0
DA:270,0
DA:285,0
DA:286,0
DA:293,0
DA:294,0
DA:296,0
DA:297,0
DA:298,0
DA:299,0
DA:300,0
DA:301,0
DA:305,0
DA:313,0
DA:318,0
DA:352,0
DA:355,0
DA:356,0
DA:412,0
DA:425,0
DA:428,0
DA:429,0
DA:446,0
DA:459,0
DA:462,0
DA:463,0
DA:479,0
DA:516,0
DA:517,0
DA:518,0
DA:543,0
DA:566,0
DA:579,0
DA:600,0
DA:620,0
LF:160
LH:0
BRDA:52,0,0,0
BRDA:52,0,1,0
BRDA:58,1,0,0
BRDA:61,2,0,0
BRDA:61,2,1,0
BRDA:67,3,0,0
BRDA:67,3,1,0
BRDA:83,4,0,0
BRDA:83,4,1,0
BRDA:100,5,0,0
BRDA:100,5,1,0
BRDA:115,6,0,0
BRDA:115,6,1,0
BRDA:125,7,0,0
BRDA:125,7,1,0
BRDA:155,8,0,0
BRDA:155,8,1,0
BRDA:171,9,0,0
BRDA:171,9,1,0
BRDA:185,10,0,0
BRDA:185,10,1,0
BRDA:285,11,0,0
BRDA:285,11,1,0
BRDA:294,12,0,0
BRDA:294,12,1,0
BRDA:297,13,0,0
BRDA:297,13,1,0
BRDA:298,14,0,0
BRDA:298,14,1,0
BRDA:299,15,0,0
BRDA:299,15,1,0
BRDA:300,16,0,0
BRDA:300,16,1,0
BRDA:321,17,0,0
BRDA:321,17,1,0
BRDA:343,18,0,0
BRDA:343,18,1,0
BRDA:345,19,0,0
BRDA:345,19,1,0
BRDA:345,20,0,0
BRDA:345,20,1,0
BRDA:345,21,0,0
BRDA:345,21,1,0
BRDA:348,22,0,0
BRDA:348,22,1,0
BRDA:355,23,0,0
BRDA:355,23,1,0
BRDA:355,24,0,0
BRDA:355,24,1,0
BRDA:361,25,0,0
BRDA:361,25,1,0
BRDA:361,25,2,0
BRDA:369,26,0,0
BRDA:369,26,1,0
BRDA:379,27,0,0
BRDA:379,27,1,0
BRDA:387,28,0,0
BRDA:387,28,1,0
BRDA:392,29,0,0
BRDA:392,29,1,0
BRDA:419,30,0,0
BRDA:419,30,1,0
BRDA:431,31,0,0
BRDA:431,31,1,0
BRDA:453,32,0,0
BRDA:453,32,1,0
BRDA:465,33,0,0
BRDA:465,33,1,0
BRDA:484,34,0,0
BRDA:484,34,1,0
BRDA:506,35,0,0
BRDA:506,35,1,0
BRDA:508,36,0,0
BRDA:508,36,1,0
BRDA:527,37,0,0
BRDA:527,37,1,0
BRDA:548,38,0,0
BRDA:548,38,1,0
BRDA:548,38,2,0
BRDA:551,39,0,0
BRDA:551,39,1,0
BRDA:556,40,0,0
BRDA:556,40,1,0
BRF:83
BRH:0
end_of_record
TN:
SF:src/screens/CrushListScreen.js
FN:14,CrushListScreen
FN:21,(anonymous_1)
FN:25,(anonymous_2)
FN:26,(anonymous_3)
FN:32,(anonymous_4)
FN:37,(anonymous_5)
FN:69,(anonymous_6)
FN:78,(anonymous_7)
FN:79,(anonymous_8)
FN:88,(anonymous_9)
FN:97,(anonymous_10)
FN:106,(anonymous_11)
FN:115,(anonymous_12)
FN:116,(anonymous_13)
FN:118,(anonymous_14)
FN:124,(anonymous_15)
FN:125,(anonymous_16)
FN:132,(anonymous_17)
FN:146,(anonymous_18)
FN:150,(anonymous_19)
FN:168,(anonymous_20)
FN:182,(anonymous_21)
FN:197,(anonymous_22)
FN:216,(anonymous_23)
FN:244,(anonymous_24)
FN:269,(anonymous_25)
FN:278,(anonymous_26)
FN:289,(anonymous_27)
FNF:28
FNH:0
FNDA:0,CrushListScreen
FNDA:0,(anonymous_1)
FNDA:0,(anonymous_2)
FNDA:0,(anonymous_3)
FNDA:0,(anonymous_4)
FNDA:0,(anonymous_5)
FNDA:0,(anonymous_6)
FNDA:0,(anonymous_7)
FNDA:0,(anonymous_8)
FNDA:0,(anonymous_9)
FNDA:0,(anonymous_10)
FNDA:0,(anonymous_11)
FNDA:0,(anonymous_12)
FNDA:0,(anonymous_13)
FNDA:0,(anonymous_14)
FNDA:0,(anonymous_15)
FNDA:0,(anonymous_16)
FNDA:0,(anonymous_17)
FNDA:0,(anonymous_18)
FNDA:0,(anonymous_19)
FNDA:0,(anonymous_20)
FNDA:0,(anonymous_21)
FNDA:0,(anonymous_22)
FNDA:0,(anonymous_23)
FNDA:0,(anonymous_24)
FNDA:0,(anonymous_25)
FNDA:0,(anonymous_26)
FNDA:0,(anonymous_27)
DA:15,0
DA:16,0
DA:17,0
DA:18,0
DA:19,0
DA:21,0
DA:22,0
DA:25,0
DA:26,0
DA:27,0
DA:29,0
DA:32,0
DA:33,0
DA:34,0
DA:37,0
DA:38,0
DA:39,0
DA:41,0
DA:42,0
DA:43,0
DA:46,0
DA:47,0
DA:57,0
DA:58,0
DA:59,0
DA:61,0
DA:62,0
DA:63,0
DA:65,0
DA:69,0
DA:70,0
DA:79,0
DA:80,0
DA:81,0
DA:88,0
DA:89,0
DA:98,0
DA:99,0
DA:106,0
DA:107,0
DA:108,0
DA:109,0
DA:110,0
DA:111,0
DA:115,0
DA:116,0
DA:118,0
DA:119,0
DA:121,0
DA:124,0
DA:125,0
DA:133,0
DA:146,0
DA:147,0
DA:151,0
DA:152,0
DA:163,0
DA:168,0
DA:182,0
DA:197,0
DA:216,0
DA:245,0
DA:246,0
DA:247,0
DA:269,0
DA:278,0
DA:289,0
DA:300,0
LF:68
LH:0
BRDA:41,0,0,0
BRDA:41,0,1,0
BRDA:107,1,0,0
BRDA:107,1,1,0
BRDA:108,2,0,0
BRDA:108,2,1,0
BRDA:109,3,0,0
BRDA:109,3,1,0
BRDA:110,4,0,0
BRDA:110,4,1,0
BRDA:137,5,0,0
BRDA:137,5,1,0
BRDA:186,6,0,0
BRDA:186,6,1,0
BRF:14
BRH:0
end_of_record
TN:
SF:src/utils/storage.js
FN:7,(anonymous_0)
FN:33,(anonymous_1)
FN:49,(anonymous_2)
FN:91,(anonymous_3)
FN:127,(anonymous_4)
FNF:5
FNH:0
FNDA:0,(anonymous_0)
FNDA:0,(anonymous_1)
FNDA:0,(anonymous_2)
FNDA:0,(anonymous_3)
FNDA:0,(anonymous_4)
DA:3,0
DA:4,0
DA:7,0
DA:8,0
DA:9,0
DA:10,0
DA:11,0
DA:12,0
DA:13,0
DA:16,0
DA:17,0
DA:20,0
DA:21,0
DA:22,0
DA:24,0
DA:25,0
DA:26,0
DA:29,0
DA:33,0
DA:34,0
DA:37,0
DA:40,0
DA:44,0
DA:46,0
DA:49,0
DA:50,0
DA:51,0
DA:53,0
DA:56,0
DA:57,0
DA:59,0
DA:61,0
DA:62,0
DA:63,0
DA:65,0
DA:70,0
DA:71,0
DA:72,0
DA:76,0
DA:79,0
DA:80,0
DA:81,0
DA:84,0
DA:86,0
DA:87,0
DA:91,0
DA:92,0
DA:94,0
DA:95,0
DA:99,0
DA:102,0
DA:103,0
DA:104,0
DA:105,0
DA:108,0
DA:112,0
DA:115,0
DA:116,0
DA:117,0
DA:120,0
DA:122,0
DA:123,0
DA:127,0
DA:128,0
DA:130,0
DA:131,0
DA:132,0
DA:135,0
DA:137,0
DA:138,0
LF:70
LH:0
BRDA:8,0,0,0
BRDA:8,0,1,0
BRDA:8,1,0,0
BRDA:8,1,1,0
BRDA:9,2,0,0
BRDA:9,2,1,0
BRDA:9,3,0,0
BRDA:9,3,1,0
BRDA:10,4,0,0
BRDA:10,4,1,0
BRDA:10,5,0,0
BRDA:10,5,1,0
BRDA:11,6,0,0
BRDA:11,6,1,0
BRDA:11,7,0,0
BRDA:11,7,1,0
BRDA:11,7,2,0
BRDA:12,8,0,0
BRDA:12,8,1,0
BRDA:12,9,0,0
BRDA:12,9,1,0
BRDA:13,10,0,0
BRDA:13,10,1,0
BRDA:13,11,0,0
BRDA:13,11,1,0
BRDA:16,12,0,0
BRDA:16,12,1,0
BRDA:17,13,0,0
BRDA:17,13,1,0
BRDA:17,14,0,0
BRDA:17,14,1,0
BRDA:21,15,0,0
BRDA:21,15,1,0
BRDA:21,16,0,0
BRDA:21,16,1,0
BRDA:21,16,2,0
BRDA:22,17,0,0
BRDA:22,17,1,0
BRDA:22,18,0,0
BRDA:22,18,1,0
BRDA:25,19,0,0
BRDA:25,19,1,0
BRDA:25,20,0,0
BRDA:25,20,1,0
BRDA:25,20,2,0
BRDA:26,21,0,0
BRDA:26,21,1,0
BRDA:26,22,0,0
BRDA:26,22,1,0
BRDA:34,23,0,0
BRDA:34,23,1,0
BRDA:53,24,0,0
BRDA:53,24,1,0
BRDA:62,25,0,0
BRDA:62,25,1,0
BRDA:70,26,0,0
BRDA:70,26,1,0
BRDA:79,27,0,0
BRDA:79,27,1,0
BRDA:94,28,0,0
BRDA:94,28,1,0
BRDA:104,29,0,0
BRDA:104,29,1,0
BRDA:116,30,0,0
BRDA:116,30,1,0
BRDA:131,31,0,0
BRDA:131,31,1,0
BRF:67
BRH:0
end_of_record
